[ 10%] Built target ucb_interface__rosidl_generator_c
[ 12%] Built target ucb_interface__cpp
[ 23%] Built target ucb_interface__rosidl_typesupport_introspection_c
[ 23%] Built target ament_cmake_python_copy_ucb_interface
[ 33%] Built target ucb_interface__rosidl_typesupport_c
[ 43%] Built target ucb_interface__rosidl_typesupport_introspection_cpp
[ 53%] Built target ucb_interface__rosidl_typesupport_fastrtps_cpp
[ 64%] Built target ucb_interface__rosidl_typesupport_fastrtps_c
[ 74%] Built target ucb_interface__rosidl_typesupport_cpp
[ 74%] Built target ucb_interface
[ 76%] Built target ucb_interface__py
[ 84%] Built target ucb_interface__rosidl_generator_py
[ 89%] Built target ucb_interface__rosidl_typesupport_fastrtps_c__pyext
[ 94%] Built target ucb_interface__rosidl_typesupport_introspection_c__pyext
[100%] Built target ucb_interface__rosidl_typesupport_c__pyext
running egg_info
writing ucb_interface.egg-info/PKG-INFO
writing dependency_links to ucb_interface.egg-info/dependency_links.txt
writing top-level names to ucb_interface.egg-info/top_level.txt
reading manifest file 'ucb_interface.egg-info/SOURCES.txt'
writing manifest file 'ucb_interface.egg-info/SOURCES.txt'
[100%] Built target ament_cmake_python_build_ucb_interface_egg
-- Install configuration: ""
-- Up-to-date: /home/leyla/Desktop/nexus_ws/install/ucb_interface/share/ament_index/resource_index/rosidl_interfaces/ucb_interface
-- Up-to-date: /home/leyla/Desktop/nexus_ws/install/ucb_interface/include/ucb_interface/ucb_interface
-- Up-to-date: /home/leyla/Desktop/nexus_ws/install/ucb_interface/include/ucb_interface/ucb_interface/msg
-- Up-to-date: /home/leyla/Desktop/nexus_ws/install/ucb_interface/include/ucb_interface/ucb_interface/msg/rosidl_generator_c__visibility_control.h
-- Up-to-date: /home/leyla/Desktop/nexus_ws/install/ucb_interface/include/ucb_interface/ucb_interface/msg/detail
-- Up-to-date: /home/leyla/Desktop/nexus_ws/install/ucb_interface/include/ucb_interface/ucb_interface/msg/detail/actuador__functions.c
-- Up-to-date: /home/leyla/Desktop/nexus_ws/install/ucb_interface/include/ucb_interface/ucb_interface/msg/detail/motor__functions.c
-- Up-to-date: /home/leyla/Desktop/nexus_ws/install/ucb_interface/include/ucb_interface/ucb_interface/msg/detail/actuador__type_support.h
-- Up-to-date: /home/leyla/Desktop/nexus_ws/install/ucb_interface/include/ucb_interface/ucb_interface/msg/detail/actuador__struct.h
-- Up-to-date: /home/leyla/Desktop/nexus_ws/install/ucb_interface/include/ucb_interface/ucb_interface/msg/detail/actuador__functions.h
-- Up-to-date: /home/leyla/Desktop/nexus_ws/install/ucb_interface/include/ucb_interface/ucb_interface/msg/detail/motor__type_support.h
-- Up-to-date: /home/leyla/Desktop/nexus_ws/install/ucb_interface/include/ucb_interface/ucb_interface/msg/detail/motor__struct.h
-- Up-to-date: /home/leyla/Desktop/nexus_ws/install/ucb_interface/include/ucb_interface/ucb_interface/msg/detail/motor__functions.h
-- Up-to-date: /home/leyla/Desktop/nexus_ws/install/ucb_interface/include/ucb_interface/ucb_interface/msg/motor.h
-- Up-to-date: /home/leyla/Desktop/nexus_ws/install/ucb_interface/include/ucb_interface/ucb_interface/msg/actuador.h
-- Up-to-date: /home/leyla/Desktop/nexus_ws/install/ucb_interface/share/ucb_interface/environment/library_path.sh
-- Up-to-date: /home/leyla/Desktop/nexus_ws/install/ucb_interface/share/ucb_interface/environment/library_path.dsv
-- Up-to-date: /home/leyla/Desktop/nexus_ws/install/ucb_interface/lib/libucb_interface__rosidl_generator_c.so
-- Up-to-date: /home/leyla/Desktop/nexus_ws/install/ucb_interface/include/ucb_interface/ucb_interface
-- Up-to-date: /home/leyla/Desktop/nexus_ws/install/ucb_interface/include/ucb_interface/ucb_interface/msg
-- Up-to-date: /home/leyla/Desktop/nexus_ws/install/ucb_interface/include/ucb_interface/ucb_interface/msg/detail
-- Up-to-date: /home/leyla/Desktop/nexus_ws/install/ucb_interface/include/ucb_interface/ucb_interface/msg/detail/motor__rosidl_typesupport_fastrtps_c.h
-- Up-to-date: /home/leyla/Desktop/nexus_ws/install/ucb_interface/include/ucb_interface/ucb_interface/msg/detail/actuador__rosidl_typesupport_fastrtps_c.h
-- Up-to-date: /home/leyla/Desktop/nexus_ws/install/ucb_interface/include/ucb_interface/ucb_interface/msg/rosidl_typesupport_fastrtps_c__visibility_control.h
-- Up-to-date: /home/leyla/Desktop/nexus_ws/install/ucb_interface/lib/libucb_interface__rosidl_typesupport_fastrtps_c.so
-- Up-to-date: /home/leyla/Desktop/nexus_ws/install/ucb_interface/include/ucb_interface/ucb_interface
-- Up-to-date: /home/leyla/Desktop/nexus_ws/install/ucb_interface/include/ucb_interface/ucb_interface/msg
-- Up-to-date: /home/leyla/Desktop/nexus_ws/install/ucb_interface/include/ucb_interface/ucb_interface/msg/detail
-- Up-to-date: /home/leyla/Desktop/nexus_ws/install/ucb_interface/include/ucb_interface/ucb_interface/msg/detail/actuador__rosidl_typesupport_introspection_c.h
-- Up-to-date: /home/leyla/Desktop/nexus_ws/install/ucb_interface/include/ucb_interface/ucb_interface/msg/detail/actuador__type_support.c
-- Up-to-date: /home/leyla/Desktop/nexus_ws/install/ucb_interface/include/ucb_interface/ucb_interface/msg/detail/motor__type_support.c
-- Up-to-date: /home/leyla/Desktop/nexus_ws/install/ucb_interface/include/ucb_interface/ucb_interface/msg/detail/motor__rosidl_typesupport_introspection_c.h
-- Up-to-date: /home/leyla/Desktop/nexus_ws/install/ucb_interface/include/ucb_interface/ucb_interface/msg/rosidl_typesupport_introspection_c__visibility_control.h
-- Up-to-date: /home/leyla/Desktop/nexus_ws/install/ucb_interface/lib/libucb_interface__rosidl_typesupport_introspection_c.so
-- Up-to-date: /home/leyla/Desktop/nexus_ws/install/ucb_interface/lib/libucb_interface__rosidl_typesupport_c.so
-- Up-to-date: /home/leyla/Desktop/nexus_ws/install/ucb_interface/include/ucb_interface/ucb_interface
-- Up-to-date: /home/leyla/Desktop/nexus_ws/install/ucb_interface/include/ucb_interface/ucb_interface/msg
-- Up-to-date: /home/leyla/Desktop/nexus_ws/install/ucb_interface/include/ucb_interface/ucb_interface/msg/rosidl_generator_cpp__visibility_control.hpp
-- Up-to-date: /home/leyla/Desktop/nexus_ws/install/ucb_interface/include/ucb_interface/ucb_interface/msg/actuador.hpp
-- Up-to-date: /home/leyla/Desktop/nexus_ws/install/ucb_interface/include/ucb_interface/ucb_interface/msg/motor.hpp
-- Up-to-date: /home/leyla/Desktop/nexus_ws/install/ucb_interface/include/ucb_interface/ucb_interface/msg/detail
-- Up-to-date: /home/leyla/Desktop/nexus_ws/install/ucb_interface/include/ucb_interface/ucb_interface/msg/detail/motor__struct.hpp
-- Up-to-date: /home/leyla/Desktop/nexus_ws/install/ucb_interface/include/ucb_interface/ucb_interface/msg/detail/motor__type_support.hpp
-- Up-to-date: /home/leyla/Desktop/nexus_ws/install/ucb_interface/include/ucb_interface/ucb_interface/msg/detail/motor__traits.hpp
-- Up-to-date: /home/leyla/Desktop/nexus_ws/install/ucb_interface/include/ucb_interface/ucb_interface/msg/detail/actuador__struct.hpp
-- Up-to-date: /home/leyla/Desktop/nexus_ws/install/ucb_interface/include/ucb_interface/ucb_interface/msg/detail/actuador__type_support.hpp
-- Up-to-date: /home/leyla/Desktop/nexus_ws/install/ucb_interface/include/ucb_interface/ucb_interface/msg/detail/actuador__traits.hpp
-- Up-to-date: /home/leyla/Desktop/nexus_ws/install/ucb_interface/include/ucb_interface/ucb_interface/msg/detail/motor__builder.hpp
-- Up-to-date: /home/leyla/Desktop/nexus_ws/install/ucb_interface/include/ucb_interface/ucb_interface/msg/detail/actuador__builder.hpp
-- Up-to-date: /home/leyla/Desktop/nexus_ws/install/ucb_interface/include/ucb_interface/ucb_interface
-- Up-to-date: /home/leyla/Desktop/nexus_ws/install/ucb_interface/include/ucb_interface/ucb_interface/msg
-- Up-to-date: /home/leyla/Desktop/nexus_ws/install/ucb_interface/include/ucb_interface/ucb_interface/msg/rosidl_typesupport_fastrtps_cpp__visibility_control.h
-- Up-to-date: /home/leyla/Desktop/nexus_ws/install/ucb_interface/include/ucb_interface/ucb_interface/msg/detail
-- Up-to-date: /home/leyla/Desktop/nexus_ws/install/ucb_interface/include/ucb_interface/ucb_interface/msg/detail/motor__rosidl_typesupport_fastrtps_cpp.hpp
-- Up-to-date: /home/leyla/Desktop/nexus_ws/install/ucb_interface/include/ucb_interface/ucb_interface/msg/detail/actuador__rosidl_typesupport_fastrtps_cpp.hpp
-- Up-to-date: /home/leyla/Desktop/nexus_ws/install/ucb_interface/include/ucb_interface/ucb_interface/msg/detail/dds_fastrtps
-- Up-to-date: /home/leyla/Desktop/nexus_ws/install/ucb_interface/lib/libucb_interface__rosidl_typesupport_fastrtps_cpp.so
-- Up-to-date: /home/leyla/Desktop/nexus_ws/install/ucb_interface/include/ucb_interface/ucb_interface
-- Up-to-date: /home/leyla/Desktop/nexus_ws/install/ucb_interface/include/ucb_interface/ucb_interface/msg
-- Up-to-date: /home/leyla/Desktop/nexus_ws/install/ucb_interface/include/ucb_interface/ucb_interface/msg/detail
-- Up-to-date: /home/leyla/Desktop/nexus_ws/install/ucb_interface/include/ucb_interface/ucb_interface/msg/detail/actuador__rosidl_typesupport_introspection_cpp.hpp
-- Up-to-date: /home/leyla/Desktop/nexus_ws/install/ucb_interface/include/ucb_interface/ucb_interface/msg/detail/motor__type_support.cpp
-- Up-to-date: /home/leyla/Desktop/nexus_ws/install/ucb_interface/include/ucb_interface/ucb_interface/msg/detail/motor__rosidl_typesupport_introspection_cpp.hpp
-- Up-to-date: /home/leyla/Desktop/nexus_ws/install/ucb_interface/include/ucb_interface/ucb_interface/msg/detail/actuador__type_support.cpp
-- Up-to-date: /home/leyla/Desktop/nexus_ws/install/ucb_interface/lib/libucb_interface__rosidl_typesupport_introspection_cpp.so
-- Up-to-date: /home/leyla/Desktop/nexus_ws/install/ucb_interface/lib/libucb_interface__rosidl_typesupport_cpp.so
-- Up-to-date: /home/leyla/Desktop/nexus_ws/install/ucb_interface/share/ucb_interface/environment/pythonpath.sh
-- Up-to-date: /home/leyla/Desktop/nexus_ws/install/ucb_interface/share/ucb_interface/environment/pythonpath.dsv
-- Up-to-date: /home/leyla/Desktop/nexus_ws/install/ucb_interface/local/lib/python3.10/dist-packages/ucb_interface-0.0.0-py3.10.egg-info
-- Installing: /home/leyla/Desktop/nexus_ws/install/ucb_interface/local/lib/python3.10/dist-packages/ucb_interface-0.0.0-py3.10.egg-info/SOURCES.txt
-- Installing: /home/leyla/Desktop/nexus_ws/install/ucb_interface/local/lib/python3.10/dist-packages/ucb_interface-0.0.0-py3.10.egg-info/dependency_links.txt
-- Installing: /home/leyla/Desktop/nexus_ws/install/ucb_interface/local/lib/python3.10/dist-packages/ucb_interface-0.0.0-py3.10.egg-info/PKG-INFO
-- Installing: /home/leyla/Desktop/nexus_ws/install/ucb_interface/local/lib/python3.10/dist-packages/ucb_interface-0.0.0-py3.10.egg-info/top_level.txt
-- Up-to-date: /home/leyla/Desktop/nexus_ws/install/ucb_interface/local/lib/python3.10/dist-packages/ucb_interface
-- Up-to-date: /home/leyla/Desktop/nexus_ws/install/ucb_interface/local/lib/python3.10/dist-packages/ucb_interface/ucb_interface_s__rosidl_typesupport_fastrtps_c.cpython-310-x86_64-linux-gnu.so
-- Up-to-date: /home/leyla/Desktop/nexus_ws/install/ucb_interface/local/lib/python3.10/dist-packages/ucb_interface/__init__.py
-- Up-to-date: /home/leyla/Desktop/nexus_ws/install/ucb_interface/local/lib/python3.10/dist-packages/ucb_interface/_ucb_interface_s.ep.rosidl_typesupport_fastrtps_c.c
-- Up-to-date: /home/leyla/Desktop/nexus_ws/install/ucb_interface/local/lib/python3.10/dist-packages/ucb_interface/ucb_interface_s__rosidl_typesupport_introspection_c.cpython-310-x86_64-linux-gnu.so
-- Up-to-date: /home/leyla/Desktop/nexus_ws/install/ucb_interface/local/lib/python3.10/dist-packages/ucb_interface/libucb_interface__rosidl_generator_py.so
-- Up-to-date: /home/leyla/Desktop/nexus_ws/install/ucb_interface/local/lib/python3.10/dist-packages/ucb_interface/_ucb_interface_s.ep.rosidl_typesupport_introspection_c.c
-- Up-to-date: /home/leyla/Desktop/nexus_ws/install/ucb_interface/local/lib/python3.10/dist-packages/ucb_interface/ucb_interface_s__rosidl_typesupport_c.cpython-310-x86_64-linux-gnu.so
-- Up-to-date: /home/leyla/Desktop/nexus_ws/install/ucb_interface/local/lib/python3.10/dist-packages/ucb_interface/msg
-- Up-to-date: /home/leyla/Desktop/nexus_ws/install/ucb_interface/local/lib/python3.10/dist-packages/ucb_interface/msg/__init__.py
-- Up-to-date: /home/leyla/Desktop/nexus_ws/install/ucb_interface/local/lib/python3.10/dist-packages/ucb_interface/msg/_motor_s.c
-- Up-to-date: /home/leyla/Desktop/nexus_ws/install/ucb_interface/local/lib/python3.10/dist-packages/ucb_interface/msg/_motor.py
-- Up-to-date: /home/leyla/Desktop/nexus_ws/install/ucb_interface/local/lib/python3.10/dist-packages/ucb_interface/msg/_actuador_s.c
-- Up-to-date: /home/leyla/Desktop/nexus_ws/install/ucb_interface/local/lib/python3.10/dist-packages/ucb_interface/msg/_actuador.py
-- Up-to-date: /home/leyla/Desktop/nexus_ws/install/ucb_interface/local/lib/python3.10/dist-packages/ucb_interface/_ucb_interface_s.ep.rosidl_typesupport_c.c
Listing '/home/leyla/Desktop/nexus_ws/install/ucb_interface/local/lib/python3.10/dist-packages/ucb_interface'...
Listing '/home/leyla/Desktop/nexus_ws/install/ucb_interface/local/lib/python3.10/dist-packages/ucb_interface/msg'...
-- Up-to-date: /home/leyla/Desktop/nexus_ws/install/ucb_interface/local/lib/python3.10/dist-packages/ucb_interface/ucb_interface_s__rosidl_typesupport_fastrtps_c.cpython-310-x86_64-linux-gnu.so
-- Up-to-date: /home/leyla/Desktop/nexus_ws/install/ucb_interface/local/lib/python3.10/dist-packages/ucb_interface/ucb_interface_s__rosidl_typesupport_introspection_c.cpython-310-x86_64-linux-gnu.so
-- Up-to-date: /home/leyla/Desktop/nexus_ws/install/ucb_interface/local/lib/python3.10/dist-packages/ucb_interface/ucb_interface_s__rosidl_typesupport_c.cpython-310-x86_64-linux-gnu.so
-- Up-to-date: /home/leyla/Desktop/nexus_ws/install/ucb_interface/lib/libucb_interface__rosidl_generator_py.so
-- Up-to-date: /home/leyla/Desktop/nexus_ws/install/ucb_interface/share/ucb_interface/msg/Motor.idl
-- Up-to-date: /home/leyla/Desktop/nexus_ws/install/ucb_interface/share/ucb_interface/msg/Actuador.idl
-- Up-to-date: /home/leyla/Desktop/nexus_ws/install/ucb_interface/share/ucb_interface/msg/Motor.msg
-- Up-to-date: /home/leyla/Desktop/nexus_ws/install/ucb_interface/share/ucb_interface/msg/Actuador.msg
-- Up-to-date: /home/leyla/Desktop/nexus_ws/install/ucb_interface/share/ament_index/resource_index/package_run_dependencies/ucb_interface
-- Up-to-date: /home/leyla/Desktop/nexus_ws/install/ucb_interface/share/ament_index/resource_index/parent_prefix_path/ucb_interface
-- Up-to-date: /home/leyla/Desktop/nexus_ws/install/ucb_interface/share/ucb_interface/environment/ament_prefix_path.sh
-- Up-to-date: /home/leyla/Desktop/nexus_ws/install/ucb_interface/share/ucb_interface/environment/ament_prefix_path.dsv
-- Up-to-date: /home/leyla/Desktop/nexus_ws/install/ucb_interface/share/ucb_interface/environment/path.sh
-- Up-to-date: /home/leyla/Desktop/nexus_ws/install/ucb_interface/share/ucb_interface/environment/path.dsv
-- Up-to-date: /home/leyla/Desktop/nexus_ws/install/ucb_interface/share/ucb_interface/local_setup.bash
-- Up-to-date: /home/leyla/Desktop/nexus_ws/install/ucb_interface/share/ucb_interface/local_setup.sh
-- Up-to-date: /home/leyla/Desktop/nexus_ws/install/ucb_interface/share/ucb_interface/local_setup.zsh
-- Up-to-date: /home/leyla/Desktop/nexus_ws/install/ucb_interface/share/ucb_interface/local_setup.dsv
-- Installing: /home/leyla/Desktop/nexus_ws/install/ucb_interface/share/ucb_interface/package.dsv
-- Up-to-date: /home/leyla/Desktop/nexus_ws/install/ucb_interface/share/ament_index/resource_index/packages/ucb_interface
-- Up-to-date: /home/leyla/Desktop/nexus_ws/install/ucb_interface/share/ucb_interface/cmake/export_ucb_interface__rosidl_generator_cExport.cmake
-- Up-to-date: /home/leyla/Desktop/nexus_ws/install/ucb_interface/share/ucb_interface/cmake/export_ucb_interface__rosidl_generator_cExport-noconfig.cmake
-- Up-to-date: /home/leyla/Desktop/nexus_ws/install/ucb_interface/share/ucb_interface/cmake/export_ucb_interface__rosidl_typesupport_fastrtps_cExport.cmake
-- Up-to-date: /home/leyla/Desktop/nexus_ws/install/ucb_interface/share/ucb_interface/cmake/export_ucb_interface__rosidl_typesupport_fastrtps_cExport-noconfig.cmake
-- Up-to-date: /home/leyla/Desktop/nexus_ws/install/ucb_interface/share/ucb_interface/cmake/ucb_interface__rosidl_typesupport_introspection_cExport.cmake
-- Up-to-date: /home/leyla/Desktop/nexus_ws/install/ucb_interface/share/ucb_interface/cmake/ucb_interface__rosidl_typesupport_introspection_cExport-noconfig.cmake
-- Up-to-date: /home/leyla/Desktop/nexus_ws/install/ucb_interface/share/ucb_interface/cmake/ucb_interface__rosidl_typesupport_cExport.cmake
-- Up-to-date: /home/leyla/Desktop/nexus_ws/install/ucb_interface/share/ucb_interface/cmake/ucb_interface__rosidl_typesupport_cExport-noconfig.cmake
-- Up-to-date: /home/leyla/Desktop/nexus_ws/install/ucb_interface/share/ucb_interface/cmake/export_ucb_interface__rosidl_generator_cppExport.cmake
-- Up-to-date: /home/leyla/Desktop/nexus_ws/install/ucb_interface/share/ucb_interface/cmake/export_ucb_interface__rosidl_typesupport_fastrtps_cppExport.cmake
-- Up-to-date: /home/leyla/Desktop/nexus_ws/install/ucb_interface/share/ucb_interface/cmake/export_ucb_interface__rosidl_typesupport_fastrtps_cppExport-noconfig.cmake
-- Up-to-date: /home/leyla/Desktop/nexus_ws/install/ucb_interface/share/ucb_interface/cmake/ucb_interface__rosidl_typesupport_introspection_cppExport.cmake
-- Up-to-date: /home/leyla/Desktop/nexus_ws/install/ucb_interface/share/ucb_interface/cmake/ucb_interface__rosidl_typesupport_introspection_cppExport-noconfig.cmake
-- Up-to-date: /home/leyla/Desktop/nexus_ws/install/ucb_interface/share/ucb_interface/cmake/ucb_interface__rosidl_typesupport_cppExport.cmake
-- Up-to-date: /home/leyla/Desktop/nexus_ws/install/ucb_interface/share/ucb_interface/cmake/ucb_interface__rosidl_typesupport_cppExport-noconfig.cmake
-- Up-to-date: /home/leyla/Desktop/nexus_ws/install/ucb_interface/share/ucb_interface/cmake/export_ucb_interface__rosidl_generator_pyExport.cmake
-- Up-to-date: /home/leyla/Desktop/nexus_ws/install/ucb_interface/share/ucb_interface/cmake/export_ucb_interface__rosidl_generator_pyExport-noconfig.cmake
-- Up-to-date: /home/leyla/Desktop/nexus_ws/install/ucb_interface/share/ucb_interface/cmake/rosidl_cmake-extras.cmake
-- Up-to-date: /home/leyla/Desktop/nexus_ws/install/ucb_interface/share/ucb_interface/cmake/ament_cmake_export_dependencies-extras.cmake
-- Up-to-date: /home/leyla/Desktop/nexus_ws/install/ucb_interface/share/ucb_interface/cmake/ament_cmake_export_include_directories-extras.cmake
-- Up-to-date: /home/leyla/Desktop/nexus_ws/install/ucb_interface/share/ucb_interface/cmake/ament_cmake_export_libraries-extras.cmake
-- Up-to-date: /home/leyla/Desktop/nexus_ws/install/ucb_interface/share/ucb_interface/cmake/ament_cmake_export_targets-extras.cmake
-- Up-to-date: /home/leyla/Desktop/nexus_ws/install/ucb_interface/share/ucb_interface/cmake/rosidl_cmake_export_typesupport_targets-extras.cmake
-- Up-to-date: /home/leyla/Desktop/nexus_ws/install/ucb_interface/share/ucb_interface/cmake/rosidl_cmake_export_typesupport_libraries-extras.cmake
-- Up-to-date: /home/leyla/Desktop/nexus_ws/install/ucb_interface/share/ucb_interface/cmake/ucb_interfaceConfig.cmake
-- Up-to-date: /home/leyla/Desktop/nexus_ws/install/ucb_interface/share/ucb_interface/cmake/ucb_interfaceConfig-version.cmake
-- Up-to-date: /home/leyla/Desktop/nexus_ws/install/ucb_interface/share/ucb_interface/package.xml
