[0.018s] Invoking command in '/home/leyla/Desktop/nexus_ws/build/ucb_interface': CMAKE_PREFIX_PATH=/home/leyla/Desktop/nexus_ws/install/ucb_interface:/home/leyla/Desktop/nexus_ws/install/rosbridge_test_msgs:/home/leyla/Desktop/nexus_ws/install/rosbridge_suite:/home/leyla/Desktop/nexus_ws/install/rosbridge_server:/home/leyla/Desktop/nexus_ws/install/rosbridge_msgs:/home/leyla/Desktop/nexus_ws/install/rosapi:/home/leyla/Desktop/nexus_ws/install/rosbridge_library:/home/leyla/Desktop/nexus_ws/install/rosapi_msgs:/home/leyla/Desktop/nexus_ws/install/robot_description:/home/leyla/Desktop/robot_con_ws/install/robot_description:/home/leyla/Desktop/nexus_ws/install/code_py:/home/leyla/Desktop/robot_con_ws/install/control_py:/home/leyla/Desktop/ver_ws/install/stage_ros2:/home/leyla/Desktop/ver_ws/install/robot_nav:/home/leyla/Desktop/ver_ws/install/navigation_tb3:/home/leyla/Desktop/ver_ws/install/cartographer_rviz:/home/leyla/Desktop/ver_ws/install/cartographer_ros:/home/leyla/Desktop/ver_ws/install/cartographer_ros_msgs:/home/leyla/Desktop/newvis_ws/install/panda_movet:/home/leyla/turtlebot3_ws/install/turtlebot3_teleop:/home/leyla/turtlebot3_ws/install/turtlebot3_example:/opt/ros/humble:/home/leyla/Desktop/robot_con_ws/install/ensamblaje_jpac2:/home/leyla/Desktop/ver_ws/install/Stage:/home/leyla/Documents/ejercicio2_ws/install/test_move:/home/leyla/Documents/ejercicio2_ws/install/panda_movet:/home/leyla/Desktop/newvis_ws/install/panda_assist:/home/leyla/Desktop/newvis_ws/install/robot_description:/home/leyla/turtlebot3_ws/install/turtlebot3:/home/leyla/turtlebot3_ws/install/turtlebot3_bringup:/home/leyla/turtlebot3_ws/install/turtlebot3_node:/home/leyla/turtlebot3_ws/install/turtlebot3_navigation2:/home/leyla/turtlebot3_ws/install/turtlebot3_msgs:/home/leyla/turtlebot3_ws/install/turtlebot3_description:/home/leyla/turtlebot3_ws/install/turtlebot3_cartographer:/home/leyla/turtlebot3_ws/install/dynamixel_sdk_examples:/home/leyla/turtlebot3_ws/install/dynamixel_sdk_custom_interfaces:/home/leyla/turtlebot3_ws/install/dynamixel_sdk /usr/bin/cmake --build /home/leyla/Desktop/nexus_ws/build/ucb_interface -- -j20 -l20
[0.058s] [  2%] Built target ucb_interface__cpp
[0.061s] [ 12%] Built target ucb_interface__rosidl_generator_c
[0.068s] [ 12%] Built target ament_cmake_python_copy_ucb_interface
[0.093s] [ 23%] Built target ucb_interface__rosidl_typesupport_cpp
[0.093s] [ 38%] Built target ucb_interface__rosidl_typesupport_introspection_cpp
[0.093s] [ 43%] Built target ucb_interface__rosidl_typesupport_fastrtps_cpp
[0.093s] [ 53%] Built target ucb_interface__rosidl_typesupport_introspection_c
[0.096s] [ 64%] Built target ucb_interface__rosidl_typesupport_c
[0.096s] [ 74%] Built target ucb_interface__rosidl_typesupport_fastrtps_c
[0.126s] [ 74%] Built target ucb_interface
[0.141s] [ 76%] Built target ucb_interface__py
[0.161s] [ 84%] Built target ucb_interface__rosidl_generator_py
[0.177s] [ 89%] Built target ucb_interface__rosidl_typesupport_fastrtps_c__pyext
[0.184s] [100%] Built target ucb_interface__rosidl_typesupport_c__pyext
[0.184s] [100%] Built target ucb_interface__rosidl_typesupport_introspection_c__pyext
[0.267s] running egg_info
[0.267s] writing ucb_interface.egg-info/PKG-INFO
[0.267s] writing dependency_links to ucb_interface.egg-info/dependency_links.txt
[0.267s] writing top-level names to ucb_interface.egg-info/top_level.txt
[0.268s] reading manifest file 'ucb_interface.egg-info/SOURCES.txt'
[0.269s] writing manifest file 'ucb_interface.egg-info/SOURCES.txt'
[0.289s] [100%] Built target ament_cmake_python_build_ucb_interface_egg
[0.299s] Invoked command in '/home/leyla/Desktop/nexus_ws/build/ucb_interface' returned '0': CMAKE_PREFIX_PATH=/home/leyla/Desktop/nexus_ws/install/ucb_interface:/home/leyla/Desktop/nexus_ws/install/rosbridge_test_msgs:/home/leyla/Desktop/nexus_ws/install/rosbridge_suite:/home/leyla/Desktop/nexus_ws/install/rosbridge_server:/home/leyla/Desktop/nexus_ws/install/rosbridge_msgs:/home/leyla/Desktop/nexus_ws/install/rosapi:/home/leyla/Desktop/nexus_ws/install/rosbridge_library:/home/leyla/Desktop/nexus_ws/install/rosapi_msgs:/home/leyla/Desktop/nexus_ws/install/robot_description:/home/leyla/Desktop/robot_con_ws/install/robot_description:/home/leyla/Desktop/nexus_ws/install/code_py:/home/leyla/Desktop/robot_con_ws/install/control_py:/home/leyla/Desktop/ver_ws/install/stage_ros2:/home/leyla/Desktop/ver_ws/install/robot_nav:/home/leyla/Desktop/ver_ws/install/navigation_tb3:/home/leyla/Desktop/ver_ws/install/cartographer_rviz:/home/leyla/Desktop/ver_ws/install/cartographer_ros:/home/leyla/Desktop/ver_ws/install/cartographer_ros_msgs:/home/leyla/Desktop/newvis_ws/install/panda_movet:/home/leyla/turtlebot3_ws/install/turtlebot3_teleop:/home/leyla/turtlebot3_ws/install/turtlebot3_example:/opt/ros/humble:/home/leyla/Desktop/robot_con_ws/install/ensamblaje_jpac2:/home/leyla/Desktop/ver_ws/install/Stage:/home/leyla/Documents/ejercicio2_ws/install/test_move:/home/leyla/Documents/ejercicio2_ws/install/panda_movet:/home/leyla/Desktop/newvis_ws/install/panda_assist:/home/leyla/Desktop/newvis_ws/install/robot_description:/home/leyla/turtlebot3_ws/install/turtlebot3:/home/leyla/turtlebot3_ws/install/turtlebot3_bringup:/home/leyla/turtlebot3_ws/install/turtlebot3_node:/home/leyla/turtlebot3_ws/install/turtlebot3_navigation2:/home/leyla/turtlebot3_ws/install/turtlebot3_msgs:/home/leyla/turtlebot3_ws/install/turtlebot3_description:/home/leyla/turtlebot3_ws/install/turtlebot3_cartographer:/home/leyla/turtlebot3_ws/install/dynamixel_sdk_examples:/home/leyla/turtlebot3_ws/install/dynamixel_sdk_custom_interfaces:/home/leyla/turtlebot3_ws/install/dynamixel_sdk /usr/bin/cmake --build /home/leyla/Desktop/nexus_ws/build/ucb_interface -- -j20 -l20
[0.301s] Invoking command in '/home/leyla/Desktop/nexus_ws/build/ucb_interface': CMAKE_PREFIX_PATH=/home/leyla/Desktop/nexus_ws/install/ucb_interface:/home/leyla/Desktop/nexus_ws/install/rosbridge_test_msgs:/home/leyla/Desktop/nexus_ws/install/rosbridge_suite:/home/leyla/Desktop/nexus_ws/install/rosbridge_server:/home/leyla/Desktop/nexus_ws/install/rosbridge_msgs:/home/leyla/Desktop/nexus_ws/install/rosapi:/home/leyla/Desktop/nexus_ws/install/rosbridge_library:/home/leyla/Desktop/nexus_ws/install/rosapi_msgs:/home/leyla/Desktop/nexus_ws/install/robot_description:/home/leyla/Desktop/robot_con_ws/install/robot_description:/home/leyla/Desktop/nexus_ws/install/code_py:/home/leyla/Desktop/robot_con_ws/install/control_py:/home/leyla/Desktop/ver_ws/install/stage_ros2:/home/leyla/Desktop/ver_ws/install/robot_nav:/home/leyla/Desktop/ver_ws/install/navigation_tb3:/home/leyla/Desktop/ver_ws/install/cartographer_rviz:/home/leyla/Desktop/ver_ws/install/cartographer_ros:/home/leyla/Desktop/ver_ws/install/cartographer_ros_msgs:/home/leyla/Desktop/newvis_ws/install/panda_movet:/home/leyla/turtlebot3_ws/install/turtlebot3_teleop:/home/leyla/turtlebot3_ws/install/turtlebot3_example:/opt/ros/humble:/home/leyla/Desktop/robot_con_ws/install/ensamblaje_jpac2:/home/leyla/Desktop/ver_ws/install/Stage:/home/leyla/Documents/ejercicio2_ws/install/test_move:/home/leyla/Documents/ejercicio2_ws/install/panda_movet:/home/leyla/Desktop/newvis_ws/install/panda_assist:/home/leyla/Desktop/newvis_ws/install/robot_description:/home/leyla/turtlebot3_ws/install/turtlebot3:/home/leyla/turtlebot3_ws/install/turtlebot3_bringup:/home/leyla/turtlebot3_ws/install/turtlebot3_node:/home/leyla/turtlebot3_ws/install/turtlebot3_navigation2:/home/leyla/turtlebot3_ws/install/turtlebot3_msgs:/home/leyla/turtlebot3_ws/install/turtlebot3_description:/home/leyla/turtlebot3_ws/install/turtlebot3_cartographer:/home/leyla/turtlebot3_ws/install/dynamixel_sdk_examples:/home/leyla/turtlebot3_ws/install/dynamixel_sdk_custom_interfaces:/home/leyla/turtlebot3_ws/install/dynamixel_sdk /usr/bin/cmake --install /home/leyla/Desktop/nexus_ws/build/ucb_interface
[0.307s] -- Install configuration: ""
[0.307s] -- Up-to-date: /home/leyla/Desktop/nexus_ws/install/ucb_interface/share/ament_index/resource_index/rosidl_interfaces/ucb_interface
[0.307s] -- Up-to-date: /home/leyla/Desktop/nexus_ws/install/ucb_interface/include/ucb_interface/ucb_interface
[0.308s] -- Up-to-date: /home/leyla/Desktop/nexus_ws/install/ucb_interface/include/ucb_interface/ucb_interface/msg
[0.308s] -- Up-to-date: /home/leyla/Desktop/nexus_ws/install/ucb_interface/include/ucb_interface/ucb_interface/msg/rosidl_generator_c__visibility_control.h
[0.308s] -- Up-to-date: /home/leyla/Desktop/nexus_ws/install/ucb_interface/include/ucb_interface/ucb_interface/msg/detail
[0.308s] -- Up-to-date: /home/leyla/Desktop/nexus_ws/install/ucb_interface/include/ucb_interface/ucb_interface/msg/detail/actuador__functions.c
[0.308s] -- Up-to-date: /home/leyla/Desktop/nexus_ws/install/ucb_interface/include/ucb_interface/ucb_interface/msg/detail/motor__functions.c
[0.308s] -- Up-to-date: /home/leyla/Desktop/nexus_ws/install/ucb_interface/include/ucb_interface/ucb_interface/msg/detail/actuador__type_support.h
[0.308s] -- Up-to-date: /home/leyla/Desktop/nexus_ws/install/ucb_interface/include/ucb_interface/ucb_interface/msg/detail/actuador__struct.h
[0.308s] -- Up-to-date: /home/leyla/Desktop/nexus_ws/install/ucb_interface/include/ucb_interface/ucb_interface/msg/detail/actuador__functions.h
[0.308s] -- Up-to-date: /home/leyla/Desktop/nexus_ws/install/ucb_interface/include/ucb_interface/ucb_interface/msg/detail/motor__type_support.h
[0.308s] -- Up-to-date: /home/leyla/Desktop/nexus_ws/install/ucb_interface/include/ucb_interface/ucb_interface/msg/detail/motor__struct.h
[0.308s] -- Up-to-date: /home/leyla/Desktop/nexus_ws/install/ucb_interface/include/ucb_interface/ucb_interface/msg/detail/motor__functions.h
[0.308s] -- Up-to-date: /home/leyla/Desktop/nexus_ws/install/ucb_interface/include/ucb_interface/ucb_interface/msg/motor.h
[0.308s] -- Up-to-date: /home/leyla/Desktop/nexus_ws/install/ucb_interface/include/ucb_interface/ucb_interface/msg/actuador.h
[0.308s] -- Up-to-date: /home/leyla/Desktop/nexus_ws/install/ucb_interface/share/ucb_interface/environment/library_path.sh
[0.308s] -- Up-to-date: /home/leyla/Desktop/nexus_ws/install/ucb_interface/share/ucb_interface/environment/library_path.dsv
[0.308s] -- Up-to-date: /home/leyla/Desktop/nexus_ws/install/ucb_interface/lib/libucb_interface__rosidl_generator_c.so
[0.308s] -- Up-to-date: /home/leyla/Desktop/nexus_ws/install/ucb_interface/include/ucb_interface/ucb_interface
[0.308s] -- Up-to-date: /home/leyla/Desktop/nexus_ws/install/ucb_interface/include/ucb_interface/ucb_interface/msg
[0.308s] -- Up-to-date: /home/leyla/Desktop/nexus_ws/install/ucb_interface/include/ucb_interface/ucb_interface/msg/detail
[0.308s] -- Up-to-date: /home/leyla/Desktop/nexus_ws/install/ucb_interface/include/ucb_interface/ucb_interface/msg/detail/motor__rosidl_typesupport_fastrtps_c.h
[0.309s] -- Up-to-date: /home/leyla/Desktop/nexus_ws/install/ucb_interface/include/ucb_interface/ucb_interface/msg/detail/actuador__rosidl_typesupport_fastrtps_c.h
[0.309s] -- Up-to-date: /home/leyla/Desktop/nexus_ws/install/ucb_interface/include/ucb_interface/ucb_interface/msg/rosidl_typesupport_fastrtps_c__visibility_control.h
[0.309s] -- Up-to-date: /home/leyla/Desktop/nexus_ws/install/ucb_interface/lib/libucb_interface__rosidl_typesupport_fastrtps_c.so
[0.309s] -- Up-to-date: /home/leyla/Desktop/nexus_ws/install/ucb_interface/include/ucb_interface/ucb_interface
[0.309s] -- Up-to-date: /home/leyla/Desktop/nexus_ws/install/ucb_interface/include/ucb_interface/ucb_interface/msg
[0.309s] -- Up-to-date: /home/leyla/Desktop/nexus_ws/install/ucb_interface/include/ucb_interface/ucb_interface/msg/detail
[0.309s] -- Up-to-date: /home/leyla/Desktop/nexus_ws/install/ucb_interface/include/ucb_interface/ucb_interface/msg/detail/actuador__rosidl_typesupport_introspection_c.h
[0.309s] -- Up-to-date: /home/leyla/Desktop/nexus_ws/install/ucb_interface/include/ucb_interface/ucb_interface/msg/detail/actuador__type_support.c
[0.309s] -- Up-to-date: /home/leyla/Desktop/nexus_ws/install/ucb_interface/include/ucb_interface/ucb_interface/msg/detail/motor__type_support.c
[0.309s] -- Up-to-date: /home/leyla/Desktop/nexus_ws/install/ucb_interface/include/ucb_interface/ucb_interface/msg/detail/motor__rosidl_typesupport_introspection_c.h
[0.309s] -- Up-to-date: /home/leyla/Desktop/nexus_ws/install/ucb_interface/include/ucb_interface/ucb_interface/msg/rosidl_typesupport_introspection_c__visibility_control.h
[0.309s] -- Up-to-date: /home/leyla/Desktop/nexus_ws/install/ucb_interface/lib/libucb_interface__rosidl_typesupport_introspection_c.so
[0.309s] -- Up-to-date: /home/leyla/Desktop/nexus_ws/install/ucb_interface/lib/libucb_interface__rosidl_typesupport_c.so
[0.309s] -- Up-to-date: /home/leyla/Desktop/nexus_ws/install/ucb_interface/include/ucb_interface/ucb_interface
[0.309s] -- Up-to-date: /home/leyla/Desktop/nexus_ws/install/ucb_interface/include/ucb_interface/ucb_interface/msg
[0.309s] -- Up-to-date: /home/leyla/Desktop/nexus_ws/install/ucb_interface/include/ucb_interface/ucb_interface/msg/rosidl_generator_cpp__visibility_control.hpp
[0.309s] -- Up-to-date: /home/leyla/Desktop/nexus_ws/install/ucb_interface/include/ucb_interface/ucb_interface/msg/actuador.hpp
[0.309s] -- Up-to-date: /home/leyla/Desktop/nexus_ws/install/ucb_interface/include/ucb_interface/ucb_interface/msg/motor.hpp
[0.309s] -- Up-to-date: /home/leyla/Desktop/nexus_ws/install/ucb_interface/include/ucb_interface/ucb_interface/msg/detail
[0.310s] -- Up-to-date: /home/leyla/Desktop/nexus_ws/install/ucb_interface/include/ucb_interface/ucb_interface/msg/detail/motor__struct.hpp
[0.310s] -- Up-to-date: /home/leyla/Desktop/nexus_ws/install/ucb_interface/include/ucb_interface/ucb_interface/msg/detail/motor__type_support.hpp
[0.310s] -- Up-to-date: /home/leyla/Desktop/nexus_ws/install/ucb_interface/include/ucb_interface/ucb_interface/msg/detail/motor__traits.hpp
[0.310s] -- Up-to-date: /home/leyla/Desktop/nexus_ws/install/ucb_interface/include/ucb_interface/ucb_interface/msg/detail/actuador__struct.hpp
[0.310s] -- Up-to-date: /home/leyla/Desktop/nexus_ws/install/ucb_interface/include/ucb_interface/ucb_interface/msg/detail/actuador__type_support.hpp
[0.310s] -- Up-to-date: /home/leyla/Desktop/nexus_ws/install/ucb_interface/include/ucb_interface/ucb_interface/msg/detail/actuador__traits.hpp
[0.310s] -- Up-to-date: /home/leyla/Desktop/nexus_ws/install/ucb_interface/include/ucb_interface/ucb_interface/msg/detail/motor__builder.hpp
[0.310s] -- Up-to-date: /home/leyla/Desktop/nexus_ws/install/ucb_interface/include/ucb_interface/ucb_interface/msg/detail/actuador__builder.hpp
[0.310s] -- Up-to-date: /home/leyla/Desktop/nexus_ws/install/ucb_interface/include/ucb_interface/ucb_interface
[0.310s] -- Up-to-date: /home/leyla/Desktop/nexus_ws/install/ucb_interface/include/ucb_interface/ucb_interface/msg
[0.310s] -- Up-to-date: /home/leyla/Desktop/nexus_ws/install/ucb_interface/include/ucb_interface/ucb_interface/msg/rosidl_typesupport_fastrtps_cpp__visibility_control.h
[0.310s] -- Up-to-date: /home/leyla/Desktop/nexus_ws/install/ucb_interface/include/ucb_interface/ucb_interface/msg/detail
[0.310s] -- Up-to-date: /home/leyla/Desktop/nexus_ws/install/ucb_interface/include/ucb_interface/ucb_interface/msg/detail/motor__rosidl_typesupport_fastrtps_cpp.hpp
[0.310s] -- Up-to-date: /home/leyla/Desktop/nexus_ws/install/ucb_interface/include/ucb_interface/ucb_interface/msg/detail/actuador__rosidl_typesupport_fastrtps_cpp.hpp
[0.310s] -- Up-to-date: /home/leyla/Desktop/nexus_ws/install/ucb_interface/include/ucb_interface/ucb_interface/msg/detail/dds_fastrtps
[0.311s] -- Up-to-date: /home/leyla/Desktop/nexus_ws/install/ucb_interface/lib/libucb_interface__rosidl_typesupport_fastrtps_cpp.so
[0.311s] -- Up-to-date: /home/leyla/Desktop/nexus_ws/install/ucb_interface/include/ucb_interface/ucb_interface
[0.311s] -- Up-to-date: /home/leyla/Desktop/nexus_ws/install/ucb_interface/include/ucb_interface/ucb_interface/msg
[0.311s] -- Up-to-date: /home/leyla/Desktop/nexus_ws/install/ucb_interface/include/ucb_interface/ucb_interface/msg/detail
[0.311s] -- Up-to-date: /home/leyla/Desktop/nexus_ws/install/ucb_interface/include/ucb_interface/ucb_interface/msg/detail/actuador__rosidl_typesupport_introspection_cpp.hpp
[0.311s] -- Up-to-date: /home/leyla/Desktop/nexus_ws/install/ucb_interface/include/ucb_interface/ucb_interface/msg/detail/motor__type_support.cpp
[0.311s] -- Up-to-date: /home/leyla/Desktop/nexus_ws/install/ucb_interface/include/ucb_interface/ucb_interface/msg/detail/motor__rosidl_typesupport_introspection_cpp.hpp
[0.311s] -- Up-to-date: /home/leyla/Desktop/nexus_ws/install/ucb_interface/include/ucb_interface/ucb_interface/msg/detail/actuador__type_support.cpp
[0.311s] -- Up-to-date: /home/leyla/Desktop/nexus_ws/install/ucb_interface/lib/libucb_interface__rosidl_typesupport_introspection_cpp.so
[0.311s] -- Up-to-date: /home/leyla/Desktop/nexus_ws/install/ucb_interface/lib/libucb_interface__rosidl_typesupport_cpp.so
[0.311s] -- Up-to-date: /home/leyla/Desktop/nexus_ws/install/ucb_interface/share/ucb_interface/environment/pythonpath.sh
[0.311s] -- Up-to-date: /home/leyla/Desktop/nexus_ws/install/ucb_interface/share/ucb_interface/environment/pythonpath.dsv
[0.311s] -- Up-to-date: /home/leyla/Desktop/nexus_ws/install/ucb_interface/local/lib/python3.10/dist-packages/ucb_interface-0.0.0-py3.10.egg-info
[0.311s] -- Installing: /home/leyla/Desktop/nexus_ws/install/ucb_interface/local/lib/python3.10/dist-packages/ucb_interface-0.0.0-py3.10.egg-info/SOURCES.txt
[0.311s] -- Installing: /home/leyla/Desktop/nexus_ws/install/ucb_interface/local/lib/python3.10/dist-packages/ucb_interface-0.0.0-py3.10.egg-info/dependency_links.txt
[0.311s] -- Installing: /home/leyla/Desktop/nexus_ws/install/ucb_interface/local/lib/python3.10/dist-packages/ucb_interface-0.0.0-py3.10.egg-info/PKG-INFO
[0.311s] -- Installing: /home/leyla/Desktop/nexus_ws/install/ucb_interface/local/lib/python3.10/dist-packages/ucb_interface-0.0.0-py3.10.egg-info/top_level.txt
[0.311s] -- Up-to-date: /home/leyla/Desktop/nexus_ws/install/ucb_interface/local/lib/python3.10/dist-packages/ucb_interface
[0.311s] -- Up-to-date: /home/leyla/Desktop/nexus_ws/install/ucb_interface/local/lib/python3.10/dist-packages/ucb_interface/ucb_interface_s__rosidl_typesupport_fastrtps_c.cpython-310-x86_64-linux-gnu.so
[0.311s] -- Up-to-date: /home/leyla/Desktop/nexus_ws/install/ucb_interface/local/lib/python3.10/dist-packages/ucb_interface/__init__.py
[0.311s] -- Up-to-date: /home/leyla/Desktop/nexus_ws/install/ucb_interface/local/lib/python3.10/dist-packages/ucb_interface/_ucb_interface_s.ep.rosidl_typesupport_fastrtps_c.c
[0.311s] -- Up-to-date: /home/leyla/Desktop/nexus_ws/install/ucb_interface/local/lib/python3.10/dist-packages/ucb_interface/ucb_interface_s__rosidl_typesupport_introspection_c.cpython-310-x86_64-linux-gnu.so
[0.311s] -- Up-to-date: /home/leyla/Desktop/nexus_ws/install/ucb_interface/local/lib/python3.10/dist-packages/ucb_interface/libucb_interface__rosidl_generator_py.so
[0.311s] -- Up-to-date: /home/leyla/Desktop/nexus_ws/install/ucb_interface/local/lib/python3.10/dist-packages/ucb_interface/_ucb_interface_s.ep.rosidl_typesupport_introspection_c.c
[0.311s] -- Up-to-date: /home/leyla/Desktop/nexus_ws/install/ucb_interface/local/lib/python3.10/dist-packages/ucb_interface/ucb_interface_s__rosidl_typesupport_c.cpython-310-x86_64-linux-gnu.so
[0.311s] -- Up-to-date: /home/leyla/Desktop/nexus_ws/install/ucb_interface/local/lib/python3.10/dist-packages/ucb_interface/msg
[0.311s] -- Up-to-date: /home/leyla/Desktop/nexus_ws/install/ucb_interface/local/lib/python3.10/dist-packages/ucb_interface/msg/__init__.py
[0.311s] -- Up-to-date: /home/leyla/Desktop/nexus_ws/install/ucb_interface/local/lib/python3.10/dist-packages/ucb_interface/msg/_motor_s.c
[0.311s] -- Up-to-date: /home/leyla/Desktop/nexus_ws/install/ucb_interface/local/lib/python3.10/dist-packages/ucb_interface/msg/_motor.py
[0.311s] -- Up-to-date: /home/leyla/Desktop/nexus_ws/install/ucb_interface/local/lib/python3.10/dist-packages/ucb_interface/msg/_actuador_s.c
[0.311s] -- Up-to-date: /home/leyla/Desktop/nexus_ws/install/ucb_interface/local/lib/python3.10/dist-packages/ucb_interface/msg/_actuador.py
[0.311s] -- Up-to-date: /home/leyla/Desktop/nexus_ws/install/ucb_interface/local/lib/python3.10/dist-packages/ucb_interface/_ucb_interface_s.ep.rosidl_typesupport_c.c
[0.351s] Listing '/home/leyla/Desktop/nexus_ws/install/ucb_interface/local/lib/python3.10/dist-packages/ucb_interface'...
[0.351s] Listing '/home/leyla/Desktop/nexus_ws/install/ucb_interface/local/lib/python3.10/dist-packages/ucb_interface/msg'...
[0.351s] -- Up-to-date: /home/leyla/Desktop/nexus_ws/install/ucb_interface/local/lib/python3.10/dist-packages/ucb_interface/ucb_interface_s__rosidl_typesupport_fastrtps_c.cpython-310-x86_64-linux-gnu.so
[0.351s] -- Up-to-date: /home/leyla/Desktop/nexus_ws/install/ucb_interface/local/lib/python3.10/dist-packages/ucb_interface/ucb_interface_s__rosidl_typesupport_introspection_c.cpython-310-x86_64-linux-gnu.so
[0.351s] -- Up-to-date: /home/leyla/Desktop/nexus_ws/install/ucb_interface/local/lib/python3.10/dist-packages/ucb_interface/ucb_interface_s__rosidl_typesupport_c.cpython-310-x86_64-linux-gnu.so
[0.351s] -- Up-to-date: /home/leyla/Desktop/nexus_ws/install/ucb_interface/lib/libucb_interface__rosidl_generator_py.so
[0.351s] -- Up-to-date: /home/leyla/Desktop/nexus_ws/install/ucb_interface/share/ucb_interface/msg/Motor.idl
[0.351s] -- Up-to-date: /home/leyla/Desktop/nexus_ws/install/ucb_interface/share/ucb_interface/msg/Actuador.idl
[0.351s] -- Up-to-date: /home/leyla/Desktop/nexus_ws/install/ucb_interface/share/ucb_interface/msg/Motor.msg
[0.351s] -- Up-to-date: /home/leyla/Desktop/nexus_ws/install/ucb_interface/share/ucb_interface/msg/Actuador.msg
[0.351s] -- Up-to-date: /home/leyla/Desktop/nexus_ws/install/ucb_interface/share/ament_index/resource_index/package_run_dependencies/ucb_interface
[0.351s] -- Up-to-date: /home/leyla/Desktop/nexus_ws/install/ucb_interface/share/ament_index/resource_index/parent_prefix_path/ucb_interface
[0.351s] -- Up-to-date: /home/leyla/Desktop/nexus_ws/install/ucb_interface/share/ucb_interface/environment/ament_prefix_path.sh
[0.351s] -- Up-to-date: /home/leyla/Desktop/nexus_ws/install/ucb_interface/share/ucb_interface/environment/ament_prefix_path.dsv
[0.351s] -- Up-to-date: /home/leyla/Desktop/nexus_ws/install/ucb_interface/share/ucb_interface/environment/path.sh
[0.351s] -- Up-to-date: /home/leyla/Desktop/nexus_ws/install/ucb_interface/share/ucb_interface/environment/path.dsv
[0.351s] -- Up-to-date: /home/leyla/Desktop/nexus_ws/install/ucb_interface/share/ucb_interface/local_setup.bash
[0.351s] -- Up-to-date: /home/leyla/Desktop/nexus_ws/install/ucb_interface/share/ucb_interface/local_setup.sh
[0.351s] -- Up-to-date: /home/leyla/Desktop/nexus_ws/install/ucb_interface/share/ucb_interface/local_setup.zsh
[0.351s] -- Up-to-date: /home/leyla/Desktop/nexus_ws/install/ucb_interface/share/ucb_interface/local_setup.dsv
[0.352s] -- Installing: /home/leyla/Desktop/nexus_ws/install/ucb_interface/share/ucb_interface/package.dsv
[0.352s] -- Up-to-date: /home/leyla/Desktop/nexus_ws/install/ucb_interface/share/ament_index/resource_index/packages/ucb_interface
[0.352s] -- Up-to-date: /home/leyla/Desktop/nexus_ws/install/ucb_interface/share/ucb_interface/cmake/export_ucb_interface__rosidl_generator_cExport.cmake
[0.352s] -- Up-to-date: /home/leyla/Desktop/nexus_ws/install/ucb_interface/share/ucb_interface/cmake/export_ucb_interface__rosidl_generator_cExport-noconfig.cmake
[0.352s] -- Up-to-date: /home/leyla/Desktop/nexus_ws/install/ucb_interface/share/ucb_interface/cmake/export_ucb_interface__rosidl_typesupport_fastrtps_cExport.cmake
[0.352s] -- Up-to-date: /home/leyla/Desktop/nexus_ws/install/ucb_interface/share/ucb_interface/cmake/export_ucb_interface__rosidl_typesupport_fastrtps_cExport-noconfig.cmake
[0.352s] -- Up-to-date: /home/leyla/Desktop/nexus_ws/install/ucb_interface/share/ucb_interface/cmake/ucb_interface__rosidl_typesupport_introspection_cExport.cmake
[0.352s] -- Up-to-date: /home/leyla/Desktop/nexus_ws/install/ucb_interface/share/ucb_interface/cmake/ucb_interface__rosidl_typesupport_introspection_cExport-noconfig.cmake
[0.352s] -- Up-to-date: /home/leyla/Desktop/nexus_ws/install/ucb_interface/share/ucb_interface/cmake/ucb_interface__rosidl_typesupport_cExport.cmake
[0.352s] -- Up-to-date: /home/leyla/Desktop/nexus_ws/install/ucb_interface/share/ucb_interface/cmake/ucb_interface__rosidl_typesupport_cExport-noconfig.cmake
[0.352s] -- Up-to-date: /home/leyla/Desktop/nexus_ws/install/ucb_interface/share/ucb_interface/cmake/export_ucb_interface__rosidl_generator_cppExport.cmake
[0.352s] -- Up-to-date: /home/leyla/Desktop/nexus_ws/install/ucb_interface/share/ucb_interface/cmake/export_ucb_interface__rosidl_typesupport_fastrtps_cppExport.cmake
[0.352s] -- Up-to-date: /home/leyla/Desktop/nexus_ws/install/ucb_interface/share/ucb_interface/cmake/export_ucb_interface__rosidl_typesupport_fastrtps_cppExport-noconfig.cmake
[0.352s] -- Up-to-date: /home/leyla/Desktop/nexus_ws/install/ucb_interface/share/ucb_interface/cmake/ucb_interface__rosidl_typesupport_introspection_cppExport.cmake
[0.352s] -- Up-to-date: /home/leyla/Desktop/nexus_ws/install/ucb_interface/share/ucb_interface/cmake/ucb_interface__rosidl_typesupport_introspection_cppExport-noconfig.cmake
[0.352s] -- Up-to-date: /home/leyla/Desktop/nexus_ws/install/ucb_interface/share/ucb_interface/cmake/ucb_interface__rosidl_typesupport_cppExport.cmake
[0.352s] -- Up-to-date: /home/leyla/Desktop/nexus_ws/install/ucb_interface/share/ucb_interface/cmake/ucb_interface__rosidl_typesupport_cppExport-noconfig.cmake
[0.352s] -- Up-to-date: /home/leyla/Desktop/nexus_ws/install/ucb_interface/share/ucb_interface/cmake/export_ucb_interface__rosidl_generator_pyExport.cmake
[0.352s] -- Up-to-date: /home/leyla/Desktop/nexus_ws/install/ucb_interface/share/ucb_interface/cmake/export_ucb_interface__rosidl_generator_pyExport-noconfig.cmake
[0.352s] -- Up-to-date: /home/leyla/Desktop/nexus_ws/install/ucb_interface/share/ucb_interface/cmake/rosidl_cmake-extras.cmake
[0.352s] -- Up-to-date: /home/leyla/Desktop/nexus_ws/install/ucb_interface/share/ucb_interface/cmake/ament_cmake_export_dependencies-extras.cmake
[0.352s] -- Up-to-date: /home/leyla/Desktop/nexus_ws/install/ucb_interface/share/ucb_interface/cmake/ament_cmake_export_include_directories-extras.cmake
[0.352s] -- Up-to-date: /home/leyla/Desktop/nexus_ws/install/ucb_interface/share/ucb_interface/cmake/ament_cmake_export_libraries-extras.cmake
[0.352s] -- Up-to-date: /home/leyla/Desktop/nexus_ws/install/ucb_interface/share/ucb_interface/cmake/ament_cmake_export_targets-extras.cmake
[0.352s] -- Up-to-date: /home/leyla/Desktop/nexus_ws/install/ucb_interface/share/ucb_interface/cmake/rosidl_cmake_export_typesupport_targets-extras.cmake
[0.352s] -- Up-to-date: /home/leyla/Desktop/nexus_ws/install/ucb_interface/share/ucb_interface/cmake/rosidl_cmake_export_typesupport_libraries-extras.cmake
[0.353s] -- Up-to-date: /home/leyla/Desktop/nexus_ws/install/ucb_interface/share/ucb_interface/cmake/ucb_interfaceConfig.cmake
[0.353s] -- Up-to-date: /home/leyla/Desktop/nexus_ws/install/ucb_interface/share/ucb_interface/cmake/ucb_interfaceConfig-version.cmake
[0.353s] -- Up-to-date: /home/leyla/Desktop/nexus_ws/install/ucb_interface/share/ucb_interface/package.xml
[0.353s] Invoked command in '/home/leyla/Desktop/nexus_ws/build/ucb_interface' returned '0': CMAKE_PREFIX_PATH=/home/leyla/Desktop/nexus_ws/install/ucb_interface:/home/leyla/Desktop/nexus_ws/install/rosbridge_test_msgs:/home/leyla/Desktop/nexus_ws/install/rosbridge_suite:/home/leyla/Desktop/nexus_ws/install/rosbridge_server:/home/leyla/Desktop/nexus_ws/install/rosbridge_msgs:/home/leyla/Desktop/nexus_ws/install/rosapi:/home/leyla/Desktop/nexus_ws/install/rosbridge_library:/home/leyla/Desktop/nexus_ws/install/rosapi_msgs:/home/leyla/Desktop/nexus_ws/install/robot_description:/home/leyla/Desktop/robot_con_ws/install/robot_description:/home/leyla/Desktop/nexus_ws/install/code_py:/home/leyla/Desktop/robot_con_ws/install/control_py:/home/leyla/Desktop/ver_ws/install/stage_ros2:/home/leyla/Desktop/ver_ws/install/robot_nav:/home/leyla/Desktop/ver_ws/install/navigation_tb3:/home/leyla/Desktop/ver_ws/install/cartographer_rviz:/home/leyla/Desktop/ver_ws/install/cartographer_ros:/home/leyla/Desktop/ver_ws/install/cartographer_ros_msgs:/home/leyla/Desktop/newvis_ws/install/panda_movet:/home/leyla/turtlebot3_ws/install/turtlebot3_teleop:/home/leyla/turtlebot3_ws/install/turtlebot3_example:/opt/ros/humble:/home/leyla/Desktop/robot_con_ws/install/ensamblaje_jpac2:/home/leyla/Desktop/ver_ws/install/Stage:/home/leyla/Documents/ejercicio2_ws/install/test_move:/home/leyla/Documents/ejercicio2_ws/install/panda_movet:/home/leyla/Desktop/newvis_ws/install/panda_assist:/home/leyla/Desktop/newvis_ws/install/robot_description:/home/leyla/turtlebot3_ws/install/turtlebot3:/home/leyla/turtlebot3_ws/install/turtlebot3_bringup:/home/leyla/turtlebot3_ws/install/turtlebot3_node:/home/leyla/turtlebot3_ws/install/turtlebot3_navigation2:/home/leyla/turtlebot3_ws/install/turtlebot3_msgs:/home/leyla/turtlebot3_ws/install/turtlebot3_description:/home/leyla/turtlebot3_ws/install/turtlebot3_cartographer:/home/leyla/turtlebot3_ws/install/dynamixel_sdk_examples:/home/leyla/turtlebot3_ws/install/dynamixel_sdk_custom_interfaces:/home/leyla/turtlebot3_ws/install/dynamixel_sdk /usr/bin/cmake --install /home/leyla/Desktop/nexus_ws/build/ucb_interface
