[0.011s] Invoking command in '/home/leyla/Desktop/nexus_ws/build/rosbridge_library': CMAKE_PREFIX_PATH=/home/leyla/Desktop/nexus_ws/install/rosbridge_test_msgs:/home/leyla/Desktop/nexus_ws/install/ucb_interface:/home/leyla/Desktop/nexus_ws/install/rosbridge_suite:/home/leyla/Desktop/nexus_ws/install/rosbridge_server:/home/leyla/Desktop/nexus_ws/install/rosbridge_msgs:/home/leyla/Desktop/nexus_ws/install/rosapi:/home/leyla/Desktop/nexus_ws/install/rosbridge_library:/home/leyla/Desktop/nexus_ws/install/rosapi_msgs:/home/leyla/Desktop/ver_ws/install/Stage:/home/leyla/Documents/ejercicio2_ws/install/test_move:/home/leyla/Documents/ejercicio2_ws/install/panda_movet:/home/leyla/Desktop/newvis_ws/install/panda_assist:/home/leyla/Desktop/newvis_ws/install/robot_description:/home/leyla/turtlebot3_ws/install/turtlebot3:/home/leyla/turtlebot3_ws/install/turtlebot3_bringup:/home/leyla/turtlebot3_ws/install/turtlebot3_node:/home/leyla/turtlebot3_ws/install/turtlebot3_navigation2:/home/leyla/turtlebot3_ws/install/turtlebot3_msgs:/home/leyla/turtlebot3_ws/install/turtlebot3_description:/home/leyla/turtlebot3_ws/install/turtlebot3_cartographer:/home/leyla/turtlebot3_ws/install/dynamixel_sdk_examples:/home/leyla/turtlebot3_ws/install/dynamixel_sdk_custom_interfaces:/home/leyla/turtlebot3_ws/install/dynamixel_sdk:/home/leyla/Desktop/nexus_ws/install/code_py:/home/leyla/Desktop/ver_ws/install/stage_ros2:/home/leyla/Desktop/ver_ws/install/robot_nav:/home/leyla/Desktop/ver_ws/install/navigation_tb3:/home/leyla/Desktop/ver_ws/install/cartographer_rviz:/home/leyla/Desktop/ver_ws/install/cartographer_ros:/home/leyla/Desktop/ver_ws/install/cartographer_ros_msgs:/home/leyla/Desktop/newvis_ws/install/panda_movet:/home/leyla/turtlebot3_ws/install/turtlebot3_teleop:/home/leyla/turtlebot3_ws/install/turtlebot3_example:/opt/ros/humble LD_LIBRARY_PATH=/home/leyla/Desktop/nexus_ws/install/rosbridge_test_msgs/lib:/home/leyla/Desktop/nexus_ws/install/ucb_interface/lib:/home/leyla/Desktop/nexus_ws/install/rosbridge_msgs/lib:/home/leyla/Desktop/nexus_ws/install/rosapi_msgs/lib:/home/leyla/Desktop/ver_ws/install/stage_ros2/lib:/home/leyla/Desktop/ver_ws/install/cartographer_rviz/lib:/home/leyla/Desktop/ver_ws/install/cartographer_ros/lib:/home/leyla/Desktop/ver_ws/install/cartographer_ros_msgs/lib:/home/leyla/Desktop/ver_ws/install/Stage/lib:/home/leyla/turtlebot3_ws/install/turtlebot3_msgs/lib:/home/leyla/turtlebot3_ws/install/dynamixel_sdk_custom_interfaces/lib:/home/leyla/turtlebot3_ws/install/dynamixel_sdk/lib:/usr/lib/x86_64-linux-gnu/gazebo-11/plugins:/opt/ros/humble/opt/rviz_ogre_vendor/lib:/opt/ros/humble/lib/x86_64-linux-gnu:/opt/ros/humble/lib:/usr/lib/x86_64-linux-gnu/gazebo-11/plugins:/usr/lib/x86_64-linux-gnu/gazebo-11/plugins:/usr/lib/x86_64-linux-gnu/gazebo-11/plugins /usr/bin/cmake /home/leyla/Desktop/nexus_ws/src/rosbridge_suite/rosbridge_library -DCMAKE_INSTALL_PREFIX=/home/leyla/Desktop/nexus_ws/install/rosbridge_library
[0.067s] -- The C compiler identification is GNU 11.4.0
[0.123s] -- The CXX compiler identification is GNU 11.4.0
[0.128s] -- Detecting C compiler ABI info
[0.212s] -- Detecting C compiler ABI info - done
[0.219s] -- Check for working C compiler: /usr/bin/cc - skipped
[0.219s] -- Detecting C compile features
[0.219s] -- Detecting C compile features - done
[0.222s] -- Detecting CXX compiler ABI info
[0.314s] -- Detecting CXX compiler ABI info - done
[0.319s] -- Check for working CXX compiler: /usr/bin/c++ - skipped
[0.319s] -- Detecting CXX compile features
[0.319s] -- Detecting CXX compile features - done
[0.323s] -- Found ament_cmake_ros: 0.10.0 (/opt/ros/humble/share/ament_cmake_ros/cmake)
[0.504s] -- Found Python3: /usr/bin/python3 (found version "3.10.12") found components: Interpreter 
[1.150s] -- Configuring done
[1.152s] -- Generating done
[1.154s] -- Build files have been written to: /home/leyla/Desktop/nexus_ws/build/rosbridge_library
[1.158s] Invoked command in '/home/leyla/Desktop/nexus_ws/build/rosbridge_library' returned '0': CMAKE_PREFIX_PATH=/home/leyla/Desktop/nexus_ws/install/rosbridge_test_msgs:/home/leyla/Desktop/nexus_ws/install/ucb_interface:/home/leyla/Desktop/nexus_ws/install/rosbridge_suite:/home/leyla/Desktop/nexus_ws/install/rosbridge_server:/home/leyla/Desktop/nexus_ws/install/rosbridge_msgs:/home/leyla/Desktop/nexus_ws/install/rosapi:/home/leyla/Desktop/nexus_ws/install/rosbridge_library:/home/leyla/Desktop/nexus_ws/install/rosapi_msgs:/home/leyla/Desktop/ver_ws/install/Stage:/home/leyla/Documents/ejercicio2_ws/install/test_move:/home/leyla/Documents/ejercicio2_ws/install/panda_movet:/home/leyla/Desktop/newvis_ws/install/panda_assist:/home/leyla/Desktop/newvis_ws/install/robot_description:/home/leyla/turtlebot3_ws/install/turtlebot3:/home/leyla/turtlebot3_ws/install/turtlebot3_bringup:/home/leyla/turtlebot3_ws/install/turtlebot3_node:/home/leyla/turtlebot3_ws/install/turtlebot3_navigation2:/home/leyla/turtlebot3_ws/install/turtlebot3_msgs:/home/leyla/turtlebot3_ws/install/turtlebot3_description:/home/leyla/turtlebot3_ws/install/turtlebot3_cartographer:/home/leyla/turtlebot3_ws/install/dynamixel_sdk_examples:/home/leyla/turtlebot3_ws/install/dynamixel_sdk_custom_interfaces:/home/leyla/turtlebot3_ws/install/dynamixel_sdk:/home/leyla/Desktop/nexus_ws/install/code_py:/home/leyla/Desktop/ver_ws/install/stage_ros2:/home/leyla/Desktop/ver_ws/install/robot_nav:/home/leyla/Desktop/ver_ws/install/navigation_tb3:/home/leyla/Desktop/ver_ws/install/cartographer_rviz:/home/leyla/Desktop/ver_ws/install/cartographer_ros:/home/leyla/Desktop/ver_ws/install/cartographer_ros_msgs:/home/leyla/Desktop/newvis_ws/install/panda_movet:/home/leyla/turtlebot3_ws/install/turtlebot3_teleop:/home/leyla/turtlebot3_ws/install/turtlebot3_example:/opt/ros/humble LD_LIBRARY_PATH=/home/leyla/Desktop/nexus_ws/install/rosbridge_test_msgs/lib:/home/leyla/Desktop/nexus_ws/install/ucb_interface/lib:/home/leyla/Desktop/nexus_ws/install/rosbridge_msgs/lib:/home/leyla/Desktop/nexus_ws/install/rosapi_msgs/lib:/home/leyla/Desktop/ver_ws/install/stage_ros2/lib:/home/leyla/Desktop/ver_ws/install/cartographer_rviz/lib:/home/leyla/Desktop/ver_ws/install/cartographer_ros/lib:/home/leyla/Desktop/ver_ws/install/cartographer_ros_msgs/lib:/home/leyla/Desktop/ver_ws/install/Stage/lib:/home/leyla/turtlebot3_ws/install/turtlebot3_msgs/lib:/home/leyla/turtlebot3_ws/install/dynamixel_sdk_custom_interfaces/lib:/home/leyla/turtlebot3_ws/install/dynamixel_sdk/lib:/usr/lib/x86_64-linux-gnu/gazebo-11/plugins:/opt/ros/humble/opt/rviz_ogre_vendor/lib:/opt/ros/humble/lib/x86_64-linux-gnu:/opt/ros/humble/lib:/usr/lib/x86_64-linux-gnu/gazebo-11/plugins:/usr/lib/x86_64-linux-gnu/gazebo-11/plugins:/usr/lib/x86_64-linux-gnu/gazebo-11/plugins /usr/bin/cmake /home/leyla/Desktop/nexus_ws/src/rosbridge_suite/rosbridge_library -DCMAKE_INSTALL_PREFIX=/home/leyla/Desktop/nexus_ws/install/rosbridge_library
[1.160s] Invoking command in '/home/leyla/Desktop/nexus_ws/build/rosbridge_library': CMAKE_PREFIX_PATH=/home/leyla/Desktop/nexus_ws/install/rosbridge_test_msgs:/home/leyla/Desktop/nexus_ws/install/ucb_interface:/home/leyla/Desktop/nexus_ws/install/rosbridge_suite:/home/leyla/Desktop/nexus_ws/install/rosbridge_server:/home/leyla/Desktop/nexus_ws/install/rosbridge_msgs:/home/leyla/Desktop/nexus_ws/install/rosapi:/home/leyla/Desktop/nexus_ws/install/rosbridge_library:/home/leyla/Desktop/nexus_ws/install/rosapi_msgs:/home/leyla/Desktop/ver_ws/install/Stage:/home/leyla/Documents/ejercicio2_ws/install/test_move:/home/leyla/Documents/ejercicio2_ws/install/panda_movet:/home/leyla/Desktop/newvis_ws/install/panda_assist:/home/leyla/Desktop/newvis_ws/install/robot_description:/home/leyla/turtlebot3_ws/install/turtlebot3:/home/leyla/turtlebot3_ws/install/turtlebot3_bringup:/home/leyla/turtlebot3_ws/install/turtlebot3_node:/home/leyla/turtlebot3_ws/install/turtlebot3_navigation2:/home/leyla/turtlebot3_ws/install/turtlebot3_msgs:/home/leyla/turtlebot3_ws/install/turtlebot3_description:/home/leyla/turtlebot3_ws/install/turtlebot3_cartographer:/home/leyla/turtlebot3_ws/install/dynamixel_sdk_examples:/home/leyla/turtlebot3_ws/install/dynamixel_sdk_custom_interfaces:/home/leyla/turtlebot3_ws/install/dynamixel_sdk:/home/leyla/Desktop/nexus_ws/install/code_py:/home/leyla/Desktop/ver_ws/install/stage_ros2:/home/leyla/Desktop/ver_ws/install/robot_nav:/home/leyla/Desktop/ver_ws/install/navigation_tb3:/home/leyla/Desktop/ver_ws/install/cartographer_rviz:/home/leyla/Desktop/ver_ws/install/cartographer_ros:/home/leyla/Desktop/ver_ws/install/cartographer_ros_msgs:/home/leyla/Desktop/newvis_ws/install/panda_movet:/home/leyla/turtlebot3_ws/install/turtlebot3_teleop:/home/leyla/turtlebot3_ws/install/turtlebot3_example:/opt/ros/humble LD_LIBRARY_PATH=/home/leyla/Desktop/nexus_ws/install/rosbridge_test_msgs/lib:/home/leyla/Desktop/nexus_ws/install/ucb_interface/lib:/home/leyla/Desktop/nexus_ws/install/rosbridge_msgs/lib:/home/leyla/Desktop/nexus_ws/install/rosapi_msgs/lib:/home/leyla/Desktop/ver_ws/install/stage_ros2/lib:/home/leyla/Desktop/ver_ws/install/cartographer_rviz/lib:/home/leyla/Desktop/ver_ws/install/cartographer_ros/lib:/home/leyla/Desktop/ver_ws/install/cartographer_ros_msgs/lib:/home/leyla/Desktop/ver_ws/install/Stage/lib:/home/leyla/turtlebot3_ws/install/turtlebot3_msgs/lib:/home/leyla/turtlebot3_ws/install/dynamixel_sdk_custom_interfaces/lib:/home/leyla/turtlebot3_ws/install/dynamixel_sdk/lib:/usr/lib/x86_64-linux-gnu/gazebo-11/plugins:/opt/ros/humble/opt/rviz_ogre_vendor/lib:/opt/ros/humble/lib/x86_64-linux-gnu:/opt/ros/humble/lib:/usr/lib/x86_64-linux-gnu/gazebo-11/plugins:/usr/lib/x86_64-linux-gnu/gazebo-11/plugins:/usr/lib/x86_64-linux-gnu/gazebo-11/plugins /usr/bin/cmake --build /home/leyla/Desktop/nexus_ws/build/rosbridge_library -- -j20 -l20
[1.227s] Built target ament_cmake_python_copy_rosbridge_library
[1.411s] running egg_info
[1.411s] creating rosbridge_library.egg-info
[1.412s] writing rosbridge_library.egg-info/PKG-INFO
[1.412s] writing dependency_links to rosbridge_library.egg-info/dependency_links.txt
[1.412s] writing top-level names to rosbridge_library.egg-info/top_level.txt
[1.412s] writing manifest file 'rosbridge_library.egg-info/SOURCES.txt'
[1.413s] reading manifest file 'rosbridge_library.egg-info/SOURCES.txt'
[1.414s] writing manifest file 'rosbridge_library.egg-info/SOURCES.txt'
[1.433s] Built target ament_cmake_python_build_rosbridge_library_egg
[1.443s] Invoked command in '/home/leyla/Desktop/nexus_ws/build/rosbridge_library' returned '0': CMAKE_PREFIX_PATH=/home/leyla/Desktop/nexus_ws/install/rosbridge_test_msgs:/home/leyla/Desktop/nexus_ws/install/ucb_interface:/home/leyla/Desktop/nexus_ws/install/rosbridge_suite:/home/leyla/Desktop/nexus_ws/install/rosbridge_server:/home/leyla/Desktop/nexus_ws/install/rosbridge_msgs:/home/leyla/Desktop/nexus_ws/install/rosapi:/home/leyla/Desktop/nexus_ws/install/rosbridge_library:/home/leyla/Desktop/nexus_ws/install/rosapi_msgs:/home/leyla/Desktop/ver_ws/install/Stage:/home/leyla/Documents/ejercicio2_ws/install/test_move:/home/leyla/Documents/ejercicio2_ws/install/panda_movet:/home/leyla/Desktop/newvis_ws/install/panda_assist:/home/leyla/Desktop/newvis_ws/install/robot_description:/home/leyla/turtlebot3_ws/install/turtlebot3:/home/leyla/turtlebot3_ws/install/turtlebot3_bringup:/home/leyla/turtlebot3_ws/install/turtlebot3_node:/home/leyla/turtlebot3_ws/install/turtlebot3_navigation2:/home/leyla/turtlebot3_ws/install/turtlebot3_msgs:/home/leyla/turtlebot3_ws/install/turtlebot3_description:/home/leyla/turtlebot3_ws/install/turtlebot3_cartographer:/home/leyla/turtlebot3_ws/install/dynamixel_sdk_examples:/home/leyla/turtlebot3_ws/install/dynamixel_sdk_custom_interfaces:/home/leyla/turtlebot3_ws/install/dynamixel_sdk:/home/leyla/Desktop/nexus_ws/install/code_py:/home/leyla/Desktop/ver_ws/install/stage_ros2:/home/leyla/Desktop/ver_ws/install/robot_nav:/home/leyla/Desktop/ver_ws/install/navigation_tb3:/home/leyla/Desktop/ver_ws/install/cartographer_rviz:/home/leyla/Desktop/ver_ws/install/cartographer_ros:/home/leyla/Desktop/ver_ws/install/cartographer_ros_msgs:/home/leyla/Desktop/newvis_ws/install/panda_movet:/home/leyla/turtlebot3_ws/install/turtlebot3_teleop:/home/leyla/turtlebot3_ws/install/turtlebot3_example:/opt/ros/humble LD_LIBRARY_PATH=/home/leyla/Desktop/nexus_ws/install/rosbridge_test_msgs/lib:/home/leyla/Desktop/nexus_ws/install/ucb_interface/lib:/home/leyla/Desktop/nexus_ws/install/rosbridge_msgs/lib:/home/leyla/Desktop/nexus_ws/install/rosapi_msgs/lib:/home/leyla/Desktop/ver_ws/install/stage_ros2/lib:/home/leyla/Desktop/ver_ws/install/cartographer_rviz/lib:/home/leyla/Desktop/ver_ws/install/cartographer_ros/lib:/home/leyla/Desktop/ver_ws/install/cartographer_ros_msgs/lib:/home/leyla/Desktop/ver_ws/install/Stage/lib:/home/leyla/turtlebot3_ws/install/turtlebot3_msgs/lib:/home/leyla/turtlebot3_ws/install/dynamixel_sdk_custom_interfaces/lib:/home/leyla/turtlebot3_ws/install/dynamixel_sdk/lib:/usr/lib/x86_64-linux-gnu/gazebo-11/plugins:/opt/ros/humble/opt/rviz_ogre_vendor/lib:/opt/ros/humble/lib/x86_64-linux-gnu:/opt/ros/humble/lib:/usr/lib/x86_64-linux-gnu/gazebo-11/plugins:/usr/lib/x86_64-linux-gnu/gazebo-11/plugins:/usr/lib/x86_64-linux-gnu/gazebo-11/plugins /usr/bin/cmake --build /home/leyla/Desktop/nexus_ws/build/rosbridge_library -- -j20 -l20
[1.445s] Invoking command in '/home/leyla/Desktop/nexus_ws/build/rosbridge_library': CMAKE_PREFIX_PATH=/home/leyla/Desktop/nexus_ws/install/rosbridge_test_msgs:/home/leyla/Desktop/nexus_ws/install/ucb_interface:/home/leyla/Desktop/nexus_ws/install/rosbridge_suite:/home/leyla/Desktop/nexus_ws/install/rosbridge_server:/home/leyla/Desktop/nexus_ws/install/rosbridge_msgs:/home/leyla/Desktop/nexus_ws/install/rosapi:/home/leyla/Desktop/nexus_ws/install/rosbridge_library:/home/leyla/Desktop/nexus_ws/install/rosapi_msgs:/home/leyla/Desktop/ver_ws/install/Stage:/home/leyla/Documents/ejercicio2_ws/install/test_move:/home/leyla/Documents/ejercicio2_ws/install/panda_movet:/home/leyla/Desktop/newvis_ws/install/panda_assist:/home/leyla/Desktop/newvis_ws/install/robot_description:/home/leyla/turtlebot3_ws/install/turtlebot3:/home/leyla/turtlebot3_ws/install/turtlebot3_bringup:/home/leyla/turtlebot3_ws/install/turtlebot3_node:/home/leyla/turtlebot3_ws/install/turtlebot3_navigation2:/home/leyla/turtlebot3_ws/install/turtlebot3_msgs:/home/leyla/turtlebot3_ws/install/turtlebot3_description:/home/leyla/turtlebot3_ws/install/turtlebot3_cartographer:/home/leyla/turtlebot3_ws/install/dynamixel_sdk_examples:/home/leyla/turtlebot3_ws/install/dynamixel_sdk_custom_interfaces:/home/leyla/turtlebot3_ws/install/dynamixel_sdk:/home/leyla/Desktop/nexus_ws/install/code_py:/home/leyla/Desktop/ver_ws/install/stage_ros2:/home/leyla/Desktop/ver_ws/install/robot_nav:/home/leyla/Desktop/ver_ws/install/navigation_tb3:/home/leyla/Desktop/ver_ws/install/cartographer_rviz:/home/leyla/Desktop/ver_ws/install/cartographer_ros:/home/leyla/Desktop/ver_ws/install/cartographer_ros_msgs:/home/leyla/Desktop/newvis_ws/install/panda_movet:/home/leyla/turtlebot3_ws/install/turtlebot3_teleop:/home/leyla/turtlebot3_ws/install/turtlebot3_example:/opt/ros/humble LD_LIBRARY_PATH=/home/leyla/Desktop/nexus_ws/install/rosbridge_test_msgs/lib:/home/leyla/Desktop/nexus_ws/install/ucb_interface/lib:/home/leyla/Desktop/nexus_ws/install/rosbridge_msgs/lib:/home/leyla/Desktop/nexus_ws/install/rosapi_msgs/lib:/home/leyla/Desktop/ver_ws/install/stage_ros2/lib:/home/leyla/Desktop/ver_ws/install/cartographer_rviz/lib:/home/leyla/Desktop/ver_ws/install/cartographer_ros/lib:/home/leyla/Desktop/ver_ws/install/cartographer_ros_msgs/lib:/home/leyla/Desktop/ver_ws/install/Stage/lib:/home/leyla/turtlebot3_ws/install/turtlebot3_msgs/lib:/home/leyla/turtlebot3_ws/install/dynamixel_sdk_custom_interfaces/lib:/home/leyla/turtlebot3_ws/install/dynamixel_sdk/lib:/usr/lib/x86_64-linux-gnu/gazebo-11/plugins:/opt/ros/humble/opt/rviz_ogre_vendor/lib:/opt/ros/humble/lib/x86_64-linux-gnu:/opt/ros/humble/lib:/usr/lib/x86_64-linux-gnu/gazebo-11/plugins:/usr/lib/x86_64-linux-gnu/gazebo-11/plugins:/usr/lib/x86_64-linux-gnu/gazebo-11/plugins /usr/bin/cmake --install /home/leyla/Desktop/nexus_ws/build/rosbridge_library
[1.452s] -- Install configuration: ""
[1.453s] -- Installing: /home/leyla/Desktop/nexus_ws/install/rosbridge_library/share/rosbridge_library/environment/pythonpath.sh
[1.453s] -- Installing: /home/leyla/Desktop/nexus_ws/install/rosbridge_library/share/rosbridge_library/environment/pythonpath.dsv
[1.453s] -- Installing: /home/leyla/Desktop/nexus_ws/install/rosbridge_library/local/lib/python3.10/dist-packages/rosbridge_library-2.0.1-py3.10.egg-info
[1.453s] -- Installing: /home/leyla/Desktop/nexus_ws/install/rosbridge_library/local/lib/python3.10/dist-packages/rosbridge_library-2.0.1-py3.10.egg-info/SOURCES.txt
[1.453s] -- Installing: /home/leyla/Desktop/nexus_ws/install/rosbridge_library/local/lib/python3.10/dist-packages/rosbridge_library-2.0.1-py3.10.egg-info/dependency_links.txt
[1.453s] -- Installing: /home/leyla/Desktop/nexus_ws/install/rosbridge_library/local/lib/python3.10/dist-packages/rosbridge_library-2.0.1-py3.10.egg-info/PKG-INFO
[1.453s] -- Installing: /home/leyla/Desktop/nexus_ws/install/rosbridge_library/local/lib/python3.10/dist-packages/rosbridge_library-2.0.1-py3.10.egg-info/top_level.txt
[1.453s] -- Installing: /home/leyla/Desktop/nexus_ws/install/rosbridge_library/local/lib/python3.10/dist-packages/rosbridge_library
[1.453s] -- Installing: /home/leyla/Desktop/nexus_ws/install/rosbridge_library/local/lib/python3.10/dist-packages/rosbridge_library/util
[1.453s] -- Installing: /home/leyla/Desktop/nexus_ws/install/rosbridge_library/local/lib/python3.10/dist-packages/rosbridge_library/util/__init__.py
[1.453s] -- Installing: /home/leyla/Desktop/nexus_ws/install/rosbridge_library/local/lib/python3.10/dist-packages/rosbridge_library/util/ros.py
[1.453s] -- Installing: /home/leyla/Desktop/nexus_ws/install/rosbridge_library/local/lib/python3.10/dist-packages/rosbridge_library/util/cbor.py
[1.454s] -- Installing: /home/leyla/Desktop/nexus_ws/install/rosbridge_library/local/lib/python3.10/dist-packages/rosbridge_library/__init__.py
[1.454s] -- Installing: /home/leyla/Desktop/nexus_ws/install/rosbridge_library/local/lib/python3.10/dist-packages/rosbridge_library/capabilities
[1.454s] -- Installing: /home/leyla/Desktop/nexus_ws/install/rosbridge_library/local/lib/python3.10/dist-packages/rosbridge_library/capabilities/action_result.py
[1.454s] -- Installing: /home/leyla/Desktop/nexus_ws/install/rosbridge_library/local/lib/python3.10/dist-packages/rosbridge_library/capabilities/__init__.py
[1.454s] -- Installing: /home/leyla/Desktop/nexus_ws/install/rosbridge_library/local/lib/python3.10/dist-packages/rosbridge_library/capabilities/send_action_goal.py
[1.454s] -- Installing: /home/leyla/Desktop/nexus_ws/install/rosbridge_library/local/lib/python3.10/dist-packages/rosbridge_library/capabilities/advertise_action.py
[1.454s] -- Installing: /home/leyla/Desktop/nexus_ws/install/rosbridge_library/local/lib/python3.10/dist-packages/rosbridge_library/capabilities/unadvertise_service.py
[1.454s] -- Installing: /home/leyla/Desktop/nexus_ws/install/rosbridge_library/local/lib/python3.10/dist-packages/rosbridge_library/capabilities/fragmentation.py
[1.454s] -- Installing: /home/leyla/Desktop/nexus_ws/install/rosbridge_library/local/lib/python3.10/dist-packages/rosbridge_library/capabilities/unadvertise_action.py
[1.454s] -- Installing: /home/leyla/Desktop/nexus_ws/install/rosbridge_library/local/lib/python3.10/dist-packages/rosbridge_library/capabilities/advertise_service.py
[1.454s] -- Installing: /home/leyla/Desktop/nexus_ws/install/rosbridge_library/local/lib/python3.10/dist-packages/rosbridge_library/capabilities/action_feedback.py
[1.454s] -- Installing: /home/leyla/Desktop/nexus_ws/install/rosbridge_library/local/lib/python3.10/dist-packages/rosbridge_library/capabilities/call_service.py
[1.455s] -- Installing: /home/leyla/Desktop/nexus_ws/install/rosbridge_library/local/lib/python3.10/dist-packages/rosbridge_library/capabilities/subscribe.py
[1.455s] -- Installing: /home/leyla/Desktop/nexus_ws/install/rosbridge_library/local/lib/python3.10/dist-packages/rosbridge_library/capabilities/service_response.py
[1.455s] -- Installing: /home/leyla/Desktop/nexus_ws/install/rosbridge_library/local/lib/python3.10/dist-packages/rosbridge_library/capabilities/advertise.py
[1.455s] -- Installing: /home/leyla/Desktop/nexus_ws/install/rosbridge_library/local/lib/python3.10/dist-packages/rosbridge_library/capabilities/publish.py
[1.455s] -- Installing: /home/leyla/Desktop/nexus_ws/install/rosbridge_library/local/lib/python3.10/dist-packages/rosbridge_library/capabilities/defragmentation.py
[1.456s] -- Installing: /home/leyla/Desktop/nexus_ws/install/rosbridge_library/local/lib/python3.10/dist-packages/rosbridge_library/internal
[1.456s] -- Installing: /home/leyla/Desktop/nexus_ws/install/rosbridge_library/local/lib/python3.10/dist-packages/rosbridge_library/internal/pngcompression.py
[1.456s] -- Installing: /home/leyla/Desktop/nexus_ws/install/rosbridge_library/local/lib/python3.10/dist-packages/rosbridge_library/internal/cbor_conversion.py
[1.456s] -- Installing: /home/leyla/Desktop/nexus_ws/install/rosbridge_library/local/lib/python3.10/dist-packages/rosbridge_library/internal/__init__.py
[1.456s] -- Installing: /home/leyla/Desktop/nexus_ws/install/rosbridge_library/local/lib/python3.10/dist-packages/rosbridge_library/internal/subscribers.py
[1.456s] -- Installing: /home/leyla/Desktop/nexus_ws/install/rosbridge_library/local/lib/python3.10/dist-packages/rosbridge_library/internal/exceptions.py
[1.456s] -- Installing: /home/leyla/Desktop/nexus_ws/install/rosbridge_library/local/lib/python3.10/dist-packages/rosbridge_library/internal/topics.py
[1.456s] -- Installing: /home/leyla/Desktop/nexus_ws/install/rosbridge_library/local/lib/python3.10/dist-packages/rosbridge_library/internal/publishers.py
[1.456s] -- Installing: /home/leyla/Desktop/nexus_ws/install/rosbridge_library/local/lib/python3.10/dist-packages/rosbridge_library/internal/actions.py
[1.456s] -- Installing: /home/leyla/Desktop/nexus_ws/install/rosbridge_library/local/lib/python3.10/dist-packages/rosbridge_library/internal/message_conversion.py
[1.456s] -- Installing: /home/leyla/Desktop/nexus_ws/install/rosbridge_library/local/lib/python3.10/dist-packages/rosbridge_library/internal/services.py
[1.457s] -- Installing: /home/leyla/Desktop/nexus_ws/install/rosbridge_library/local/lib/python3.10/dist-packages/rosbridge_library/internal/outgoing_message.py
[1.457s] -- Installing: /home/leyla/Desktop/nexus_ws/install/rosbridge_library/local/lib/python3.10/dist-packages/rosbridge_library/internal/ros_loader.py
[1.457s] -- Installing: /home/leyla/Desktop/nexus_ws/install/rosbridge_library/local/lib/python3.10/dist-packages/rosbridge_library/internal/subscription_modifiers.py
[1.457s] -- Installing: /home/leyla/Desktop/nexus_ws/install/rosbridge_library/local/lib/python3.10/dist-packages/rosbridge_library/capability.py
[1.457s] -- Installing: /home/leyla/Desktop/nexus_ws/install/rosbridge_library/local/lib/python3.10/dist-packages/rosbridge_library/rosbridge_protocol.py
[1.457s] -- Installing: /home/leyla/Desktop/nexus_ws/install/rosbridge_library/local/lib/python3.10/dist-packages/rosbridge_library/protocol.py
[1.506s] Listing '/home/leyla/Desktop/nexus_ws/install/rosbridge_library/local/lib/python3.10/dist-packages/rosbridge_library'...
[1.507s] Compiling '/home/leyla/Desktop/nexus_ws/install/rosbridge_library/local/lib/python3.10/dist-packages/rosbridge_library/__init__.py'...
[1.507s] Listing '/home/leyla/Desktop/nexus_ws/install/rosbridge_library/local/lib/python3.10/dist-packages/rosbridge_library/capabilities'...
[1.507s] Compiling '/home/leyla/Desktop/nexus_ws/install/rosbridge_library/local/lib/python3.10/dist-packages/rosbridge_library/capabilities/__init__.py'...
[1.507s] Compiling '/home/leyla/Desktop/nexus_ws/install/rosbridge_library/local/lib/python3.10/dist-packages/rosbridge_library/capabilities/action_feedback.py'...
[1.507s] Compiling '/home/leyla/Desktop/nexus_ws/install/rosbridge_library/local/lib/python3.10/dist-packages/rosbridge_library/capabilities/action_result.py'...
[1.507s] Compiling '/home/leyla/Desktop/nexus_ws/install/rosbridge_library/local/lib/python3.10/dist-packages/rosbridge_library/capabilities/advertise.py'...
[1.507s] Compiling '/home/leyla/Desktop/nexus_ws/install/rosbridge_library/local/lib/python3.10/dist-packages/rosbridge_library/capabilities/advertise_action.py'...
[1.507s] Compiling '/home/leyla/Desktop/nexus_ws/install/rosbridge_library/local/lib/python3.10/dist-packages/rosbridge_library/capabilities/advertise_service.py'...
[1.507s] Compiling '/home/leyla/Desktop/nexus_ws/install/rosbridge_library/local/lib/python3.10/dist-packages/rosbridge_library/capabilities/call_service.py'...
[1.507s] Compiling '/home/leyla/Desktop/nexus_ws/install/rosbridge_library/local/lib/python3.10/dist-packages/rosbridge_library/capabilities/defragmentation.py'...
[1.507s] Compiling '/home/leyla/Desktop/nexus_ws/install/rosbridge_library/local/lib/python3.10/dist-packages/rosbridge_library/capabilities/fragmentation.py'...
[1.507s] Compiling '/home/leyla/Desktop/nexus_ws/install/rosbridge_library/local/lib/python3.10/dist-packages/rosbridge_library/capabilities/publish.py'...
[1.507s] Compiling '/home/leyla/Desktop/nexus_ws/install/rosbridge_library/local/lib/python3.10/dist-packages/rosbridge_library/capabilities/send_action_goal.py'...
[1.507s] Compiling '/home/leyla/Desktop/nexus_ws/install/rosbridge_library/local/lib/python3.10/dist-packages/rosbridge_library/capabilities/service_response.py'...
[1.507s] Compiling '/home/leyla/Desktop/nexus_ws/install/rosbridge_library/local/lib/python3.10/dist-packages/rosbridge_library/capabilities/subscribe.py'...
[1.507s] Compiling '/home/leyla/Desktop/nexus_ws/install/rosbridge_library/local/lib/python3.10/dist-packages/rosbridge_library/capabilities/unadvertise_action.py'...
[1.507s] Compiling '/home/leyla/Desktop/nexus_ws/install/rosbridge_library/local/lib/python3.10/dist-packages/rosbridge_library/capabilities/unadvertise_service.py'...
[1.507s] Compiling '/home/leyla/Desktop/nexus_ws/install/rosbridge_library/local/lib/python3.10/dist-packages/rosbridge_library/capability.py'...
[1.507s] Listing '/home/leyla/Desktop/nexus_ws/install/rosbridge_library/local/lib/python3.10/dist-packages/rosbridge_library/internal'...
[1.507s] Compiling '/home/leyla/Desktop/nexus_ws/install/rosbridge_library/local/lib/python3.10/dist-packages/rosbridge_library/internal/__init__.py'...
[1.507s] Compiling '/home/leyla/Desktop/nexus_ws/install/rosbridge_library/local/lib/python3.10/dist-packages/rosbridge_library/internal/actions.py'...
[1.507s] Compiling '/home/leyla/Desktop/nexus_ws/install/rosbridge_library/local/lib/python3.10/dist-packages/rosbridge_library/internal/cbor_conversion.py'...
[1.507s] Compiling '/home/leyla/Desktop/nexus_ws/install/rosbridge_library/local/lib/python3.10/dist-packages/rosbridge_library/internal/exceptions.py'...
[1.507s] Compiling '/home/leyla/Desktop/nexus_ws/install/rosbridge_library/local/lib/python3.10/dist-packages/rosbridge_library/internal/message_conversion.py'...
[1.507s] Compiling '/home/leyla/Desktop/nexus_ws/install/rosbridge_library/local/lib/python3.10/dist-packages/rosbridge_library/internal/outgoing_message.py'...
[1.507s] Compiling '/home/leyla/Desktop/nexus_ws/install/rosbridge_library/local/lib/python3.10/dist-packages/rosbridge_library/internal/pngcompression.py'...
[1.507s] Compiling '/home/leyla/Desktop/nexus_ws/install/rosbridge_library/local/lib/python3.10/dist-packages/rosbridge_library/internal/publishers.py'...
[1.507s] Compiling '/home/leyla/Desktop/nexus_ws/install/rosbridge_library/local/lib/python3.10/dist-packages/rosbridge_library/internal/ros_loader.py'...
[1.507s] Compiling '/home/leyla/Desktop/nexus_ws/install/rosbridge_library/local/lib/python3.10/dist-packages/rosbridge_library/internal/services.py'...
[1.507s] Compiling '/home/leyla/Desktop/nexus_ws/install/rosbridge_library/local/lib/python3.10/dist-packages/rosbridge_library/internal/subscribers.py'...
[1.507s] Compiling '/home/leyla/Desktop/nexus_ws/install/rosbridge_library/local/lib/python3.10/dist-packages/rosbridge_library/internal/subscription_modifiers.py'...
[1.507s] Compiling '/home/leyla/Desktop/nexus_ws/install/rosbridge_library/local/lib/python3.10/dist-packages/rosbridge_library/internal/topics.py'...
[1.508s] Compiling '/home/leyla/Desktop/nexus_ws/install/rosbridge_library/local/lib/python3.10/dist-packages/rosbridge_library/protocol.py'...
[1.508s] Compiling '/home/leyla/Desktop/nexus_ws/install/rosbridge_library/local/lib/python3.10/dist-packages/rosbridge_library/rosbridge_protocol.py'...
[1.508s] Listing '/home/leyla/Desktop/nexus_ws/install/rosbridge_library/local/lib/python3.10/dist-packages/rosbridge_library/util'...
[1.508s] Compiling '/home/leyla/Desktop/nexus_ws/install/rosbridge_library/local/lib/python3.10/dist-packages/rosbridge_library/util/__init__.py'...
[1.508s] Compiling '/home/leyla/Desktop/nexus_ws/install/rosbridge_library/local/lib/python3.10/dist-packages/rosbridge_library/util/cbor.py'...
[1.508s] Compiling '/home/leyla/Desktop/nexus_ws/install/rosbridge_library/local/lib/python3.10/dist-packages/rosbridge_library/util/ros.py'...
[1.509s] -- Installing: /home/leyla/Desktop/nexus_ws/install/rosbridge_library/share/ament_index/resource_index/package_run_dependencies/rosbridge_library
[1.510s] -- Installing: /home/leyla/Desktop/nexus_ws/install/rosbridge_library/share/ament_index/resource_index/parent_prefix_path/rosbridge_library
[1.510s] -- Installing: /home/leyla/Desktop/nexus_ws/install/rosbridge_library/share/rosbridge_library/environment/ament_prefix_path.sh
[1.510s] -- Installing: /home/leyla/Desktop/nexus_ws/install/rosbridge_library/share/rosbridge_library/environment/ament_prefix_path.dsv
[1.510s] -- Installing: /home/leyla/Desktop/nexus_ws/install/rosbridge_library/share/rosbridge_library/environment/path.sh
[1.510s] -- Installing: /home/leyla/Desktop/nexus_ws/install/rosbridge_library/share/rosbridge_library/environment/path.dsv
[1.510s] -- Installing: /home/leyla/Desktop/nexus_ws/install/rosbridge_library/share/rosbridge_library/local_setup.bash
[1.510s] -- Installing: /home/leyla/Desktop/nexus_ws/install/rosbridge_library/share/rosbridge_library/local_setup.sh
[1.510s] -- Installing: /home/leyla/Desktop/nexus_ws/install/rosbridge_library/share/rosbridge_library/local_setup.zsh
[1.510s] -- Installing: /home/leyla/Desktop/nexus_ws/install/rosbridge_library/share/rosbridge_library/local_setup.dsv
[1.510s] -- Installing: /home/leyla/Desktop/nexus_ws/install/rosbridge_library/share/rosbridge_library/package.dsv
[1.510s] -- Installing: /home/leyla/Desktop/nexus_ws/install/rosbridge_library/share/ament_index/resource_index/packages/rosbridge_library
[1.510s] -- Installing: /home/leyla/Desktop/nexus_ws/install/rosbridge_library/share/rosbridge_library/cmake/rosbridge_libraryConfig.cmake
[1.510s] -- Installing: /home/leyla/Desktop/nexus_ws/install/rosbridge_library/share/rosbridge_library/cmake/rosbridge_libraryConfig-version.cmake
[1.510s] -- Installing: /home/leyla/Desktop/nexus_ws/install/rosbridge_library/share/rosbridge_library/package.xml
[1.512s] Invoked command in '/home/leyla/Desktop/nexus_ws/build/rosbridge_library' returned '0': CMAKE_PREFIX_PATH=/home/leyla/Desktop/nexus_ws/install/rosbridge_test_msgs:/home/leyla/Desktop/nexus_ws/install/ucb_interface:/home/leyla/Desktop/nexus_ws/install/rosbridge_suite:/home/leyla/Desktop/nexus_ws/install/rosbridge_server:/home/leyla/Desktop/nexus_ws/install/rosbridge_msgs:/home/leyla/Desktop/nexus_ws/install/rosapi:/home/leyla/Desktop/nexus_ws/install/rosbridge_library:/home/leyla/Desktop/nexus_ws/install/rosapi_msgs:/home/leyla/Desktop/ver_ws/install/Stage:/home/leyla/Documents/ejercicio2_ws/install/test_move:/home/leyla/Documents/ejercicio2_ws/install/panda_movet:/home/leyla/Desktop/newvis_ws/install/panda_assist:/home/leyla/Desktop/newvis_ws/install/robot_description:/home/leyla/turtlebot3_ws/install/turtlebot3:/home/leyla/turtlebot3_ws/install/turtlebot3_bringup:/home/leyla/turtlebot3_ws/install/turtlebot3_node:/home/leyla/turtlebot3_ws/install/turtlebot3_navigation2:/home/leyla/turtlebot3_ws/install/turtlebot3_msgs:/home/leyla/turtlebot3_ws/install/turtlebot3_description:/home/leyla/turtlebot3_ws/install/turtlebot3_cartographer:/home/leyla/turtlebot3_ws/install/dynamixel_sdk_examples:/home/leyla/turtlebot3_ws/install/dynamixel_sdk_custom_interfaces:/home/leyla/turtlebot3_ws/install/dynamixel_sdk:/home/leyla/Desktop/nexus_ws/install/code_py:/home/leyla/Desktop/ver_ws/install/stage_ros2:/home/leyla/Desktop/ver_ws/install/robot_nav:/home/leyla/Desktop/ver_ws/install/navigation_tb3:/home/leyla/Desktop/ver_ws/install/cartographer_rviz:/home/leyla/Desktop/ver_ws/install/cartographer_ros:/home/leyla/Desktop/ver_ws/install/cartographer_ros_msgs:/home/leyla/Desktop/newvis_ws/install/panda_movet:/home/leyla/turtlebot3_ws/install/turtlebot3_teleop:/home/leyla/turtlebot3_ws/install/turtlebot3_example:/opt/ros/humble LD_LIBRARY_PATH=/home/leyla/Desktop/nexus_ws/install/rosbridge_test_msgs/lib:/home/leyla/Desktop/nexus_ws/install/ucb_interface/lib:/home/leyla/Desktop/nexus_ws/install/rosbridge_msgs/lib:/home/leyla/Desktop/nexus_ws/install/rosapi_msgs/lib:/home/leyla/Desktop/ver_ws/install/stage_ros2/lib:/home/leyla/Desktop/ver_ws/install/cartographer_rviz/lib:/home/leyla/Desktop/ver_ws/install/cartographer_ros/lib:/home/leyla/Desktop/ver_ws/install/cartographer_ros_msgs/lib:/home/leyla/Desktop/ver_ws/install/Stage/lib:/home/leyla/turtlebot3_ws/install/turtlebot3_msgs/lib:/home/leyla/turtlebot3_ws/install/dynamixel_sdk_custom_interfaces/lib:/home/leyla/turtlebot3_ws/install/dynamixel_sdk/lib:/usr/lib/x86_64-linux-gnu/gazebo-11/plugins:/opt/ros/humble/opt/rviz_ogre_vendor/lib:/opt/ros/humble/lib/x86_64-linux-gnu:/opt/ros/humble/lib:/usr/lib/x86_64-linux-gnu/gazebo-11/plugins:/usr/lib/x86_64-linux-gnu/gazebo-11/plugins:/usr/lib/x86_64-linux-gnu/gazebo-11/plugins /usr/bin/cmake --install /home/leyla/Desktop/nexus_ws/build/rosbridge_library
