[0.009s] Invoking command in '/home/leyla/Desktop/nexus_ws/build/rosbridge_library': CMAKE_PREFIX_PATH=/home/leyla/Desktop/nexus_ws/install/rosbridge_test_msgs:/home/leyla/Desktop/nexus_ws/install/ucb_interface:/home/leyla/Desktop/nexus_ws/install/rosbridge_suite:/home/leyla/Desktop/nexus_ws/install/rosbridge_server:/home/leyla/Desktop/nexus_ws/install/rosbridge_msgs:/home/leyla/Desktop/nexus_ws/install/rosapi:/home/leyla/Desktop/nexus_ws/install/rosbridge_library:/home/leyla/Desktop/nexus_ws/install/rosapi_msgs:/home/leyla/Desktop/ver_ws/install/Stage:/home/leyla/Documents/ejercicio2_ws/install/test_move:/home/leyla/Documents/ejercicio2_ws/install/panda_movet:/home/leyla/Desktop/newvis_ws/install/panda_assist:/home/leyla/Desktop/newvis_ws/install/robot_description:/home/leyla/turtlebot3_ws/install/turtlebot3:/home/leyla/turtlebot3_ws/install/turtlebot3_bringup:/home/leyla/turtlebot3_ws/install/turtlebot3_node:/home/leyla/turtlebot3_ws/install/turtlebot3_navigation2:/home/leyla/turtlebot3_ws/install/turtlebot3_msgs:/home/leyla/turtlebot3_ws/install/turtlebot3_description:/home/leyla/turtlebot3_ws/install/turtlebot3_cartographer:/home/leyla/turtlebot3_ws/install/dynamixel_sdk_examples:/home/leyla/turtlebot3_ws/install/dynamixel_sdk_custom_interfaces:/home/leyla/turtlebot3_ws/install/dynamixel_sdk:/home/leyla/Desktop/nexus_ws/install/code_py:/home/leyla/Desktop/ver_ws/install/stage_ros2:/home/leyla/Desktop/ver_ws/install/robot_nav:/home/leyla/Desktop/ver_ws/install/navigation_tb3:/home/leyla/Desktop/ver_ws/install/cartographer_rviz:/home/leyla/Desktop/ver_ws/install/cartographer_ros:/home/leyla/Desktop/ver_ws/install/cartographer_ros_msgs:/home/leyla/Desktop/newvis_ws/install/panda_movet:/home/leyla/turtlebot3_ws/install/turtlebot3_teleop:/home/leyla/turtlebot3_ws/install/turtlebot3_example:/opt/ros/humble LD_LIBRARY_PATH=/home/leyla/Desktop/nexus_ws/install/rosbridge_test_msgs/lib:/home/leyla/Desktop/nexus_ws/install/ucb_interface/lib:/home/leyla/Desktop/nexus_ws/install/rosbridge_msgs/lib:/home/leyla/Desktop/nexus_ws/install/rosapi_msgs/lib:/home/leyla/Desktop/ver_ws/install/stage_ros2/lib:/home/leyla/Desktop/ver_ws/install/cartographer_rviz/lib:/home/leyla/Desktop/ver_ws/install/cartographer_ros/lib:/home/leyla/Desktop/ver_ws/install/cartographer_ros_msgs/lib:/home/leyla/Desktop/ver_ws/install/Stage/lib:/home/leyla/turtlebot3_ws/install/turtlebot3_msgs/lib:/home/leyla/turtlebot3_ws/install/dynamixel_sdk_custom_interfaces/lib:/home/leyla/turtlebot3_ws/install/dynamixel_sdk/lib:/usr/lib/x86_64-linux-gnu/gazebo-11/plugins:/opt/ros/humble/opt/rviz_ogre_vendor/lib:/opt/ros/humble/lib/x86_64-linux-gnu:/opt/ros/humble/lib:/usr/lib/x86_64-linux-gnu/gazebo-11/plugins:/usr/lib/x86_64-linux-gnu/gazebo-11/plugins:/usr/lib/x86_64-linux-gnu/gazebo-11/plugins /usr/bin/cmake --build /home/leyla/Desktop/nexus_ws/build/rosbridge_library -- -j20 -l20
[0.052s] Built target ament_cmake_python_copy_rosbridge_library
[0.208s] running egg_info
[0.208s] writing rosbridge_library.egg-info/PKG-INFO
[0.209s] writing dependency_links to rosbridge_library.egg-info/dependency_links.txt
[0.209s] writing top-level names to rosbridge_library.egg-info/top_level.txt
[0.210s] reading manifest file 'rosbridge_library.egg-info/SOURCES.txt'
[0.211s] writing manifest file 'rosbridge_library.egg-info/SOURCES.txt'
[0.229s] Built target ament_cmake_python_build_rosbridge_library_egg
[0.238s] Invoked command in '/home/leyla/Desktop/nexus_ws/build/rosbridge_library' returned '0': CMAKE_PREFIX_PATH=/home/leyla/Desktop/nexus_ws/install/rosbridge_test_msgs:/home/leyla/Desktop/nexus_ws/install/ucb_interface:/home/leyla/Desktop/nexus_ws/install/rosbridge_suite:/home/leyla/Desktop/nexus_ws/install/rosbridge_server:/home/leyla/Desktop/nexus_ws/install/rosbridge_msgs:/home/leyla/Desktop/nexus_ws/install/rosapi:/home/leyla/Desktop/nexus_ws/install/rosbridge_library:/home/leyla/Desktop/nexus_ws/install/rosapi_msgs:/home/leyla/Desktop/ver_ws/install/Stage:/home/leyla/Documents/ejercicio2_ws/install/test_move:/home/leyla/Documents/ejercicio2_ws/install/panda_movet:/home/leyla/Desktop/newvis_ws/install/panda_assist:/home/leyla/Desktop/newvis_ws/install/robot_description:/home/leyla/turtlebot3_ws/install/turtlebot3:/home/leyla/turtlebot3_ws/install/turtlebot3_bringup:/home/leyla/turtlebot3_ws/install/turtlebot3_node:/home/leyla/turtlebot3_ws/install/turtlebot3_navigation2:/home/leyla/turtlebot3_ws/install/turtlebot3_msgs:/home/leyla/turtlebot3_ws/install/turtlebot3_description:/home/leyla/turtlebot3_ws/install/turtlebot3_cartographer:/home/leyla/turtlebot3_ws/install/dynamixel_sdk_examples:/home/leyla/turtlebot3_ws/install/dynamixel_sdk_custom_interfaces:/home/leyla/turtlebot3_ws/install/dynamixel_sdk:/home/leyla/Desktop/nexus_ws/install/code_py:/home/leyla/Desktop/ver_ws/install/stage_ros2:/home/leyla/Desktop/ver_ws/install/robot_nav:/home/leyla/Desktop/ver_ws/install/navigation_tb3:/home/leyla/Desktop/ver_ws/install/cartographer_rviz:/home/leyla/Desktop/ver_ws/install/cartographer_ros:/home/leyla/Desktop/ver_ws/install/cartographer_ros_msgs:/home/leyla/Desktop/newvis_ws/install/panda_movet:/home/leyla/turtlebot3_ws/install/turtlebot3_teleop:/home/leyla/turtlebot3_ws/install/turtlebot3_example:/opt/ros/humble LD_LIBRARY_PATH=/home/leyla/Desktop/nexus_ws/install/rosbridge_test_msgs/lib:/home/leyla/Desktop/nexus_ws/install/ucb_interface/lib:/home/leyla/Desktop/nexus_ws/install/rosbridge_msgs/lib:/home/leyla/Desktop/nexus_ws/install/rosapi_msgs/lib:/home/leyla/Desktop/ver_ws/install/stage_ros2/lib:/home/leyla/Desktop/ver_ws/install/cartographer_rviz/lib:/home/leyla/Desktop/ver_ws/install/cartographer_ros/lib:/home/leyla/Desktop/ver_ws/install/cartographer_ros_msgs/lib:/home/leyla/Desktop/ver_ws/install/Stage/lib:/home/leyla/turtlebot3_ws/install/turtlebot3_msgs/lib:/home/leyla/turtlebot3_ws/install/dynamixel_sdk_custom_interfaces/lib:/home/leyla/turtlebot3_ws/install/dynamixel_sdk/lib:/usr/lib/x86_64-linux-gnu/gazebo-11/plugins:/opt/ros/humble/opt/rviz_ogre_vendor/lib:/opt/ros/humble/lib/x86_64-linux-gnu:/opt/ros/humble/lib:/usr/lib/x86_64-linux-gnu/gazebo-11/plugins:/usr/lib/x86_64-linux-gnu/gazebo-11/plugins:/usr/lib/x86_64-linux-gnu/gazebo-11/plugins /usr/bin/cmake --build /home/leyla/Desktop/nexus_ws/build/rosbridge_library -- -j20 -l20
[0.239s] Invoking command in '/home/leyla/Desktop/nexus_ws/build/rosbridge_library': CMAKE_PREFIX_PATH=/home/leyla/Desktop/nexus_ws/install/rosbridge_test_msgs:/home/leyla/Desktop/nexus_ws/install/ucb_interface:/home/leyla/Desktop/nexus_ws/install/rosbridge_suite:/home/leyla/Desktop/nexus_ws/install/rosbridge_server:/home/leyla/Desktop/nexus_ws/install/rosbridge_msgs:/home/leyla/Desktop/nexus_ws/install/rosapi:/home/leyla/Desktop/nexus_ws/install/rosbridge_library:/home/leyla/Desktop/nexus_ws/install/rosapi_msgs:/home/leyla/Desktop/ver_ws/install/Stage:/home/leyla/Documents/ejercicio2_ws/install/test_move:/home/leyla/Documents/ejercicio2_ws/install/panda_movet:/home/leyla/Desktop/newvis_ws/install/panda_assist:/home/leyla/Desktop/newvis_ws/install/robot_description:/home/leyla/turtlebot3_ws/install/turtlebot3:/home/leyla/turtlebot3_ws/install/turtlebot3_bringup:/home/leyla/turtlebot3_ws/install/turtlebot3_node:/home/leyla/turtlebot3_ws/install/turtlebot3_navigation2:/home/leyla/turtlebot3_ws/install/turtlebot3_msgs:/home/leyla/turtlebot3_ws/install/turtlebot3_description:/home/leyla/turtlebot3_ws/install/turtlebot3_cartographer:/home/leyla/turtlebot3_ws/install/dynamixel_sdk_examples:/home/leyla/turtlebot3_ws/install/dynamixel_sdk_custom_interfaces:/home/leyla/turtlebot3_ws/install/dynamixel_sdk:/home/leyla/Desktop/nexus_ws/install/code_py:/home/leyla/Desktop/ver_ws/install/stage_ros2:/home/leyla/Desktop/ver_ws/install/robot_nav:/home/leyla/Desktop/ver_ws/install/navigation_tb3:/home/leyla/Desktop/ver_ws/install/cartographer_rviz:/home/leyla/Desktop/ver_ws/install/cartographer_ros:/home/leyla/Desktop/ver_ws/install/cartographer_ros_msgs:/home/leyla/Desktop/newvis_ws/install/panda_movet:/home/leyla/turtlebot3_ws/install/turtlebot3_teleop:/home/leyla/turtlebot3_ws/install/turtlebot3_example:/opt/ros/humble LD_LIBRARY_PATH=/home/leyla/Desktop/nexus_ws/install/rosbridge_test_msgs/lib:/home/leyla/Desktop/nexus_ws/install/ucb_interface/lib:/home/leyla/Desktop/nexus_ws/install/rosbridge_msgs/lib:/home/leyla/Desktop/nexus_ws/install/rosapi_msgs/lib:/home/leyla/Desktop/ver_ws/install/stage_ros2/lib:/home/leyla/Desktop/ver_ws/install/cartographer_rviz/lib:/home/leyla/Desktop/ver_ws/install/cartographer_ros/lib:/home/leyla/Desktop/ver_ws/install/cartographer_ros_msgs/lib:/home/leyla/Desktop/ver_ws/install/Stage/lib:/home/leyla/turtlebot3_ws/install/turtlebot3_msgs/lib:/home/leyla/turtlebot3_ws/install/dynamixel_sdk_custom_interfaces/lib:/home/leyla/turtlebot3_ws/install/dynamixel_sdk/lib:/usr/lib/x86_64-linux-gnu/gazebo-11/plugins:/opt/ros/humble/opt/rviz_ogre_vendor/lib:/opt/ros/humble/lib/x86_64-linux-gnu:/opt/ros/humble/lib:/usr/lib/x86_64-linux-gnu/gazebo-11/plugins:/usr/lib/x86_64-linux-gnu/gazebo-11/plugins:/usr/lib/x86_64-linux-gnu/gazebo-11/plugins /usr/bin/cmake --install /home/leyla/Desktop/nexus_ws/build/rosbridge_library
[0.245s] -- Install configuration: ""
[0.245s] -- Up-to-date: /home/leyla/Desktop/nexus_ws/install/rosbridge_library/share/rosbridge_library/environment/pythonpath.sh
[0.246s] -- Up-to-date: /home/leyla/Desktop/nexus_ws/install/rosbridge_library/share/rosbridge_library/environment/pythonpath.dsv
[0.246s] -- Up-to-date: /home/leyla/Desktop/nexus_ws/install/rosbridge_library/local/lib/python3.10/dist-packages/rosbridge_library-2.0.1-py3.10.egg-info
[0.246s] -- Installing: /home/leyla/Desktop/nexus_ws/install/rosbridge_library/local/lib/python3.10/dist-packages/rosbridge_library-2.0.1-py3.10.egg-info/SOURCES.txt
[0.246s] -- Installing: /home/leyla/Desktop/nexus_ws/install/rosbridge_library/local/lib/python3.10/dist-packages/rosbridge_library-2.0.1-py3.10.egg-info/dependency_links.txt
[0.246s] -- Installing: /home/leyla/Desktop/nexus_ws/install/rosbridge_library/local/lib/python3.10/dist-packages/rosbridge_library-2.0.1-py3.10.egg-info/PKG-INFO
[0.246s] -- Installing: /home/leyla/Desktop/nexus_ws/install/rosbridge_library/local/lib/python3.10/dist-packages/rosbridge_library-2.0.1-py3.10.egg-info/top_level.txt
[0.246s] -- Up-to-date: /home/leyla/Desktop/nexus_ws/install/rosbridge_library/local/lib/python3.10/dist-packages/rosbridge_library
[0.246s] -- Up-to-date: /home/leyla/Desktop/nexus_ws/install/rosbridge_library/local/lib/python3.10/dist-packages/rosbridge_library/util
[0.246s] -- Up-to-date: /home/leyla/Desktop/nexus_ws/install/rosbridge_library/local/lib/python3.10/dist-packages/rosbridge_library/util/__init__.py
[0.246s] -- Up-to-date: /home/leyla/Desktop/nexus_ws/install/rosbridge_library/local/lib/python3.10/dist-packages/rosbridge_library/util/ros.py
[0.246s] -- Up-to-date: /home/leyla/Desktop/nexus_ws/install/rosbridge_library/local/lib/python3.10/dist-packages/rosbridge_library/util/cbor.py
[0.246s] -- Up-to-date: /home/leyla/Desktop/nexus_ws/install/rosbridge_library/local/lib/python3.10/dist-packages/rosbridge_library/__init__.py
[0.246s] -- Up-to-date: /home/leyla/Desktop/nexus_ws/install/rosbridge_library/local/lib/python3.10/dist-packages/rosbridge_library/capabilities
[0.246s] -- Up-to-date: /home/leyla/Desktop/nexus_ws/install/rosbridge_library/local/lib/python3.10/dist-packages/rosbridge_library/capabilities/action_result.py
[0.246s] -- Up-to-date: /home/leyla/Desktop/nexus_ws/install/rosbridge_library/local/lib/python3.10/dist-packages/rosbridge_library/capabilities/__init__.py
[0.246s] -- Up-to-date: /home/leyla/Desktop/nexus_ws/install/rosbridge_library/local/lib/python3.10/dist-packages/rosbridge_library/capabilities/send_action_goal.py
[0.246s] -- Up-to-date: /home/leyla/Desktop/nexus_ws/install/rosbridge_library/local/lib/python3.10/dist-packages/rosbridge_library/capabilities/advertise_action.py
[0.246s] -- Up-to-date: /home/leyla/Desktop/nexus_ws/install/rosbridge_library/local/lib/python3.10/dist-packages/rosbridge_library/capabilities/unadvertise_service.py
[0.246s] -- Up-to-date: /home/leyla/Desktop/nexus_ws/install/rosbridge_library/local/lib/python3.10/dist-packages/rosbridge_library/capabilities/fragmentation.py
[0.246s] -- Up-to-date: /home/leyla/Desktop/nexus_ws/install/rosbridge_library/local/lib/python3.10/dist-packages/rosbridge_library/capabilities/unadvertise_action.py
[0.246s] -- Up-to-date: /home/leyla/Desktop/nexus_ws/install/rosbridge_library/local/lib/python3.10/dist-packages/rosbridge_library/capabilities/advertise_service.py
[0.246s] -- Up-to-date: /home/leyla/Desktop/nexus_ws/install/rosbridge_library/local/lib/python3.10/dist-packages/rosbridge_library/capabilities/action_feedback.py
[0.246s] -- Up-to-date: /home/leyla/Desktop/nexus_ws/install/rosbridge_library/local/lib/python3.10/dist-packages/rosbridge_library/capabilities/call_service.py
[0.246s] -- Up-to-date: /home/leyla/Desktop/nexus_ws/install/rosbridge_library/local/lib/python3.10/dist-packages/rosbridge_library/capabilities/subscribe.py
[0.246s] -- Up-to-date: /home/leyla/Desktop/nexus_ws/install/rosbridge_library/local/lib/python3.10/dist-packages/rosbridge_library/capabilities/service_response.py
[0.246s] -- Up-to-date: /home/leyla/Desktop/nexus_ws/install/rosbridge_library/local/lib/python3.10/dist-packages/rosbridge_library/capabilities/advertise.py
[0.246s] -- Up-to-date: /home/leyla/Desktop/nexus_ws/install/rosbridge_library/local/lib/python3.10/dist-packages/rosbridge_library/capabilities/publish.py
[0.246s] -- Up-to-date: /home/leyla/Desktop/nexus_ws/install/rosbridge_library/local/lib/python3.10/dist-packages/rosbridge_library/capabilities/defragmentation.py
[0.246s] -- Up-to-date: /home/leyla/Desktop/nexus_ws/install/rosbridge_library/local/lib/python3.10/dist-packages/rosbridge_library/internal
[0.246s] -- Up-to-date: /home/leyla/Desktop/nexus_ws/install/rosbridge_library/local/lib/python3.10/dist-packages/rosbridge_library/internal/pngcompression.py
[0.246s] -- Up-to-date: /home/leyla/Desktop/nexus_ws/install/rosbridge_library/local/lib/python3.10/dist-packages/rosbridge_library/internal/cbor_conversion.py
[0.246s] -- Up-to-date: /home/leyla/Desktop/nexus_ws/install/rosbridge_library/local/lib/python3.10/dist-packages/rosbridge_library/internal/__init__.py
[0.246s] -- Up-to-date: /home/leyla/Desktop/nexus_ws/install/rosbridge_library/local/lib/python3.10/dist-packages/rosbridge_library/internal/subscribers.py
[0.246s] -- Up-to-date: /home/leyla/Desktop/nexus_ws/install/rosbridge_library/local/lib/python3.10/dist-packages/rosbridge_library/internal/exceptions.py
[0.246s] -- Up-to-date: /home/leyla/Desktop/nexus_ws/install/rosbridge_library/local/lib/python3.10/dist-packages/rosbridge_library/internal/topics.py
[0.246s] -- Up-to-date: /home/leyla/Desktop/nexus_ws/install/rosbridge_library/local/lib/python3.10/dist-packages/rosbridge_library/internal/publishers.py
[0.247s] -- Up-to-date: /home/leyla/Desktop/nexus_ws/install/rosbridge_library/local/lib/python3.10/dist-packages/rosbridge_library/internal/actions.py
[0.247s] -- Up-to-date: /home/leyla/Desktop/nexus_ws/install/rosbridge_library/local/lib/python3.10/dist-packages/rosbridge_library/internal/message_conversion.py
[0.247s] -- Up-to-date: /home/leyla/Desktop/nexus_ws/install/rosbridge_library/local/lib/python3.10/dist-packages/rosbridge_library/internal/services.py
[0.247s] -- Up-to-date: /home/leyla/Desktop/nexus_ws/install/rosbridge_library/local/lib/python3.10/dist-packages/rosbridge_library/internal/outgoing_message.py
[0.247s] -- Up-to-date: /home/leyla/Desktop/nexus_ws/install/rosbridge_library/local/lib/python3.10/dist-packages/rosbridge_library/internal/ros_loader.py
[0.247s] -- Up-to-date: /home/leyla/Desktop/nexus_ws/install/rosbridge_library/local/lib/python3.10/dist-packages/rosbridge_library/internal/subscription_modifiers.py
[0.247s] -- Up-to-date: /home/leyla/Desktop/nexus_ws/install/rosbridge_library/local/lib/python3.10/dist-packages/rosbridge_library/capability.py
[0.247s] -- Up-to-date: /home/leyla/Desktop/nexus_ws/install/rosbridge_library/local/lib/python3.10/dist-packages/rosbridge_library/rosbridge_protocol.py
[0.247s] -- Up-to-date: /home/leyla/Desktop/nexus_ws/install/rosbridge_library/local/lib/python3.10/dist-packages/rosbridge_library/protocol.py
[0.268s] Listing '/home/leyla/Desktop/nexus_ws/install/rosbridge_library/local/lib/python3.10/dist-packages/rosbridge_library'...
[0.269s] Listing '/home/leyla/Desktop/nexus_ws/install/rosbridge_library/local/lib/python3.10/dist-packages/rosbridge_library/capabilities'...
[0.269s] Listing '/home/leyla/Desktop/nexus_ws/install/rosbridge_library/local/lib/python3.10/dist-packages/rosbridge_library/internal'...
[0.269s] Listing '/home/leyla/Desktop/nexus_ws/install/rosbridge_library/local/lib/python3.10/dist-packages/rosbridge_library/util'...
[0.271s] -- Up-to-date: /home/leyla/Desktop/nexus_ws/install/rosbridge_library/share/ament_index/resource_index/package_run_dependencies/rosbridge_library
[0.271s] -- Up-to-date: /home/leyla/Desktop/nexus_ws/install/rosbridge_library/share/ament_index/resource_index/parent_prefix_path/rosbridge_library
[0.271s] -- Up-to-date: /home/leyla/Desktop/nexus_ws/install/rosbridge_library/share/rosbridge_library/environment/ament_prefix_path.sh
[0.271s] -- Up-to-date: /home/leyla/Desktop/nexus_ws/install/rosbridge_library/share/rosbridge_library/environment/ament_prefix_path.dsv
[0.271s] -- Up-to-date: /home/leyla/Desktop/nexus_ws/install/rosbridge_library/share/rosbridge_library/environment/path.sh
[0.271s] -- Up-to-date: /home/leyla/Desktop/nexus_ws/install/rosbridge_library/share/rosbridge_library/environment/path.dsv
[0.271s] -- Up-to-date: /home/leyla/Desktop/nexus_ws/install/rosbridge_library/share/rosbridge_library/local_setup.bash
[0.271s] -- Up-to-date: /home/leyla/Desktop/nexus_ws/install/rosbridge_library/share/rosbridge_library/local_setup.sh
[0.271s] -- Up-to-date: /home/leyla/Desktop/nexus_ws/install/rosbridge_library/share/rosbridge_library/local_setup.zsh
[0.271s] -- Up-to-date: /home/leyla/Desktop/nexus_ws/install/rosbridge_library/share/rosbridge_library/local_setup.dsv
[0.271s] -- Installing: /home/leyla/Desktop/nexus_ws/install/rosbridge_library/share/rosbridge_library/package.dsv
[0.271s] -- Up-to-date: /home/leyla/Desktop/nexus_ws/install/rosbridge_library/share/ament_index/resource_index/packages/rosbridge_library
[0.272s] -- Up-to-date: /home/leyla/Desktop/nexus_ws/install/rosbridge_library/share/rosbridge_library/cmake/rosbridge_libraryConfig.cmake
[0.272s] -- Up-to-date: /home/leyla/Desktop/nexus_ws/install/rosbridge_library/share/rosbridge_library/cmake/rosbridge_libraryConfig-version.cmake
[0.272s] -- Up-to-date: /home/leyla/Desktop/nexus_ws/install/rosbridge_library/share/rosbridge_library/package.xml
[0.273s] Invoked command in '/home/leyla/Desktop/nexus_ws/build/rosbridge_library' returned '0': CMAKE_PREFIX_PATH=/home/leyla/Desktop/nexus_ws/install/rosbridge_test_msgs:/home/leyla/Desktop/nexus_ws/install/ucb_interface:/home/leyla/Desktop/nexus_ws/install/rosbridge_suite:/home/leyla/Desktop/nexus_ws/install/rosbridge_server:/home/leyla/Desktop/nexus_ws/install/rosbridge_msgs:/home/leyla/Desktop/nexus_ws/install/rosapi:/home/leyla/Desktop/nexus_ws/install/rosbridge_library:/home/leyla/Desktop/nexus_ws/install/rosapi_msgs:/home/leyla/Desktop/ver_ws/install/Stage:/home/leyla/Documents/ejercicio2_ws/install/test_move:/home/leyla/Documents/ejercicio2_ws/install/panda_movet:/home/leyla/Desktop/newvis_ws/install/panda_assist:/home/leyla/Desktop/newvis_ws/install/robot_description:/home/leyla/turtlebot3_ws/install/turtlebot3:/home/leyla/turtlebot3_ws/install/turtlebot3_bringup:/home/leyla/turtlebot3_ws/install/turtlebot3_node:/home/leyla/turtlebot3_ws/install/turtlebot3_navigation2:/home/leyla/turtlebot3_ws/install/turtlebot3_msgs:/home/leyla/turtlebot3_ws/install/turtlebot3_description:/home/leyla/turtlebot3_ws/install/turtlebot3_cartographer:/home/leyla/turtlebot3_ws/install/dynamixel_sdk_examples:/home/leyla/turtlebot3_ws/install/dynamixel_sdk_custom_interfaces:/home/leyla/turtlebot3_ws/install/dynamixel_sdk:/home/leyla/Desktop/nexus_ws/install/code_py:/home/leyla/Desktop/ver_ws/install/stage_ros2:/home/leyla/Desktop/ver_ws/install/robot_nav:/home/leyla/Desktop/ver_ws/install/navigation_tb3:/home/leyla/Desktop/ver_ws/install/cartographer_rviz:/home/leyla/Desktop/ver_ws/install/cartographer_ros:/home/leyla/Desktop/ver_ws/install/cartographer_ros_msgs:/home/leyla/Desktop/newvis_ws/install/panda_movet:/home/leyla/turtlebot3_ws/install/turtlebot3_teleop:/home/leyla/turtlebot3_ws/install/turtlebot3_example:/opt/ros/humble LD_LIBRARY_PATH=/home/leyla/Desktop/nexus_ws/install/rosbridge_test_msgs/lib:/home/leyla/Desktop/nexus_ws/install/ucb_interface/lib:/home/leyla/Desktop/nexus_ws/install/rosbridge_msgs/lib:/home/leyla/Desktop/nexus_ws/install/rosapi_msgs/lib:/home/leyla/Desktop/ver_ws/install/stage_ros2/lib:/home/leyla/Desktop/ver_ws/install/cartographer_rviz/lib:/home/leyla/Desktop/ver_ws/install/cartographer_ros/lib:/home/leyla/Desktop/ver_ws/install/cartographer_ros_msgs/lib:/home/leyla/Desktop/ver_ws/install/Stage/lib:/home/leyla/turtlebot3_ws/install/turtlebot3_msgs/lib:/home/leyla/turtlebot3_ws/install/dynamixel_sdk_custom_interfaces/lib:/home/leyla/turtlebot3_ws/install/dynamixel_sdk/lib:/usr/lib/x86_64-linux-gnu/gazebo-11/plugins:/opt/ros/humble/opt/rviz_ogre_vendor/lib:/opt/ros/humble/lib/x86_64-linux-gnu:/opt/ros/humble/lib:/usr/lib/x86_64-linux-gnu/gazebo-11/plugins:/usr/lib/x86_64-linux-gnu/gazebo-11/plugins:/usr/lib/x86_64-linux-gnu/gazebo-11/plugins /usr/bin/cmake --install /home/leyla/Desktop/nexus_ws/build/rosbridge_library
