/home/leyla/Desktop/nexus_ws/install/code_py/lib/python3.10/site-packages/code_py/__init__.py
/home/leyla/Desktop/nexus_ws/install/code_py/lib/python3.10/site-packages/code_py/actuator_control.py
/home/leyla/Desktop/nexus_ws/install/code_py/lib/python3.10/site-packages/code_py/motor_control.py
/home/leyla/Desktop/nexus_ws/install/code_py/lib/python3.10/site-packages/code_py/move_w_e.py
/home/leyla/Desktop/nexus_ws/install/code_py/lib/python3.10/site-packages/code_py/jetpack_api.py
/home/leyla/Desktop/nexus_ws/install/code_py/lib/python3.10/site-packages/code_py/templates/index.html
/home/leyla/Desktop/nexus_ws/install/code_py/lib/python3.10/site-packages/code_py/__pycache__/__init__.cpython-310.pyc
/home/leyla/Desktop/nexus_ws/install/code_py/lib/python3.10/site-packages/code_py/__pycache__/actuator_control.cpython-310.pyc
/home/leyla/Desktop/nexus_ws/install/code_py/lib/python3.10/site-packages/code_py/__pycache__/motor_control.cpython-310.pyc
/home/leyla/Desktop/nexus_ws/install/code_py/lib/python3.10/site-packages/code_py/__pycache__/move_w_e.cpython-310.pyc
/home/leyla/Desktop/nexus_ws/install/code_py/lib/python3.10/site-packages/code_py/__pycache__/jetpack_api.cpython-310.pyc
/home/leyla/Desktop/nexus_ws/install/code_py/share/ament_index/resource_index/packages/code_py
/home/leyla/Desktop/nexus_ws/install/code_py/share/code_py/package.xml
/home/leyla/Desktop/nexus_ws/install/code_py/share/code_py/launch/ejecutar.launch.py
/home/leyla/Desktop/nexus_ws/install/code_py/lib/python3.10/site-packages/code_py-0.0.0-py3.10.egg-info/entry_points.txt
/home/leyla/Desktop/nexus_ws/install/code_py/lib/python3.10/site-packages/code_py-0.0.0-py3.10.egg-info/SOURCES.txt
/home/leyla/Desktop/nexus_ws/install/code_py/lib/python3.10/site-packages/code_py-0.0.0-py3.10.egg-info/dependency_links.txt
/home/leyla/Desktop/nexus_ws/install/code_py/lib/python3.10/site-packages/code_py-0.0.0-py3.10.egg-info/PKG-INFO
/home/leyla/Desktop/nexus_ws/install/code_py/lib/python3.10/site-packages/code_py-0.0.0-py3.10.egg-info/zip-safe
/home/leyla/Desktop/nexus_ws/install/code_py/lib/python3.10/site-packages/code_py-0.0.0-py3.10.egg-info/top_level.txt
/home/leyla/Desktop/nexus_ws/install/code_py/lib/python3.10/site-packages/code_py-0.0.0-py3.10.egg-info/requires.txt
/home/leyla/Desktop/nexus_ws/install/code_py/lib/code_py/actuator_control
/home/leyla/Desktop/nexus_ws/install/code_py/lib/code_py/jetpack_api
/home/leyla/Desktop/nexus_ws/install/code_py/lib/code_py/motor_control
/home/leyla/Desktop/nexus_ws/install/code_py/lib/code_py/move_w_e
