[0.574s] Invoking command in '/home/leyla/Desktop/nexus_ws/src/manual': AMENT_PREFIX_PATH=/home/leyla/Desktop/nexus_ws/install/ucb_interface:${AMENT_PREFIX_PATH} CMAKE_PREFIX_PATH=/home/leyla/Desktop/nexus_ws/install/ucb_interface:${CMAKE_PREFIX_PATH} LD_LIBRARY_PATH=/home/leyla/Desktop/nexus_ws/install/ucb_interface/lib:/home/leyla/Desktop/ver_ws/install/stage_ros2/lib:/home/leyla/Desktop/ver_ws/install/cartographer_rviz/lib:/home/leyla/Desktop/ver_ws/install/cartographer_ros/lib:/home/leyla/Desktop/ver_ws/install/cartographer_ros_msgs/lib:/home/leyla/Desktop/ver_ws/install/Stage/lib:/home/leyla/turtlebot3_ws/install/turtlebot3_msgs/lib:/home/leyla/turtlebot3_ws/install/dynamixel_sdk_custom_interfaces/lib:/home/leyla/turtlebot3_ws/install/dynamixel_sdk/lib:/usr/lib/x86_64-linux-gnu/gazebo-11/plugins:/opt/ros/humble/opt/rviz_ogre_vendor/lib:/opt/ros/humble/lib/x86_64-linux-gnu:/opt/ros/humble/lib:/usr/lib/x86_64-linux-gnu/gazebo-11/plugins:/usr/lib/x86_64-linux-gnu/gazebo-11/plugins:/usr/lib/x86_64-linux-gnu/gazebo-11/plugins PYTHONPATH=/home/leyla/Desktop/nexus_ws/build/manual/prefix_override:/usr/lib/python3/dist-packages/colcon_core/task/python/colcon_distutils_commands:/home/leyla/Desktop/nexus_ws/install/manual/lib/python3.10/site-packages:/home/leyla/Desktop/nexus_ws/install/ucb_interface/local/lib/python3.10/dist-packages:${PYTHONPATH} /usr/bin/python3 -W ignore:setup.py install is deprecated -W ignore:easy_install command is deprecated setup.py egg_info --egg-base ../../build/manual build --build-base /home/leyla/Desktop/nexus_ws/build/manual/build install --record /home/leyla/Desktop/nexus_ws/build/manual/install.log --single-version-externally-managed install_data
[0.713s] running egg_info
[0.713s] writing ../../build/manual/manual.egg-info/PKG-INFO
[0.713s] writing dependency_links to ../../build/manual/manual.egg-info/dependency_links.txt
[0.713s] writing entry points to ../../build/manual/manual.egg-info/entry_points.txt
[0.713s] writing requirements to ../../build/manual/manual.egg-info/requires.txt
[0.714s] writing top-level names to ../../build/manual/manual.egg-info/top_level.txt
[0.714s] reading manifest file '../../build/manual/manual.egg-info/SOURCES.txt'
[0.715s] adding license file 'LICENSE'
[0.715s] writing manifest file '../../build/manual/manual.egg-info/SOURCES.txt'
[0.715s] running build
[0.715s] running build_py
[0.715s] running install
[0.715s] running install_lib
[0.716s] running install_data
[0.716s] running install_egg_info
[0.717s] removing '/home/leyla/Desktop/nexus_ws/install/manual/lib/python3.10/site-packages/manual-0.0.0-py3.10.egg-info' (and everything under it)
[0.717s] Copying ../../build/manual/manual.egg-info to /home/leyla/Desktop/nexus_ws/install/manual/lib/python3.10/site-packages/manual-0.0.0-py3.10.egg-info
[0.718s] running install_scripts
[0.730s] Installing control script to /home/leyla/Desktop/nexus_ws/install/manual/lib/manual
[0.730s] Installing joystick script to /home/leyla/Desktop/nexus_ws/install/manual/lib/manual
[0.730s] writing list of installed files to '/home/leyla/Desktop/nexus_ws/build/manual/install.log'
[0.744s] Invoked command in '/home/leyla/Desktop/nexus_ws/src/manual' returned '0': AMENT_PREFIX_PATH=/home/leyla/Desktop/nexus_ws/install/ucb_interface:${AMENT_PREFIX_PATH} CMAKE_PREFIX_PATH=/home/leyla/Desktop/nexus_ws/install/ucb_interface:${CMAKE_PREFIX_PATH} LD_LIBRARY_PATH=/home/leyla/Desktop/nexus_ws/install/ucb_interface/lib:/home/leyla/Desktop/ver_ws/install/stage_ros2/lib:/home/leyla/Desktop/ver_ws/install/cartographer_rviz/lib:/home/leyla/Desktop/ver_ws/install/cartographer_ros/lib:/home/leyla/Desktop/ver_ws/install/cartographer_ros_msgs/lib:/home/leyla/Desktop/ver_ws/install/Stage/lib:/home/leyla/turtlebot3_ws/install/turtlebot3_msgs/lib:/home/leyla/turtlebot3_ws/install/dynamixel_sdk_custom_interfaces/lib:/home/leyla/turtlebot3_ws/install/dynamixel_sdk/lib:/usr/lib/x86_64-linux-gnu/gazebo-11/plugins:/opt/ros/humble/opt/rviz_ogre_vendor/lib:/opt/ros/humble/lib/x86_64-linux-gnu:/opt/ros/humble/lib:/usr/lib/x86_64-linux-gnu/gazebo-11/plugins:/usr/lib/x86_64-linux-gnu/gazebo-11/plugins:/usr/lib/x86_64-linux-gnu/gazebo-11/plugins PYTHONPATH=/home/leyla/Desktop/nexus_ws/build/manual/prefix_override:/usr/lib/python3/dist-packages/colcon_core/task/python/colcon_distutils_commands:/home/leyla/Desktop/nexus_ws/install/manual/lib/python3.10/site-packages:/home/leyla/Desktop/nexus_ws/install/ucb_interface/local/lib/python3.10/dist-packages:${PYTHONPATH} /usr/bin/python3 -W ignore:setup.py install is deprecated -W ignore:easy_install command is deprecated setup.py egg_info --egg-base ../../build/manual build --build-base /home/leyla/Desktop/nexus_ws/build/manual/build install --record /home/leyla/Desktop/nexus_ws/build/manual/install.log --single-version-externally-managed install_data
