[0.014s] Invoking command in '/home/leyla/Desktop/nexus_ws/build/robot_description': CMAKE_PREFIX_PATH=/home/leyla/Desktop/nexus_ws/install/ucb_interface:/home/leyla/Desktop/nexus_ws/install/rosbridge_test_msgs:/home/leyla/Desktop/nexus_ws/install/rosbridge_suite:/home/leyla/Desktop/nexus_ws/install/rosbridge_server:/home/leyla/Desktop/nexus_ws/install/rosbridge_msgs:/home/leyla/Desktop/nexus_ws/install/rosapi:/home/leyla/Desktop/nexus_ws/install/rosbridge_library:/home/leyla/Desktop/nexus_ws/install/rosapi_msgs:/home/leyla/Desktop/nexus_ws/install/robot_description:/home/leyla/Desktop/robot_con_ws/install/robot_description:/home/leyla/Desktop/nexus_ws/install/code_py:/home/leyla/Desktop/robot_con_ws/install/control_py:/home/leyla/Desktop/ver_ws/install/stage_ros2:/home/leyla/Desktop/ver_ws/install/robot_nav:/home/leyla/Desktop/ver_ws/install/navigation_tb3:/home/leyla/Desktop/ver_ws/install/cartographer_rviz:/home/leyla/Desktop/ver_ws/install/cartographer_ros:/home/leyla/Desktop/ver_ws/install/cartographer_ros_msgs:/home/leyla/Desktop/newvis_ws/install/panda_movet:/home/leyla/turtlebot3_ws/install/turtlebot3_teleop:/home/leyla/turtlebot3_ws/install/turtlebot3_example:/opt/ros/humble:/home/leyla/Desktop/robot_con_ws/install/ensamblaje_jpac2:/home/leyla/Desktop/ver_ws/install/Stage:/home/leyla/Documents/ejercicio2_ws/install/test_move:/home/leyla/Documents/ejercicio2_ws/install/panda_movet:/home/leyla/Desktop/newvis_ws/install/panda_assist:/home/leyla/Desktop/newvis_ws/install/robot_description:/home/leyla/turtlebot3_ws/install/turtlebot3:/home/leyla/turtlebot3_ws/install/turtlebot3_bringup:/home/leyla/turtlebot3_ws/install/turtlebot3_node:/home/leyla/turtlebot3_ws/install/turtlebot3_navigation2:/home/leyla/turtlebot3_ws/install/turtlebot3_msgs:/home/leyla/turtlebot3_ws/install/turtlebot3_description:/home/leyla/turtlebot3_ws/install/turtlebot3_cartographer:/home/leyla/turtlebot3_ws/install/dynamixel_sdk_examples:/home/leyla/turtlebot3_ws/install/dynamixel_sdk_custom_interfaces:/home/leyla/turtlebot3_ws/install/dynamixel_sdk /usr/bin/cmake --build /home/leyla/Desktop/nexus_ws/build/robot_description -- -j20 -l20
[0.040s] Invoked command in '/home/leyla/Desktop/nexus_ws/build/robot_description' returned '0': CMAKE_PREFIX_PATH=/home/leyla/Desktop/nexus_ws/install/ucb_interface:/home/leyla/Desktop/nexus_ws/install/rosbridge_test_msgs:/home/leyla/Desktop/nexus_ws/install/rosbridge_suite:/home/leyla/Desktop/nexus_ws/install/rosbridge_server:/home/leyla/Desktop/nexus_ws/install/rosbridge_msgs:/home/leyla/Desktop/nexus_ws/install/rosapi:/home/leyla/Desktop/nexus_ws/install/rosbridge_library:/home/leyla/Desktop/nexus_ws/install/rosapi_msgs:/home/leyla/Desktop/nexus_ws/install/robot_description:/home/leyla/Desktop/robot_con_ws/install/robot_description:/home/leyla/Desktop/nexus_ws/install/code_py:/home/leyla/Desktop/robot_con_ws/install/control_py:/home/leyla/Desktop/ver_ws/install/stage_ros2:/home/leyla/Desktop/ver_ws/install/robot_nav:/home/leyla/Desktop/ver_ws/install/navigation_tb3:/home/leyla/Desktop/ver_ws/install/cartographer_rviz:/home/leyla/Desktop/ver_ws/install/cartographer_ros:/home/leyla/Desktop/ver_ws/install/cartographer_ros_msgs:/home/leyla/Desktop/newvis_ws/install/panda_movet:/home/leyla/turtlebot3_ws/install/turtlebot3_teleop:/home/leyla/turtlebot3_ws/install/turtlebot3_example:/opt/ros/humble:/home/leyla/Desktop/robot_con_ws/install/ensamblaje_jpac2:/home/leyla/Desktop/ver_ws/install/Stage:/home/leyla/Documents/ejercicio2_ws/install/test_move:/home/leyla/Documents/ejercicio2_ws/install/panda_movet:/home/leyla/Desktop/newvis_ws/install/panda_assist:/home/leyla/Desktop/newvis_ws/install/robot_description:/home/leyla/turtlebot3_ws/install/turtlebot3:/home/leyla/turtlebot3_ws/install/turtlebot3_bringup:/home/leyla/turtlebot3_ws/install/turtlebot3_node:/home/leyla/turtlebot3_ws/install/turtlebot3_navigation2:/home/leyla/turtlebot3_ws/install/turtlebot3_msgs:/home/leyla/turtlebot3_ws/install/turtlebot3_description:/home/leyla/turtlebot3_ws/install/turtlebot3_cartographer:/home/leyla/turtlebot3_ws/install/dynamixel_sdk_examples:/home/leyla/turtlebot3_ws/install/dynamixel_sdk_custom_interfaces:/home/leyla/turtlebot3_ws/install/dynamixel_sdk /usr/bin/cmake --build /home/leyla/Desktop/nexus_ws/build/robot_description -- -j20 -l20
[0.049s] Invoking command in '/home/leyla/Desktop/nexus_ws/build/robot_description': CMAKE_PREFIX_PATH=/home/leyla/Desktop/nexus_ws/install/ucb_interface:/home/leyla/Desktop/nexus_ws/install/rosbridge_test_msgs:/home/leyla/Desktop/nexus_ws/install/rosbridge_suite:/home/leyla/Desktop/nexus_ws/install/rosbridge_server:/home/leyla/Desktop/nexus_ws/install/rosbridge_msgs:/home/leyla/Desktop/nexus_ws/install/rosapi:/home/leyla/Desktop/nexus_ws/install/rosbridge_library:/home/leyla/Desktop/nexus_ws/install/rosapi_msgs:/home/leyla/Desktop/nexus_ws/install/robot_description:/home/leyla/Desktop/robot_con_ws/install/robot_description:/home/leyla/Desktop/nexus_ws/install/code_py:/home/leyla/Desktop/robot_con_ws/install/control_py:/home/leyla/Desktop/ver_ws/install/stage_ros2:/home/leyla/Desktop/ver_ws/install/robot_nav:/home/leyla/Desktop/ver_ws/install/navigation_tb3:/home/leyla/Desktop/ver_ws/install/cartographer_rviz:/home/leyla/Desktop/ver_ws/install/cartographer_ros:/home/leyla/Desktop/ver_ws/install/cartographer_ros_msgs:/home/leyla/Desktop/newvis_ws/install/panda_movet:/home/leyla/turtlebot3_ws/install/turtlebot3_teleop:/home/leyla/turtlebot3_ws/install/turtlebot3_example:/opt/ros/humble:/home/leyla/Desktop/robot_con_ws/install/ensamblaje_jpac2:/home/leyla/Desktop/ver_ws/install/Stage:/home/leyla/Documents/ejercicio2_ws/install/test_move:/home/leyla/Documents/ejercicio2_ws/install/panda_movet:/home/leyla/Desktop/newvis_ws/install/panda_assist:/home/leyla/Desktop/newvis_ws/install/robot_description:/home/leyla/turtlebot3_ws/install/turtlebot3:/home/leyla/turtlebot3_ws/install/turtlebot3_bringup:/home/leyla/turtlebot3_ws/install/turtlebot3_node:/home/leyla/turtlebot3_ws/install/turtlebot3_navigation2:/home/leyla/turtlebot3_ws/install/turtlebot3_msgs:/home/leyla/turtlebot3_ws/install/turtlebot3_description:/home/leyla/turtlebot3_ws/install/turtlebot3_cartographer:/home/leyla/turtlebot3_ws/install/dynamixel_sdk_examples:/home/leyla/turtlebot3_ws/install/dynamixel_sdk_custom_interfaces:/home/leyla/turtlebot3_ws/install/dynamixel_sdk /usr/bin/cmake --install /home/leyla/Desktop/nexus_ws/build/robot_description
[0.056s] -- Install configuration: ""
[0.057s] -- Up-to-date: /home/leyla/Desktop/nexus_ws/install/robot_description/share/robot_description/launch
[0.057s] -- Installing: /home/leyla/Desktop/nexus_ws/install/robot_description/share/robot_description/launch/view_robot.py
[0.057s] -- Up-to-date: /home/leyla/Desktop/nexus_ws/install/robot_description/share/robot_description/urdf
[0.057s] -- Up-to-date: /home/leyla/Desktop/nexus_ws/install/robot_description/share/robot_description/urdf/cobot_arm.urdf
[0.057s] -- Up-to-date: /home/leyla/Desktop/nexus_ws/install/robot_description/share/robot_description/urdf/pantilt.urdf
[0.057s] -- Up-to-date: /home/leyla/Desktop/nexus_ws/install/robot_description/share/robot_description/urdf/wally1.urdf
[0.057s] -- Up-to-date: /home/leyla/Desktop/nexus_ws/install/robot_description/share/robot_description/urdf/diff_wheeled_robot.urdf
[0.057s] -- Up-to-date: /home/leyla/Desktop/nexus_ws/install/robot_description/share/robot_description/urdf/myfirst_robot.urdf
[0.057s] -- Up-to-date: /home/leyla/Desktop/nexus_ws/install/robot_description/share/robot_description/urdf/multipleshapes.gv
[0.057s] -- Up-to-date: /home/leyla/Desktop/nexus_ws/install/robot_description/share/robot_description/urdf/guillecar.urdf
[0.057s] -- Up-to-date: /home/leyla/Desktop/nexus_ws/install/robot_description/share/robot_description/urdf/multipleshapes.pdf
[0.057s] -- Up-to-date: /home/leyla/Desktop/nexus_ws/install/robot_description/share/robot_description/urdf/clases_test.urdf
[0.057s] -- Up-to-date: /home/leyla/Desktop/nexus_ws/install/robot_description/share/robot_description/urdf/panda.urdf
[0.057s] -- Up-to-date: /home/leyla/Desktop/nexus_ws/install/robot_description/share/robot_description/urdf/examen.urdf
[0.057s] -- Up-to-date: /home/leyla/Desktop/nexus_ws/install/robot_description/share/robot_description/urdf/JPAC2.urdf
[0.057s] -- Up-to-date: /home/leyla/Desktop/nexus_ws/install/robot_description/share/robot_description/rviz
[0.058s] -- Up-to-date: /home/leyla/Desktop/nexus_ws/install/robot_description/share/robot_description/rviz/urdf.rviz
[0.058s] -- Up-to-date: /home/leyla/Desktop/nexus_ws/install/robot_description/share/robot_description/meshes
[0.058s] -- Up-to-date: /home/leyla/Desktop/nexus_ws/install/robot_description/share/robot_description/meshes/visual
[0.058s] -- Up-to-date: /home/leyla/Desktop/nexus_ws/install/robot_description/share/robot_description/meshes/visual/link0.dae
[0.058s] -- Up-to-date: /home/leyla/Desktop/nexus_ws/install/robot_description/share/robot_description/meshes/visual/BaseGiratoria2_Link.STL
[0.058s] -- Up-to-date: /home/leyla/Desktop/nexus_ws/install/robot_description/share/robot_description/meshes/visual/link2.dae
[0.058s] -- Up-to-date: /home/leyla/Desktop/nexus_ws/install/robot_description/share/robot_description/meshes/visual/link6.dae
[0.058s] -- Up-to-date: /home/leyla/Desktop/nexus_ws/install/robot_description/share/robot_description/meshes/visual/hand.dae
[0.058s] -- Up-to-date: /home/leyla/Desktop/nexus_ws/install/robot_description/share/robot_description/meshes/visual/Ruedita2_Link.STL
[0.058s] -- Up-to-date: /home/leyla/Desktop/nexus_ws/install/robot_description/share/robot_description/meshes/visual/link4.dae
[0.058s] -- Up-to-date: /home/leyla/Desktop/nexus_ws/install/robot_description/share/robot_description/meshes/visual/finger.dae
[0.058s] -- Up-to-date: /home/leyla/Desktop/nexus_ws/install/robot_description/share/robot_description/meshes/visual/link1.dae
[0.058s] -- Up-to-date: /home/leyla/Desktop/nexus_ws/install/robot_description/share/robot_description/meshes/visual/RuedaIzquierda_Link.STL
[0.058s] -- Up-to-date: /home/leyla/Desktop/nexus_ws/install/robot_description/share/robot_description/meshes/visual/link7.dae
[0.058s] -- Up-to-date: /home/leyla/Desktop/nexus_ws/install/robot_description/share/robot_description/meshes/visual/BaseGiratoria1_Link.STL
[0.058s] -- Up-to-date: /home/leyla/Desktop/nexus_ws/install/robot_description/share/robot_description/meshes/visual/RuedaDerecha_Link.STL
[0.058s] -- Up-to-date: /home/leyla/Desktop/nexus_ws/install/robot_description/share/robot_description/meshes/visual/link5.dae
[0.058s] -- Up-to-date: /home/leyla/Desktop/nexus_ws/install/robot_description/share/robot_description/meshes/visual/base_link.STL
[0.058s] -- Up-to-date: /home/leyla/Desktop/nexus_ws/install/robot_description/share/robot_description/meshes/visual/link3.dae
[0.058s] -- Up-to-date: /home/leyla/Desktop/nexus_ws/install/robot_description/share/robot_description/meshes/visual/Ruedita1_Link.STL
[0.058s] -- Up-to-date: /home/leyla/Desktop/nexus_ws/install/robot_description/share/robot_description/meshes/collision
[0.058s] -- Up-to-date: /home/leyla/Desktop/nexus_ws/install/robot_description/share/robot_description/meshes/collision/link3.obj
[0.059s] -- Up-to-date: /home/leyla/Desktop/nexus_ws/install/robot_description/share/robot_description/meshes/collision/link1.obj
[0.059s] -- Up-to-date: /home/leyla/Desktop/nexus_ws/install/robot_description/share/robot_description/meshes/collision/link7.obj
[0.059s] -- Up-to-date: /home/leyla/Desktop/nexus_ws/install/robot_description/share/robot_description/meshes/collision/hand.obj
[0.059s] -- Up-to-date: /home/leyla/Desktop/nexus_ws/install/robot_description/share/robot_description/meshes/collision/link0.obj
[0.059s] -- Up-to-date: /home/leyla/Desktop/nexus_ws/install/robot_description/share/robot_description/meshes/collision/finger.obj
[0.059s] -- Up-to-date: /home/leyla/Desktop/nexus_ws/install/robot_description/share/robot_description/meshes/collision/link2.obj
[0.059s] -- Up-to-date: /home/leyla/Desktop/nexus_ws/install/robot_description/share/robot_description/meshes/collision/link4.obj
[0.059s] -- Up-to-date: /home/leyla/Desktop/nexus_ws/install/robot_description/share/robot_description/meshes/collision/link6.obj
[0.059s] -- Up-to-date: /home/leyla/Desktop/nexus_ws/install/robot_description/share/robot_description/meshes/collision/link5.obj
[0.059s] -- Up-to-date: /home/leyla/Desktop/nexus_ws/install/robot_description/share/ament_index/resource_index/package_run_dependencies/robot_description
[0.059s] -- Up-to-date: /home/leyla/Desktop/nexus_ws/install/robot_description/share/ament_index/resource_index/parent_prefix_path/robot_description
[0.059s] -- Up-to-date: /home/leyla/Desktop/nexus_ws/install/robot_description/share/robot_description/environment/ament_prefix_path.sh
[0.059s] -- Up-to-date: /home/leyla/Desktop/nexus_ws/install/robot_description/share/robot_description/environment/ament_prefix_path.dsv
[0.059s] -- Up-to-date: /home/leyla/Desktop/nexus_ws/install/robot_description/share/robot_description/environment/path.sh
[0.059s] -- Up-to-date: /home/leyla/Desktop/nexus_ws/install/robot_description/share/robot_description/environment/path.dsv
[0.059s] -- Up-to-date: /home/leyla/Desktop/nexus_ws/install/robot_description/share/robot_description/local_setup.bash
[0.059s] -- Up-to-date: /home/leyla/Desktop/nexus_ws/install/robot_description/share/robot_description/local_setup.sh
[0.059s] -- Up-to-date: /home/leyla/Desktop/nexus_ws/install/robot_description/share/robot_description/local_setup.zsh
[0.059s] -- Up-to-date: /home/leyla/Desktop/nexus_ws/install/robot_description/share/robot_description/local_setup.dsv
[0.059s] -- Up-to-date: /home/leyla/Desktop/nexus_ws/install/robot_description/share/robot_description/package.dsv
[0.059s] -- Up-to-date: /home/leyla/Desktop/nexus_ws/install/robot_description/share/ament_index/resource_index/packages/robot_description
[0.060s] -- Up-to-date: /home/leyla/Desktop/nexus_ws/install/robot_description/share/robot_description/cmake/robot_descriptionConfig.cmake
[0.060s] -- Up-to-date: /home/leyla/Desktop/nexus_ws/install/robot_description/share/robot_description/cmake/robot_descriptionConfig-version.cmake
[0.060s] -- Up-to-date: /home/leyla/Desktop/nexus_ws/install/robot_description/share/robot_description/package.xml
[0.067s] Invoked command in '/home/leyla/Desktop/nexus_ws/build/robot_description' returned '0': CMAKE_PREFIX_PATH=/home/leyla/Desktop/nexus_ws/install/ucb_interface:/home/leyla/Desktop/nexus_ws/install/rosbridge_test_msgs:/home/leyla/Desktop/nexus_ws/install/rosbridge_suite:/home/leyla/Desktop/nexus_ws/install/rosbridge_server:/home/leyla/Desktop/nexus_ws/install/rosbridge_msgs:/home/leyla/Desktop/nexus_ws/install/rosapi:/home/leyla/Desktop/nexus_ws/install/rosbridge_library:/home/leyla/Desktop/nexus_ws/install/rosapi_msgs:/home/leyla/Desktop/nexus_ws/install/robot_description:/home/leyla/Desktop/robot_con_ws/install/robot_description:/home/leyla/Desktop/nexus_ws/install/code_py:/home/leyla/Desktop/robot_con_ws/install/control_py:/home/leyla/Desktop/ver_ws/install/stage_ros2:/home/leyla/Desktop/ver_ws/install/robot_nav:/home/leyla/Desktop/ver_ws/install/navigation_tb3:/home/leyla/Desktop/ver_ws/install/cartographer_rviz:/home/leyla/Desktop/ver_ws/install/cartographer_ros:/home/leyla/Desktop/ver_ws/install/cartographer_ros_msgs:/home/leyla/Desktop/newvis_ws/install/panda_movet:/home/leyla/turtlebot3_ws/install/turtlebot3_teleop:/home/leyla/turtlebot3_ws/install/turtlebot3_example:/opt/ros/humble:/home/leyla/Desktop/robot_con_ws/install/ensamblaje_jpac2:/home/leyla/Desktop/ver_ws/install/Stage:/home/leyla/Documents/ejercicio2_ws/install/test_move:/home/leyla/Documents/ejercicio2_ws/install/panda_movet:/home/leyla/Desktop/newvis_ws/install/panda_assist:/home/leyla/Desktop/newvis_ws/install/robot_description:/home/leyla/turtlebot3_ws/install/turtlebot3:/home/leyla/turtlebot3_ws/install/turtlebot3_bringup:/home/leyla/turtlebot3_ws/install/turtlebot3_node:/home/leyla/turtlebot3_ws/install/turtlebot3_navigation2:/home/leyla/turtlebot3_ws/install/turtlebot3_msgs:/home/leyla/turtlebot3_ws/install/turtlebot3_description:/home/leyla/turtlebot3_ws/install/turtlebot3_cartographer:/home/leyla/turtlebot3_ws/install/dynamixel_sdk_examples:/home/leyla/turtlebot3_ws/install/dynamixel_sdk_custom_interfaces:/home/leyla/turtlebot3_ws/install/dynamixel_sdk /usr/bin/cmake --install /home/leyla/Desktop/nexus_ws/build/robot_description
