[0.027s] Invoking command in '/home/leyla/Desktop/nexus_ws/build/rosbridge_msgs': CMAKE_PREFIX_PATH=/home/leyla/Desktop/nexus_ws/install/ucb_interface:/home/leyla/Desktop/nexus_ws/install/rosbridge_test_msgs:/home/leyla/Desktop/nexus_ws/install/rosbridge_suite:/home/leyla/Desktop/nexus_ws/install/rosbridge_server:/home/leyla/Desktop/nexus_ws/install/rosbridge_msgs:/home/leyla/Desktop/nexus_ws/install/rosapi:/home/leyla/Desktop/nexus_ws/install/rosbridge_library:/home/leyla/Desktop/nexus_ws/install/rosapi_msgs:/home/leyla/Desktop/nexus_ws/install/robot_description:/home/leyla/Desktop/robot_con_ws/install/robot_description:/home/leyla/Desktop/nexus_ws/install/manual:/home/leyla/Desktop/nexus_ws/install/code_py:/home/leyla/Desktop/robot_con_ws/install/control_py:/home/leyla/Desktop/ver_ws/install/stage_ros2:/home/leyla/Desktop/ver_ws/install/robot_nav:/home/leyla/Desktop/ver_ws/install/navigation_tb3:/home/leyla/Desktop/ver_ws/install/cartographer_rviz:/home/leyla/Desktop/ver_ws/install/cartographer_ros:/home/leyla/Desktop/ver_ws/install/cartographer_ros_msgs:/home/leyla/Desktop/newvis_ws/install/panda_movet:/home/leyla/turtlebot3_ws/install/turtlebot3_teleop:/home/leyla/turtlebot3_ws/install/turtlebot3_example:/opt/ros/humble:/home/leyla/Desktop/robot_con_ws/install/ensamblaje_jpac2:/home/leyla/Desktop/ver_ws/install/Stage:/home/leyla/Documents/ejercicio2_ws/install/test_move:/home/leyla/Documents/ejercicio2_ws/install/panda_movet:/home/leyla/Desktop/newvis_ws/install/panda_assist:/home/leyla/Desktop/newvis_ws/install/robot_description:/home/leyla/turtlebot3_ws/install/turtlebot3:/home/leyla/turtlebot3_ws/install/turtlebot3_bringup:/home/leyla/turtlebot3_ws/install/turtlebot3_node:/home/leyla/turtlebot3_ws/install/turtlebot3_navigation2:/home/leyla/turtlebot3_ws/install/turtlebot3_msgs:/home/leyla/turtlebot3_ws/install/turtlebot3_description:/home/leyla/turtlebot3_ws/install/turtlebot3_cartographer:/home/leyla/turtlebot3_ws/install/dynamixel_sdk_examples:/home/leyla/turtlebot3_ws/install/dynamixel_sdk_custom_interfaces:/home/leyla/turtlebot3_ws/install/dynamixel_sdk /usr/bin/cmake --build /home/leyla/Desktop/nexus_ws/build/rosbridge_msgs -- -j20 -l20
[0.063s] [ 10%] Built target rosbridge_msgs__rosidl_generator_c
[0.071s] [ 12%] Built target rosbridge_msgs__cpp
[0.071s] [ 12%] Built target ament_cmake_python_copy_rosbridge_msgs
[0.094s] [ 23%] Built target rosbridge_msgs__rosidl_typesupport_fastrtps_c
[0.094s] [ 33%] Built target rosbridge_msgs__rosidl_typesupport_c
[0.094s] [ 43%] Built target rosbridge_msgs__rosidl_typesupport_introspection_cpp
[0.095s] [ 53%] Built target rosbridge_msgs__rosidl_typesupport_introspection_c
[0.096s] [ 64%] Built target rosbridge_msgs__rosidl_typesupport_cpp
[0.102s] [ 74%] Built target rosbridge_msgs__rosidl_typesupport_fastrtps_cpp
[0.116s] [ 74%] Built target rosbridge_msgs
[0.132s] [ 76%] Built target rosbridge_msgs__py
[0.149s] [ 84%] Built target rosbridge_msgs__rosidl_generator_py
[0.166s] [ 89%] Built target rosbridge_msgs__rosidl_typesupport_fastrtps_c__pyext
[0.169s] [ 94%] Built target rosbridge_msgs__rosidl_typesupport_introspection_c__pyext
[0.170s] [100%] Built target rosbridge_msgs__rosidl_typesupport_c__pyext
[0.276s] running egg_info
[0.277s] writing rosbridge_msgs.egg-info/PKG-INFO
[0.277s] writing dependency_links to rosbridge_msgs.egg-info/dependency_links.txt
[0.277s] writing top-level names to rosbridge_msgs.egg-info/top_level.txt
[0.278s] reading manifest file 'rosbridge_msgs.egg-info/SOURCES.txt'
[0.279s] writing manifest file 'rosbridge_msgs.egg-info/SOURCES.txt'
[0.356s] [100%] Built target ament_cmake_python_build_rosbridge_msgs_egg
[0.362s] Invoked command in '/home/leyla/Desktop/nexus_ws/build/rosbridge_msgs' returned '0': CMAKE_PREFIX_PATH=/home/leyla/Desktop/nexus_ws/install/ucb_interface:/home/leyla/Desktop/nexus_ws/install/rosbridge_test_msgs:/home/leyla/Desktop/nexus_ws/install/rosbridge_suite:/home/leyla/Desktop/nexus_ws/install/rosbridge_server:/home/leyla/Desktop/nexus_ws/install/rosbridge_msgs:/home/leyla/Desktop/nexus_ws/install/rosapi:/home/leyla/Desktop/nexus_ws/install/rosbridge_library:/home/leyla/Desktop/nexus_ws/install/rosapi_msgs:/home/leyla/Desktop/nexus_ws/install/robot_description:/home/leyla/Desktop/robot_con_ws/install/robot_description:/home/leyla/Desktop/nexus_ws/install/manual:/home/leyla/Desktop/nexus_ws/install/code_py:/home/leyla/Desktop/robot_con_ws/install/control_py:/home/leyla/Desktop/ver_ws/install/stage_ros2:/home/leyla/Desktop/ver_ws/install/robot_nav:/home/leyla/Desktop/ver_ws/install/navigation_tb3:/home/leyla/Desktop/ver_ws/install/cartographer_rviz:/home/leyla/Desktop/ver_ws/install/cartographer_ros:/home/leyla/Desktop/ver_ws/install/cartographer_ros_msgs:/home/leyla/Desktop/newvis_ws/install/panda_movet:/home/leyla/turtlebot3_ws/install/turtlebot3_teleop:/home/leyla/turtlebot3_ws/install/turtlebot3_example:/opt/ros/humble:/home/leyla/Desktop/robot_con_ws/install/ensamblaje_jpac2:/home/leyla/Desktop/ver_ws/install/Stage:/home/leyla/Documents/ejercicio2_ws/install/test_move:/home/leyla/Documents/ejercicio2_ws/install/panda_movet:/home/leyla/Desktop/newvis_ws/install/panda_assist:/home/leyla/Desktop/newvis_ws/install/robot_description:/home/leyla/turtlebot3_ws/install/turtlebot3:/home/leyla/turtlebot3_ws/install/turtlebot3_bringup:/home/leyla/turtlebot3_ws/install/turtlebot3_node:/home/leyla/turtlebot3_ws/install/turtlebot3_navigation2:/home/leyla/turtlebot3_ws/install/turtlebot3_msgs:/home/leyla/turtlebot3_ws/install/turtlebot3_description:/home/leyla/turtlebot3_ws/install/turtlebot3_cartographer:/home/leyla/turtlebot3_ws/install/dynamixel_sdk_examples:/home/leyla/turtlebot3_ws/install/dynamixel_sdk_custom_interfaces:/home/leyla/turtlebot3_ws/install/dynamixel_sdk /usr/bin/cmake --build /home/leyla/Desktop/nexus_ws/build/rosbridge_msgs -- -j20 -l20
[0.362s] Invoking command in '/home/leyla/Desktop/nexus_ws/build/rosbridge_msgs': CMAKE_PREFIX_PATH=/home/leyla/Desktop/nexus_ws/install/ucb_interface:/home/leyla/Desktop/nexus_ws/install/rosbridge_test_msgs:/home/leyla/Desktop/nexus_ws/install/rosbridge_suite:/home/leyla/Desktop/nexus_ws/install/rosbridge_server:/home/leyla/Desktop/nexus_ws/install/rosbridge_msgs:/home/leyla/Desktop/nexus_ws/install/rosapi:/home/leyla/Desktop/nexus_ws/install/rosbridge_library:/home/leyla/Desktop/nexus_ws/install/rosapi_msgs:/home/leyla/Desktop/nexus_ws/install/robot_description:/home/leyla/Desktop/robot_con_ws/install/robot_description:/home/leyla/Desktop/nexus_ws/install/manual:/home/leyla/Desktop/nexus_ws/install/code_py:/home/leyla/Desktop/robot_con_ws/install/control_py:/home/leyla/Desktop/ver_ws/install/stage_ros2:/home/leyla/Desktop/ver_ws/install/robot_nav:/home/leyla/Desktop/ver_ws/install/navigation_tb3:/home/leyla/Desktop/ver_ws/install/cartographer_rviz:/home/leyla/Desktop/ver_ws/install/cartographer_ros:/home/leyla/Desktop/ver_ws/install/cartographer_ros_msgs:/home/leyla/Desktop/newvis_ws/install/panda_movet:/home/leyla/turtlebot3_ws/install/turtlebot3_teleop:/home/leyla/turtlebot3_ws/install/turtlebot3_example:/opt/ros/humble:/home/leyla/Desktop/robot_con_ws/install/ensamblaje_jpac2:/home/leyla/Desktop/ver_ws/install/Stage:/home/leyla/Documents/ejercicio2_ws/install/test_move:/home/leyla/Documents/ejercicio2_ws/install/panda_movet:/home/leyla/Desktop/newvis_ws/install/panda_assist:/home/leyla/Desktop/newvis_ws/install/robot_description:/home/leyla/turtlebot3_ws/install/turtlebot3:/home/leyla/turtlebot3_ws/install/turtlebot3_bringup:/home/leyla/turtlebot3_ws/install/turtlebot3_node:/home/leyla/turtlebot3_ws/install/turtlebot3_navigation2:/home/leyla/turtlebot3_ws/install/turtlebot3_msgs:/home/leyla/turtlebot3_ws/install/turtlebot3_description:/home/leyla/turtlebot3_ws/install/turtlebot3_cartographer:/home/leyla/turtlebot3_ws/install/dynamixel_sdk_examples:/home/leyla/turtlebot3_ws/install/dynamixel_sdk_custom_interfaces:/home/leyla/turtlebot3_ws/install/dynamixel_sdk /usr/bin/cmake --install /home/leyla/Desktop/nexus_ws/build/rosbridge_msgs
[0.363s] -- Install configuration: ""
[0.363s] -- Up-to-date: /home/leyla/Desktop/nexus_ws/install/rosbridge_msgs/share/ament_index/resource_index/rosidl_interfaces/rosbridge_msgs
[0.363s] -- Up-to-date: /home/leyla/Desktop/nexus_ws/install/rosbridge_msgs/include/rosbridge_msgs/rosbridge_msgs
[0.363s] -- Up-to-date: /home/leyla/Desktop/nexus_ws/install/rosbridge_msgs/include/rosbridge_msgs/rosbridge_msgs/msg
[0.363s] -- Up-to-date: /home/leyla/Desktop/nexus_ws/install/rosbridge_msgs/include/rosbridge_msgs/rosbridge_msgs/msg/rosidl_generator_c__visibility_control.h
[0.363s] -- Up-to-date: /home/leyla/Desktop/nexus_ws/install/rosbridge_msgs/include/rosbridge_msgs/rosbridge_msgs/msg/detail
[0.363s] -- Up-to-date: /home/leyla/Desktop/nexus_ws/install/rosbridge_msgs/include/rosbridge_msgs/rosbridge_msgs/msg/detail/connected_client__functions.c
[0.363s] -- Up-to-date: /home/leyla/Desktop/nexus_ws/install/rosbridge_msgs/include/rosbridge_msgs/rosbridge_msgs/msg/detail/connected_clients__struct.h
[0.363s] -- Up-to-date: /home/leyla/Desktop/nexus_ws/install/rosbridge_msgs/include/rosbridge_msgs/rosbridge_msgs/msg/detail/connected_client__functions.h
[0.363s] -- Up-to-date: /home/leyla/Desktop/nexus_ws/install/rosbridge_msgs/include/rosbridge_msgs/rosbridge_msgs/msg/detail/connected_client__type_support.h
[0.363s] -- Up-to-date: /home/leyla/Desktop/nexus_ws/install/rosbridge_msgs/include/rosbridge_msgs/rosbridge_msgs/msg/detail/connected_clients__functions.c
[0.363s] -- Up-to-date: /home/leyla/Desktop/nexus_ws/install/rosbridge_msgs/include/rosbridge_msgs/rosbridge_msgs/msg/detail/connected_clients__functions.h
[0.363s] -- Up-to-date: /home/leyla/Desktop/nexus_ws/install/rosbridge_msgs/include/rosbridge_msgs/rosbridge_msgs/msg/detail/connected_clients__type_support.h
[0.363s] -- Up-to-date: /home/leyla/Desktop/nexus_ws/install/rosbridge_msgs/include/rosbridge_msgs/rosbridge_msgs/msg/detail/connected_client__struct.h
[0.363s] -- Up-to-date: /home/leyla/Desktop/nexus_ws/install/rosbridge_msgs/include/rosbridge_msgs/rosbridge_msgs/msg/connected_client.h
[0.363s] -- Up-to-date: /home/leyla/Desktop/nexus_ws/install/rosbridge_msgs/include/rosbridge_msgs/rosbridge_msgs/msg/connected_clients.h
[0.363s] -- Up-to-date: /home/leyla/Desktop/nexus_ws/install/rosbridge_msgs/share/rosbridge_msgs/environment/library_path.sh
[0.363s] -- Up-to-date: /home/leyla/Desktop/nexus_ws/install/rosbridge_msgs/share/rosbridge_msgs/environment/library_path.dsv
[0.363s] -- Up-to-date: /home/leyla/Desktop/nexus_ws/install/rosbridge_msgs/lib/librosbridge_msgs__rosidl_generator_c.so
[0.363s] -- Up-to-date: /home/leyla/Desktop/nexus_ws/install/rosbridge_msgs/include/rosbridge_msgs/rosbridge_msgs
[0.363s] -- Up-to-date: /home/leyla/Desktop/nexus_ws/install/rosbridge_msgs/include/rosbridge_msgs/rosbridge_msgs/msg
[0.363s] -- Up-to-date: /home/leyla/Desktop/nexus_ws/install/rosbridge_msgs/include/rosbridge_msgs/rosbridge_msgs/msg/detail
[0.363s] -- Up-to-date: /home/leyla/Desktop/nexus_ws/install/rosbridge_msgs/include/rosbridge_msgs/rosbridge_msgs/msg/detail/connected_clients__rosidl_typesupport_fastrtps_c.h
[0.363s] -- Up-to-date: /home/leyla/Desktop/nexus_ws/install/rosbridge_msgs/include/rosbridge_msgs/rosbridge_msgs/msg/detail/connected_client__rosidl_typesupport_fastrtps_c.h
[0.363s] -- Up-to-date: /home/leyla/Desktop/nexus_ws/install/rosbridge_msgs/include/rosbridge_msgs/rosbridge_msgs/msg/rosidl_typesupport_fastrtps_c__visibility_control.h
[0.363s] -- Up-to-date: /home/leyla/Desktop/nexus_ws/install/rosbridge_msgs/lib/librosbridge_msgs__rosidl_typesupport_fastrtps_c.so
[0.363s] -- Up-to-date: /home/leyla/Desktop/nexus_ws/install/rosbridge_msgs/include/rosbridge_msgs/rosbridge_msgs
[0.363s] -- Up-to-date: /home/leyla/Desktop/nexus_ws/install/rosbridge_msgs/include/rosbridge_msgs/rosbridge_msgs/msg
[0.363s] -- Up-to-date: /home/leyla/Desktop/nexus_ws/install/rosbridge_msgs/include/rosbridge_msgs/rosbridge_msgs/msg/rosidl_generator_cpp__visibility_control.hpp
[0.363s] -- Up-to-date: /home/leyla/Desktop/nexus_ws/install/rosbridge_msgs/include/rosbridge_msgs/rosbridge_msgs/msg/detail
[0.364s] -- Up-to-date: /home/leyla/Desktop/nexus_ws/install/rosbridge_msgs/include/rosbridge_msgs/rosbridge_msgs/msg/detail/connected_clients__builder.hpp
[0.364s] -- Up-to-date: /home/leyla/Desktop/nexus_ws/install/rosbridge_msgs/include/rosbridge_msgs/rosbridge_msgs/msg/detail/connected_clients__type_support.hpp
[0.364s] -- Up-to-date: /home/leyla/Desktop/nexus_ws/install/rosbridge_msgs/include/rosbridge_msgs/rosbridge_msgs/msg/detail/connected_client__type_support.hpp
[0.364s] -- Up-to-date: /home/leyla/Desktop/nexus_ws/install/rosbridge_msgs/include/rosbridge_msgs/rosbridge_msgs/msg/detail/connected_client__builder.hpp
[0.364s] -- Up-to-date: /home/leyla/Desktop/nexus_ws/install/rosbridge_msgs/include/rosbridge_msgs/rosbridge_msgs/msg/detail/connected_clients__struct.hpp
[0.364s] -- Up-to-date: /home/leyla/Desktop/nexus_ws/install/rosbridge_msgs/include/rosbridge_msgs/rosbridge_msgs/msg/detail/connected_client__struct.hpp
[0.364s] -- Up-to-date: /home/leyla/Desktop/nexus_ws/install/rosbridge_msgs/include/rosbridge_msgs/rosbridge_msgs/msg/detail/connected_clients__traits.hpp
[0.364s] -- Up-to-date: /home/leyla/Desktop/nexus_ws/install/rosbridge_msgs/include/rosbridge_msgs/rosbridge_msgs/msg/detail/connected_client__traits.hpp
[0.364s] -- Up-to-date: /home/leyla/Desktop/nexus_ws/install/rosbridge_msgs/include/rosbridge_msgs/rosbridge_msgs/msg/connected_client.hpp
[0.364s] -- Up-to-date: /home/leyla/Desktop/nexus_ws/install/rosbridge_msgs/include/rosbridge_msgs/rosbridge_msgs/msg/connected_clients.hpp
[0.364s] -- Up-to-date: /home/leyla/Desktop/nexus_ws/install/rosbridge_msgs/include/rosbridge_msgs/rosbridge_msgs
[0.364s] -- Up-to-date: /home/leyla/Desktop/nexus_ws/install/rosbridge_msgs/include/rosbridge_msgs/rosbridge_msgs/msg
[0.364s] -- Up-to-date: /home/leyla/Desktop/nexus_ws/install/rosbridge_msgs/include/rosbridge_msgs/rosbridge_msgs/msg/rosidl_typesupport_fastrtps_cpp__visibility_control.h
[0.364s] -- Up-to-date: /home/leyla/Desktop/nexus_ws/install/rosbridge_msgs/include/rosbridge_msgs/rosbridge_msgs/msg/detail
[0.364s] -- Up-to-date: /home/leyla/Desktop/nexus_ws/install/rosbridge_msgs/include/rosbridge_msgs/rosbridge_msgs/msg/detail/dds_fastrtps
[0.364s] -- Up-to-date: /home/leyla/Desktop/nexus_ws/install/rosbridge_msgs/include/rosbridge_msgs/rosbridge_msgs/msg/detail/connected_clients__rosidl_typesupport_fastrtps_cpp.hpp
[0.364s] -- Up-to-date: /home/leyla/Desktop/nexus_ws/install/rosbridge_msgs/include/rosbridge_msgs/rosbridge_msgs/msg/detail/connected_client__rosidl_typesupport_fastrtps_cpp.hpp
[0.364s] -- Up-to-date: /home/leyla/Desktop/nexus_ws/install/rosbridge_msgs/lib/librosbridge_msgs__rosidl_typesupport_fastrtps_cpp.so
[0.364s] -- Up-to-date: /home/leyla/Desktop/nexus_ws/install/rosbridge_msgs/include/rosbridge_msgs/rosbridge_msgs
[0.364s] -- Up-to-date: /home/leyla/Desktop/nexus_ws/install/rosbridge_msgs/include/rosbridge_msgs/rosbridge_msgs/msg
[0.364s] -- Up-to-date: /home/leyla/Desktop/nexus_ws/install/rosbridge_msgs/include/rosbridge_msgs/rosbridge_msgs/msg/detail
[0.364s] -- Up-to-date: /home/leyla/Desktop/nexus_ws/install/rosbridge_msgs/include/rosbridge_msgs/rosbridge_msgs/msg/detail/connected_clients__type_support.c
[0.364s] -- Up-to-date: /home/leyla/Desktop/nexus_ws/install/rosbridge_msgs/include/rosbridge_msgs/rosbridge_msgs/msg/detail/connected_clients__rosidl_typesupport_introspection_c.h
[0.364s] -- Up-to-date: /home/leyla/Desktop/nexus_ws/install/rosbridge_msgs/include/rosbridge_msgs/rosbridge_msgs/msg/detail/connected_client__type_support.c
[0.364s] -- Up-to-date: /home/leyla/Desktop/nexus_ws/install/rosbridge_msgs/include/rosbridge_msgs/rosbridge_msgs/msg/detail/connected_client__rosidl_typesupport_introspection_c.h
[0.364s] -- Up-to-date: /home/leyla/Desktop/nexus_ws/install/rosbridge_msgs/include/rosbridge_msgs/rosbridge_msgs/msg/rosidl_typesupport_introspection_c__visibility_control.h
[0.364s] -- Up-to-date: /home/leyla/Desktop/nexus_ws/install/rosbridge_msgs/lib/librosbridge_msgs__rosidl_typesupport_introspection_c.so
[0.365s] -- Up-to-date: /home/leyla/Desktop/nexus_ws/install/rosbridge_msgs/lib/librosbridge_msgs__rosidl_typesupport_c.so
[0.365s] -- Up-to-date: /home/leyla/Desktop/nexus_ws/install/rosbridge_msgs/include/rosbridge_msgs/rosbridge_msgs
[0.365s] -- Up-to-date: /home/leyla/Desktop/nexus_ws/install/rosbridge_msgs/include/rosbridge_msgs/rosbridge_msgs/msg
[0.365s] -- Up-to-date: /home/leyla/Desktop/nexus_ws/install/rosbridge_msgs/include/rosbridge_msgs/rosbridge_msgs/msg/detail
[0.365s] -- Up-to-date: /home/leyla/Desktop/nexus_ws/install/rosbridge_msgs/include/rosbridge_msgs/rosbridge_msgs/msg/detail/connected_clients__type_support.cpp
[0.365s] -- Up-to-date: /home/leyla/Desktop/nexus_ws/install/rosbridge_msgs/include/rosbridge_msgs/rosbridge_msgs/msg/detail/connected_client__rosidl_typesupport_introspection_cpp.hpp
[0.365s] -- Up-to-date: /home/leyla/Desktop/nexus_ws/install/rosbridge_msgs/include/rosbridge_msgs/rosbridge_msgs/msg/detail/connected_clients__rosidl_typesupport_introspection_cpp.hpp
[0.365s] -- Up-to-date: /home/leyla/Desktop/nexus_ws/install/rosbridge_msgs/include/rosbridge_msgs/rosbridge_msgs/msg/detail/connected_client__type_support.cpp
[0.365s] -- Up-to-date: /home/leyla/Desktop/nexus_ws/install/rosbridge_msgs/lib/librosbridge_msgs__rosidl_typesupport_introspection_cpp.so
[0.365s] -- Up-to-date: /home/leyla/Desktop/nexus_ws/install/rosbridge_msgs/lib/librosbridge_msgs__rosidl_typesupport_cpp.so
[0.365s] -- Up-to-date: /home/leyla/Desktop/nexus_ws/install/rosbridge_msgs/share/rosbridge_msgs/environment/pythonpath.sh
[0.365s] -- Up-to-date: /home/leyla/Desktop/nexus_ws/install/rosbridge_msgs/share/rosbridge_msgs/environment/pythonpath.dsv
[0.365s] -- Up-to-date: /home/leyla/Desktop/nexus_ws/install/rosbridge_msgs/local/lib/python3.10/dist-packages/rosbridge_msgs-2.0.1-py3.10.egg-info
[0.365s] -- Installing: /home/leyla/Desktop/nexus_ws/install/rosbridge_msgs/local/lib/python3.10/dist-packages/rosbridge_msgs-2.0.1-py3.10.egg-info/SOURCES.txt
[0.365s] -- Installing: /home/leyla/Desktop/nexus_ws/install/rosbridge_msgs/local/lib/python3.10/dist-packages/rosbridge_msgs-2.0.1-py3.10.egg-info/dependency_links.txt
[0.365s] -- Installing: /home/leyla/Desktop/nexus_ws/install/rosbridge_msgs/local/lib/python3.10/dist-packages/rosbridge_msgs-2.0.1-py3.10.egg-info/PKG-INFO
[0.365s] -- Installing: /home/leyla/Desktop/nexus_ws/install/rosbridge_msgs/local/lib/python3.10/dist-packages/rosbridge_msgs-2.0.1-py3.10.egg-info/top_level.txt
[0.365s] -- Up-to-date: /home/leyla/Desktop/nexus_ws/install/rosbridge_msgs/local/lib/python3.10/dist-packages/rosbridge_msgs
[0.365s] -- Up-to-date: /home/leyla/Desktop/nexus_ws/install/rosbridge_msgs/local/lib/python3.10/dist-packages/rosbridge_msgs/__init__.py
[0.365s] -- Up-to-date: /home/leyla/Desktop/nexus_ws/install/rosbridge_msgs/local/lib/python3.10/dist-packages/rosbridge_msgs/rosbridge_msgs_s__rosidl_typesupport_fastrtps_c.cpython-310-x86_64-linux-gnu.so
[0.366s] -- Up-to-date: /home/leyla/Desktop/nexus_ws/install/rosbridge_msgs/local/lib/python3.10/dist-packages/rosbridge_msgs/rosbridge_msgs_s__rosidl_typesupport_c.cpython-310-x86_64-linux-gnu.so
[0.366s] -- Up-to-date: /home/leyla/Desktop/nexus_ws/install/rosbridge_msgs/local/lib/python3.10/dist-packages/rosbridge_msgs/_rosbridge_msgs_s.ep.rosidl_typesupport_c.c
[0.366s] -- Up-to-date: /home/leyla/Desktop/nexus_ws/install/rosbridge_msgs/local/lib/python3.10/dist-packages/rosbridge_msgs/rosbridge_msgs_s__rosidl_typesupport_introspection_c.cpython-310-x86_64-linux-gnu.so
[0.366s] -- Up-to-date: /home/leyla/Desktop/nexus_ws/install/rosbridge_msgs/local/lib/python3.10/dist-packages/rosbridge_msgs/_rosbridge_msgs_s.ep.rosidl_typesupport_introspection_c.c
[0.366s] -- Up-to-date: /home/leyla/Desktop/nexus_ws/install/rosbridge_msgs/local/lib/python3.10/dist-packages/rosbridge_msgs/msg
[0.366s] -- Up-to-date: /home/leyla/Desktop/nexus_ws/install/rosbridge_msgs/local/lib/python3.10/dist-packages/rosbridge_msgs/msg/__init__.py
[0.366s] -- Up-to-date: /home/leyla/Desktop/nexus_ws/install/rosbridge_msgs/local/lib/python3.10/dist-packages/rosbridge_msgs/msg/_connected_client_s.c
[0.366s] -- Up-to-date: /home/leyla/Desktop/nexus_ws/install/rosbridge_msgs/local/lib/python3.10/dist-packages/rosbridge_msgs/msg/_connected_client.py
[0.366s] -- Up-to-date: /home/leyla/Desktop/nexus_ws/install/rosbridge_msgs/local/lib/python3.10/dist-packages/rosbridge_msgs/msg/_connected_clients_s.c
[0.366s] -- Up-to-date: /home/leyla/Desktop/nexus_ws/install/rosbridge_msgs/local/lib/python3.10/dist-packages/rosbridge_msgs/msg/_connected_clients.py
[0.366s] -- Up-to-date: /home/leyla/Desktop/nexus_ws/install/rosbridge_msgs/local/lib/python3.10/dist-packages/rosbridge_msgs/librosbridge_msgs__rosidl_generator_py.so
[0.366s] -- Up-to-date: /home/leyla/Desktop/nexus_ws/install/rosbridge_msgs/local/lib/python3.10/dist-packages/rosbridge_msgs/_rosbridge_msgs_s.ep.rosidl_typesupport_fastrtps_c.c
[0.374s] Listing '/home/leyla/Desktop/nexus_ws/install/rosbridge_msgs/local/lib/python3.10/dist-packages/rosbridge_msgs'...
[0.374s] Listing '/home/leyla/Desktop/nexus_ws/install/rosbridge_msgs/local/lib/python3.10/dist-packages/rosbridge_msgs/msg'...
[0.374s] -- Up-to-date: /home/leyla/Desktop/nexus_ws/install/rosbridge_msgs/local/lib/python3.10/dist-packages/rosbridge_msgs/rosbridge_msgs_s__rosidl_typesupport_fastrtps_c.cpython-310-x86_64-linux-gnu.so
[0.374s] -- Up-to-date: /home/leyla/Desktop/nexus_ws/install/rosbridge_msgs/local/lib/python3.10/dist-packages/rosbridge_msgs/rosbridge_msgs_s__rosidl_typesupport_introspection_c.cpython-310-x86_64-linux-gnu.so
[0.374s] -- Up-to-date: /home/leyla/Desktop/nexus_ws/install/rosbridge_msgs/local/lib/python3.10/dist-packages/rosbridge_msgs/rosbridge_msgs_s__rosidl_typesupport_c.cpython-310-x86_64-linux-gnu.so
[0.374s] -- Up-to-date: /home/leyla/Desktop/nexus_ws/install/rosbridge_msgs/lib/librosbridge_msgs__rosidl_generator_py.so
[0.374s] -- Up-to-date: /home/leyla/Desktop/nexus_ws/install/rosbridge_msgs/share/rosbridge_msgs/msg/ConnectedClient.idl
[0.374s] -- Up-to-date: /home/leyla/Desktop/nexus_ws/install/rosbridge_msgs/share/rosbridge_msgs/msg/ConnectedClients.idl
[0.374s] -- Up-to-date: /home/leyla/Desktop/nexus_ws/install/rosbridge_msgs/share/rosbridge_msgs/msg/ConnectedClient.msg
[0.374s] -- Up-to-date: /home/leyla/Desktop/nexus_ws/install/rosbridge_msgs/share/rosbridge_msgs/msg/ConnectedClients.msg
[0.374s] -- Up-to-date: /home/leyla/Desktop/nexus_ws/install/rosbridge_msgs/share/ament_index/resource_index/package_run_dependencies/rosbridge_msgs
[0.374s] -- Up-to-date: /home/leyla/Desktop/nexus_ws/install/rosbridge_msgs/share/ament_index/resource_index/parent_prefix_path/rosbridge_msgs
[0.374s] -- Up-to-date: /home/leyla/Desktop/nexus_ws/install/rosbridge_msgs/share/rosbridge_msgs/environment/ament_prefix_path.sh
[0.374s] -- Up-to-date: /home/leyla/Desktop/nexus_ws/install/rosbridge_msgs/share/rosbridge_msgs/environment/ament_prefix_path.dsv
[0.374s] -- Up-to-date: /home/leyla/Desktop/nexus_ws/install/rosbridge_msgs/share/rosbridge_msgs/environment/path.sh
[0.374s] -- Up-to-date: /home/leyla/Desktop/nexus_ws/install/rosbridge_msgs/share/rosbridge_msgs/environment/path.dsv
[0.374s] -- Up-to-date: /home/leyla/Desktop/nexus_ws/install/rosbridge_msgs/share/rosbridge_msgs/local_setup.bash
[0.374s] -- Up-to-date: /home/leyla/Desktop/nexus_ws/install/rosbridge_msgs/share/rosbridge_msgs/local_setup.sh
[0.374s] -- Up-to-date: /home/leyla/Desktop/nexus_ws/install/rosbridge_msgs/share/rosbridge_msgs/local_setup.zsh
[0.374s] -- Up-to-date: /home/leyla/Desktop/nexus_ws/install/rosbridge_msgs/share/rosbridge_msgs/local_setup.dsv
[0.374s] -- Installing: /home/leyla/Desktop/nexus_ws/install/rosbridge_msgs/share/rosbridge_msgs/package.dsv
[0.374s] -- Up-to-date: /home/leyla/Desktop/nexus_ws/install/rosbridge_msgs/share/ament_index/resource_index/packages/rosbridge_msgs
[0.374s] -- Up-to-date: /home/leyla/Desktop/nexus_ws/install/rosbridge_msgs/share/rosbridge_msgs/cmake/export_rosbridge_msgs__rosidl_generator_cExport.cmake
[0.374s] -- Up-to-date: /home/leyla/Desktop/nexus_ws/install/rosbridge_msgs/share/rosbridge_msgs/cmake/export_rosbridge_msgs__rosidl_generator_cExport-noconfig.cmake
[0.374s] -- Up-to-date: /home/leyla/Desktop/nexus_ws/install/rosbridge_msgs/share/rosbridge_msgs/cmake/export_rosbridge_msgs__rosidl_typesupport_fastrtps_cExport.cmake
[0.374s] -- Up-to-date: /home/leyla/Desktop/nexus_ws/install/rosbridge_msgs/share/rosbridge_msgs/cmake/export_rosbridge_msgs__rosidl_typesupport_fastrtps_cExport-noconfig.cmake
[0.374s] -- Up-to-date: /home/leyla/Desktop/nexus_ws/install/rosbridge_msgs/share/rosbridge_msgs/cmake/export_rosbridge_msgs__rosidl_generator_cppExport.cmake
[0.374s] -- Up-to-date: /home/leyla/Desktop/nexus_ws/install/rosbridge_msgs/share/rosbridge_msgs/cmake/export_rosbridge_msgs__rosidl_typesupport_fastrtps_cppExport.cmake
[0.374s] -- Up-to-date: /home/leyla/Desktop/nexus_ws/install/rosbridge_msgs/share/rosbridge_msgs/cmake/export_rosbridge_msgs__rosidl_typesupport_fastrtps_cppExport-noconfig.cmake
[0.374s] -- Up-to-date: /home/leyla/Desktop/nexus_ws/install/rosbridge_msgs/share/rosbridge_msgs/cmake/rosbridge_msgs__rosidl_typesupport_introspection_cExport.cmake
[0.374s] -- Up-to-date: /home/leyla/Desktop/nexus_ws/install/rosbridge_msgs/share/rosbridge_msgs/cmake/rosbridge_msgs__rosidl_typesupport_introspection_cExport-noconfig.cmake
[0.374s] -- Up-to-date: /home/leyla/Desktop/nexus_ws/install/rosbridge_msgs/share/rosbridge_msgs/cmake/rosbridge_msgs__rosidl_typesupport_cExport.cmake
[0.374s] -- Up-to-date: /home/leyla/Desktop/nexus_ws/install/rosbridge_msgs/share/rosbridge_msgs/cmake/rosbridge_msgs__rosidl_typesupport_cExport-noconfig.cmake
[0.374s] -- Up-to-date: /home/leyla/Desktop/nexus_ws/install/rosbridge_msgs/share/rosbridge_msgs/cmake/rosbridge_msgs__rosidl_typesupport_introspection_cppExport.cmake
[0.374s] -- Up-to-date: /home/leyla/Desktop/nexus_ws/install/rosbridge_msgs/share/rosbridge_msgs/cmake/rosbridge_msgs__rosidl_typesupport_introspection_cppExport-noconfig.cmake
[0.374s] -- Up-to-date: /home/leyla/Desktop/nexus_ws/install/rosbridge_msgs/share/rosbridge_msgs/cmake/rosbridge_msgs__rosidl_typesupport_cppExport.cmake
[0.375s] -- Up-to-date: /home/leyla/Desktop/nexus_ws/install/rosbridge_msgs/share/rosbridge_msgs/cmake/rosbridge_msgs__rosidl_typesupport_cppExport-noconfig.cmake
[0.375s] -- Up-to-date: /home/leyla/Desktop/nexus_ws/install/rosbridge_msgs/share/rosbridge_msgs/cmake/export_rosbridge_msgs__rosidl_generator_pyExport.cmake
[0.375s] -- Up-to-date: /home/leyla/Desktop/nexus_ws/install/rosbridge_msgs/share/rosbridge_msgs/cmake/export_rosbridge_msgs__rosidl_generator_pyExport-noconfig.cmake
[0.375s] -- Up-to-date: /home/leyla/Desktop/nexus_ws/install/rosbridge_msgs/share/rosbridge_msgs/cmake/rosidl_cmake-extras.cmake
[0.375s] -- Up-to-date: /home/leyla/Desktop/nexus_ws/install/rosbridge_msgs/share/rosbridge_msgs/cmake/ament_cmake_export_dependencies-extras.cmake
[0.375s] -- Up-to-date: /home/leyla/Desktop/nexus_ws/install/rosbridge_msgs/share/rosbridge_msgs/cmake/ament_cmake_export_include_directories-extras.cmake
[0.375s] -- Up-to-date: /home/leyla/Desktop/nexus_ws/install/rosbridge_msgs/share/rosbridge_msgs/cmake/ament_cmake_export_libraries-extras.cmake
[0.375s] -- Up-to-date: /home/leyla/Desktop/nexus_ws/install/rosbridge_msgs/share/rosbridge_msgs/cmake/ament_cmake_export_targets-extras.cmake
[0.375s] -- Up-to-date: /home/leyla/Desktop/nexus_ws/install/rosbridge_msgs/share/rosbridge_msgs/cmake/rosidl_cmake_export_typesupport_targets-extras.cmake
[0.375s] -- Up-to-date: /home/leyla/Desktop/nexus_ws/install/rosbridge_msgs/share/rosbridge_msgs/cmake/rosidl_cmake_export_typesupport_libraries-extras.cmake
[0.375s] -- Up-to-date: /home/leyla/Desktop/nexus_ws/install/rosbridge_msgs/share/rosbridge_msgs/cmake/rosbridge_msgsConfig.cmake
[0.375s] -- Up-to-date: /home/leyla/Desktop/nexus_ws/install/rosbridge_msgs/share/rosbridge_msgs/cmake/rosbridge_msgsConfig-version.cmake
[0.375s] -- Up-to-date: /home/leyla/Desktop/nexus_ws/install/rosbridge_msgs/share/rosbridge_msgs/package.xml
[0.406s] Invoked command in '/home/leyla/Desktop/nexus_ws/build/rosbridge_msgs' returned '0': CMAKE_PREFIX_PATH=/home/leyla/Desktop/nexus_ws/install/ucb_interface:/home/leyla/Desktop/nexus_ws/install/rosbridge_test_msgs:/home/leyla/Desktop/nexus_ws/install/rosbridge_suite:/home/leyla/Desktop/nexus_ws/install/rosbridge_server:/home/leyla/Desktop/nexus_ws/install/rosbridge_msgs:/home/leyla/Desktop/nexus_ws/install/rosapi:/home/leyla/Desktop/nexus_ws/install/rosbridge_library:/home/leyla/Desktop/nexus_ws/install/rosapi_msgs:/home/leyla/Desktop/nexus_ws/install/robot_description:/home/leyla/Desktop/robot_con_ws/install/robot_description:/home/leyla/Desktop/nexus_ws/install/manual:/home/leyla/Desktop/nexus_ws/install/code_py:/home/leyla/Desktop/robot_con_ws/install/control_py:/home/leyla/Desktop/ver_ws/install/stage_ros2:/home/leyla/Desktop/ver_ws/install/robot_nav:/home/leyla/Desktop/ver_ws/install/navigation_tb3:/home/leyla/Desktop/ver_ws/install/cartographer_rviz:/home/leyla/Desktop/ver_ws/install/cartographer_ros:/home/leyla/Desktop/ver_ws/install/cartographer_ros_msgs:/home/leyla/Desktop/newvis_ws/install/panda_movet:/home/leyla/turtlebot3_ws/install/turtlebot3_teleop:/home/leyla/turtlebot3_ws/install/turtlebot3_example:/opt/ros/humble:/home/leyla/Desktop/robot_con_ws/install/ensamblaje_jpac2:/home/leyla/Desktop/ver_ws/install/Stage:/home/leyla/Documents/ejercicio2_ws/install/test_move:/home/leyla/Documents/ejercicio2_ws/install/panda_movet:/home/leyla/Desktop/newvis_ws/install/panda_assist:/home/leyla/Desktop/newvis_ws/install/robot_description:/home/leyla/turtlebot3_ws/install/turtlebot3:/home/leyla/turtlebot3_ws/install/turtlebot3_bringup:/home/leyla/turtlebot3_ws/install/turtlebot3_node:/home/leyla/turtlebot3_ws/install/turtlebot3_navigation2:/home/leyla/turtlebot3_ws/install/turtlebot3_msgs:/home/leyla/turtlebot3_ws/install/turtlebot3_description:/home/leyla/turtlebot3_ws/install/turtlebot3_cartographer:/home/leyla/turtlebot3_ws/install/dynamixel_sdk_examples:/home/leyla/turtlebot3_ws/install/dynamixel_sdk_custom_interfaces:/home/leyla/turtlebot3_ws/install/dynamixel_sdk /usr/bin/cmake --install /home/leyla/Desktop/nexus_ws/build/rosbridge_msgs
