[0.497s] Invoking command in '/home/leyla/Desktop/nexus_ws/src/code_py': LD_LIBRARY_PATH=/home/leyla/Desktop/nexus_ws/install/ucb_interface/lib:/home/leyla/Desktop/nexus_ws/install/rosbridge_test_msgs/lib:/home/leyla/Desktop/nexus_ws/install/rosbridge_msgs/lib:/home/leyla/Desktop/nexus_ws/install/rosapi_msgs/lib:/home/leyla/Desktop/ver_ws/install/stage_ros2/lib:/home/leyla/Desktop/ver_ws/install/cartographer_rviz/lib:/home/leyla/Desktop/ver_ws/install/cartographer_ros/lib:/home/leyla/Desktop/ver_ws/install/cartographer_ros_msgs/lib:/home/leyla/Desktop/ver_ws/install/Stage/lib:/home/leyla/turtlebot3_ws/install/turtlebot3_msgs/lib:/home/leyla/turtlebot3_ws/install/dynamixel_sdk_custom_interfaces/lib:/home/leyla/turtlebot3_ws/install/dynamixel_sdk/lib:/usr/lib/x86_64-linux-gnu/gazebo-11/plugins:/opt/ros/humble/opt/rviz_ogre_vendor/lib:/opt/ros/humble/lib/x86_64-linux-gnu:/opt/ros/humble/lib:/usr/lib/x86_64-linux-gnu/gazebo-11/plugins:/usr/lib/x86_64-linux-gnu/gazebo-11/plugins:/usr/lib/x86_64-linux-gnu/gazebo-11/plugins PYTHONPATH=/home/leyla/Desktop/nexus_ws/build/code_py/prefix_override:/usr/lib/python3/dist-packages/colcon_core/task/python/colcon_distutils_commands:/home/leyla/Desktop/nexus_ws/install/code_py/lib/python3.10/site-packages:${PYTHONPATH} /usr/bin/python3 -W ignore:setup.py install is deprecated -W ignore:easy_install command is deprecated setup.py egg_info --egg-base ../../build/code_py build --build-base /home/leyla/Desktop/nexus_ws/build/code_py/build install --record /home/leyla/Desktop/nexus_ws/build/code_py/install.log --single-version-externally-managed install_data
[0.665s] running egg_info
[0.666s] writing ../../build/code_py/code_py.egg-info/PKG-INFO
[0.666s] writing dependency_links to ../../build/code_py/code_py.egg-info/dependency_links.txt
[0.666s] writing entry points to ../../build/code_py/code_py.egg-info/entry_points.txt
[0.666s] writing requirements to ../../build/code_py/code_py.egg-info/requires.txt
[0.666s] writing top-level names to ../../build/code_py/code_py.egg-info/top_level.txt
[0.667s] reading manifest file '../../build/code_py/code_py.egg-info/SOURCES.txt'
[0.667s] reading manifest template 'MANIFEST.in'
[0.667s] adding license file 'LICENSE'
[0.668s] writing manifest file '../../build/code_py/code_py.egg-info/SOURCES.txt'
[0.668s] running build
[0.668s] running build_py
[0.668s] copying code_py/jetpack_api.py -> /home/leyla/Desktop/nexus_ws/build/code_py/build/lib/code_py
[0.668s] running install
[0.668s] running install_lib
[0.669s] copying /home/leyla/Desktop/nexus_ws/build/code_py/build/lib/code_py/jetpack_api.py -> /home/leyla/Desktop/nexus_ws/install/code_py/lib/python3.10/site-packages/code_py
[0.669s] byte-compiling /home/leyla/Desktop/nexus_ws/install/code_py/lib/python3.10/site-packages/code_py/jetpack_api.py to jetpack_api.cpython-310.pyc
[0.670s] running install_data
[0.670s] running install_egg_info
[0.671s] removing '/home/leyla/Desktop/nexus_ws/install/code_py/lib/python3.10/site-packages/code_py-0.0.0-py3.10.egg-info' (and everything under it)
[0.671s] Copying ../../build/code_py/code_py.egg-info to /home/leyla/Desktop/nexus_ws/install/code_py/lib/python3.10/site-packages/code_py-0.0.0-py3.10.egg-info
[0.672s] running install_scripts
[0.686s] Installing actuator_control script to /home/leyla/Desktop/nexus_ws/install/code_py/lib/code_py
[0.687s] Installing jetpack_api script to /home/leyla/Desktop/nexus_ws/install/code_py/lib/code_py
[0.687s] Installing motor_control script to /home/leyla/Desktop/nexus_ws/install/code_py/lib/code_py
[0.687s] writing list of installed files to '/home/leyla/Desktop/nexus_ws/build/code_py/install.log'
[0.702s] Invoked command in '/home/leyla/Desktop/nexus_ws/src/code_py' returned '0': LD_LIBRARY_PATH=/home/leyla/Desktop/nexus_ws/install/ucb_interface/lib:/home/leyla/Desktop/nexus_ws/install/rosbridge_test_msgs/lib:/home/leyla/Desktop/nexus_ws/install/rosbridge_msgs/lib:/home/leyla/Desktop/nexus_ws/install/rosapi_msgs/lib:/home/leyla/Desktop/ver_ws/install/stage_ros2/lib:/home/leyla/Desktop/ver_ws/install/cartographer_rviz/lib:/home/leyla/Desktop/ver_ws/install/cartographer_ros/lib:/home/leyla/Desktop/ver_ws/install/cartographer_ros_msgs/lib:/home/leyla/Desktop/ver_ws/install/Stage/lib:/home/leyla/turtlebot3_ws/install/turtlebot3_msgs/lib:/home/leyla/turtlebot3_ws/install/dynamixel_sdk_custom_interfaces/lib:/home/leyla/turtlebot3_ws/install/dynamixel_sdk/lib:/usr/lib/x86_64-linux-gnu/gazebo-11/plugins:/opt/ros/humble/opt/rviz_ogre_vendor/lib:/opt/ros/humble/lib/x86_64-linux-gnu:/opt/ros/humble/lib:/usr/lib/x86_64-linux-gnu/gazebo-11/plugins:/usr/lib/x86_64-linux-gnu/gazebo-11/plugins:/usr/lib/x86_64-linux-gnu/gazebo-11/plugins PYTHONPATH=/home/leyla/Desktop/nexus_ws/build/code_py/prefix_override:/usr/lib/python3/dist-packages/colcon_core/task/python/colcon_distutils_commands:/home/leyla/Desktop/nexus_ws/install/code_py/lib/python3.10/site-packages:${PYTHONPATH} /usr/bin/python3 -W ignore:setup.py install is deprecated -W ignore:easy_install command is deprecated setup.py egg_info --egg-base ../../build/code_py build --build-base /home/leyla/Desktop/nexus_ws/build/code_py/build install --record /home/leyla/Desktop/nexus_ws/build/code_py/install.log --single-version-externally-managed install_data
