[0.409s] Invoking command in '/home/leyla/Desktop/nexus_ws/src/code_py': AMENT_PREFIX_PATH=/home/leyla/Desktop/nexus_ws/install/ucb_interface:${AMENT_PREFIX_PATH} CMAKE_PREFIX_PATH=/home/leyla/Desktop/nexus_ws/install/ucb_interface:${CMAKE_PREFIX_PATH} LD_LIBRARY_PATH=/home/leyla/Desktop/nexus_ws/install/ucb_interface/lib:/home/leyla/Desktop/ver_ws/install/stage_ros2/lib:/home/leyla/Desktop/ver_ws/install/cartographer_rviz/lib:/home/leyla/Desktop/ver_ws/install/cartographer_ros/lib:/home/leyla/Desktop/ver_ws/install/cartographer_ros_msgs/lib:/home/leyla/Desktop/ver_ws/install/Stage/lib:/home/leyla/turtlebot3_ws/install/turtlebot3_msgs/lib:/home/leyla/turtlebot3_ws/install/dynamixel_sdk_custom_interfaces/lib:/home/leyla/turtlebot3_ws/install/dynamixel_sdk/lib:/usr/lib/x86_64-linux-gnu/gazebo-11/plugins:/opt/ros/humble/opt/rviz_ogre_vendor/lib:/opt/ros/humble/lib/x86_64-linux-gnu:/opt/ros/humble/lib:/usr/lib/x86_64-linux-gnu/gazebo-11/plugins:/usr/lib/x86_64-linux-gnu/gazebo-11/plugins:/usr/lib/x86_64-linux-gnu/gazebo-11/plugins PYTHONPATH=/home/leyla/Desktop/nexus_ws/build/code_py/prefix_override:/usr/lib/python3/dist-packages/colcon_core/task/python/colcon_distutils_commands:/home/leyla/Desktop/nexus_ws/install/code_py/lib/python3.10/site-packages:/home/leyla/Desktop/nexus_ws/install/ucb_interface/local/lib/python3.10/dist-packages:${PYTHONPATH} /usr/bin/python3 -W ignore:setup.py install is deprecated -W ignore:easy_install command is deprecated setup.py egg_info --egg-base ../../build/code_py build --build-base /home/leyla/Desktop/nexus_ws/build/code_py/build install --record /home/leyla/Desktop/nexus_ws/build/code_py/install.log --single-version-externally-managed install_data
[0.548s] running egg_info
[0.549s] writing ../../build/code_py/code_py.egg-info/PKG-INFO
[0.549s] writing dependency_links to ../../build/code_py/code_py.egg-info/dependency_links.txt
[0.549s] writing entry points to ../../build/code_py/code_py.egg-info/entry_points.txt
[0.549s] writing requirements to ../../build/code_py/code_py.egg-info/requires.txt
[0.549s] writing top-level names to ../../build/code_py/code_py.egg-info/top_level.txt
[0.550s] reading manifest file '../../build/code_py/code_py.egg-info/SOURCES.txt'
[0.550s] reading manifest template 'MANIFEST.in'
[0.551s] adding license file 'LICENSE'
[0.551s] writing manifest file '../../build/code_py/code_py.egg-info/SOURCES.txt'
[0.551s] running build
[0.551s] running build_py
[0.551s] copying code_py/move_w_e.py -> /home/leyla/Desktop/nexus_ws/build/code_py/build/lib/code_py
[0.551s] running install
[0.551s] running install_lib
[0.552s] copying /home/leyla/Desktop/nexus_ws/build/code_py/build/lib/code_py/move_w_e.py -> /home/leyla/Desktop/nexus_ws/install/code_py/lib/python3.10/site-packages/code_py
[0.552s] byte-compiling /home/leyla/Desktop/nexus_ws/install/code_py/lib/python3.10/site-packages/code_py/move_w_e.py to move_w_e.cpython-310.pyc
[0.553s] running install_data
[0.553s] running install_egg_info
[0.554s] removing '/home/leyla/Desktop/nexus_ws/install/code_py/lib/python3.10/site-packages/code_py-0.0.0-py3.10.egg-info' (and everything under it)
[0.554s] Copying ../../build/code_py/code_py.egg-info to /home/leyla/Desktop/nexus_ws/install/code_py/lib/python3.10/site-packages/code_py-0.0.0-py3.10.egg-info
[0.554s] running install_scripts
[0.566s] Installing actuator_control script to /home/leyla/Desktop/nexus_ws/install/code_py/lib/code_py
[0.566s] Installing jetpack_api script to /home/leyla/Desktop/nexus_ws/install/code_py/lib/code_py
[0.567s] Installing motor_control script to /home/leyla/Desktop/nexus_ws/install/code_py/lib/code_py
[0.567s] Installing move_w_e script to /home/leyla/Desktop/nexus_ws/install/code_py/lib/code_py
[0.567s] writing list of installed files to '/home/leyla/Desktop/nexus_ws/build/code_py/install.log'
[0.581s] Invoked command in '/home/leyla/Desktop/nexus_ws/src/code_py' returned '0': AMENT_PREFIX_PATH=/home/leyla/Desktop/nexus_ws/install/ucb_interface:${AMENT_PREFIX_PATH} CMAKE_PREFIX_PATH=/home/leyla/Desktop/nexus_ws/install/ucb_interface:${CMAKE_PREFIX_PATH} LD_LIBRARY_PATH=/home/leyla/Desktop/nexus_ws/install/ucb_interface/lib:/home/leyla/Desktop/ver_ws/install/stage_ros2/lib:/home/leyla/Desktop/ver_ws/install/cartographer_rviz/lib:/home/leyla/Desktop/ver_ws/install/cartographer_ros/lib:/home/leyla/Desktop/ver_ws/install/cartographer_ros_msgs/lib:/home/leyla/Desktop/ver_ws/install/Stage/lib:/home/leyla/turtlebot3_ws/install/turtlebot3_msgs/lib:/home/leyla/turtlebot3_ws/install/dynamixel_sdk_custom_interfaces/lib:/home/leyla/turtlebot3_ws/install/dynamixel_sdk/lib:/usr/lib/x86_64-linux-gnu/gazebo-11/plugins:/opt/ros/humble/opt/rviz_ogre_vendor/lib:/opt/ros/humble/lib/x86_64-linux-gnu:/opt/ros/humble/lib:/usr/lib/x86_64-linux-gnu/gazebo-11/plugins:/usr/lib/x86_64-linux-gnu/gazebo-11/plugins:/usr/lib/x86_64-linux-gnu/gazebo-11/plugins PYTHONPATH=/home/leyla/Desktop/nexus_ws/build/code_py/prefix_override:/usr/lib/python3/dist-packages/colcon_core/task/python/colcon_distutils_commands:/home/leyla/Desktop/nexus_ws/install/code_py/lib/python3.10/site-packages:/home/leyla/Desktop/nexus_ws/install/ucb_interface/local/lib/python3.10/dist-packages:${PYTHONPATH} /usr/bin/python3 -W ignore:setup.py install is deprecated -W ignore:easy_install command is deprecated setup.py egg_info --egg-base ../../build/code_py build --build-base /home/leyla/Desktop/nexus_ws/build/code_py/build install --record /home/leyla/Desktop/nexus_ws/build/code_py/install.log --single-version-externally-managed install_data
