[0.394s] Invoking command in '/home/leyla/Desktop/nexus_ws/src/code_py': AMENT_PREFIX_PATH=/home/leyla/Desktop/nexus_ws/install/ucb_interface:${AMENT_PREFIX_PATH} CMAKE_PREFIX_PATH=/home/leyla/Desktop/nexus_ws/install/ucb_interface:${CMAKE_PREFIX_PATH} LD_LIBRARY_PATH=/home/leyla/Desktop/nexus_ws/install/ucb_interface/lib:/home/leyla/Desktop/ver_ws/install/stage_ros2/lib:/home/leyla/Desktop/ver_ws/install/cartographer_rviz/lib:/home/leyla/Desktop/ver_ws/install/cartographer_ros/lib:/home/leyla/Desktop/ver_ws/install/cartographer_ros_msgs/lib:/home/leyla/Desktop/ver_ws/install/Stage/lib:/home/leyla/turtlebot3_ws/install/turtlebot3_msgs/lib:/home/leyla/turtlebot3_ws/install/dynamixel_sdk_custom_interfaces/lib:/home/leyla/turtlebot3_ws/install/dynamixel_sdk/lib:/usr/lib/x86_64-linux-gnu/gazebo-11/plugins:/opt/ros/humble/opt/rviz_ogre_vendor/lib:/opt/ros/humble/lib/x86_64-linux-gnu:/opt/ros/humble/lib:/usr/lib/x86_64-linux-gnu/gazebo-11/plugins:/usr/lib/x86_64-linux-gnu/gazebo-11/plugins:/usr/lib/x86_64-linux-gnu/gazebo-11/plugins PYTHONPATH=/home/leyla/Desktop/nexus_ws/build/code_py/prefix_override:/usr/lib/python3/dist-packages/colcon_core/task/python/colcon_distutils_commands:/home/leyla/Desktop/nexus_ws/install/code_py/lib/python3.10/site-packages:/home/leyla/Desktop/nexus_ws/install/ucb_interface/local/lib/python3.10/dist-packages:${PYTHONPATH} /usr/bin/python3 -W ignore:setup.py install is deprecated -W ignore:easy_install command is deprecated setup.py egg_info --egg-base ../../build/code_py build --build-base /home/leyla/Desktop/nexus_ws/build/code_py/build install --record /home/leyla/Desktop/nexus_ws/build/code_py/install.log --single-version-externally-managed install_data
[0.528s] running egg_info
[0.528s] writing ../../build/code_py/code_py.egg-info/PKG-INFO
[0.528s] writing dependency_links to ../../build/code_py/code_py.egg-info/dependency_links.txt
[0.528s] writing entry points to ../../build/code_py/code_py.egg-info/entry_points.txt
[0.528s] writing requirements to ../../build/code_py/code_py.egg-info/requires.txt
[0.528s] writing top-level names to ../../build/code_py/code_py.egg-info/top_level.txt
[0.529s] reading manifest file '../../build/code_py/code_py.egg-info/SOURCES.txt'
[0.530s] reading manifest template 'MANIFEST.in'
[0.530s] adding license file 'LICENSE'
[0.530s] writing manifest file '../../build/code_py/code_py.egg-info/SOURCES.txt'
[0.530s] running build
[0.530s] running build_py
[0.530s] copying code_py/motor_control.py -> /home/leyla/Desktop/nexus_ws/build/code_py/build/lib/code_py
[0.531s] running install
[0.531s] running install_lib
[0.531s] copying /home/leyla/Desktop/nexus_ws/build/code_py/build/lib/code_py/motor_control.py -> /home/leyla/Desktop/nexus_ws/install/code_py/lib/python3.10/site-packages/code_py
[0.532s] byte-compiling /home/leyla/Desktop/nexus_ws/install/code_py/lib/python3.10/site-packages/code_py/motor_control.py to motor_control.cpython-310.pyc
[0.532s] running install_data
[0.532s] running install_egg_info
[0.533s] removing '/home/leyla/Desktop/nexus_ws/install/code_py/lib/python3.10/site-packages/code_py-0.0.0-py3.10.egg-info' (and everything under it)
[0.534s] Copying ../../build/code_py/code_py.egg-info to /home/leyla/Desktop/nexus_ws/install/code_py/lib/python3.10/site-packages/code_py-0.0.0-py3.10.egg-info
[0.534s] running install_scripts
[0.547s] Installing actuator_control script to /home/leyla/Desktop/nexus_ws/install/code_py/lib/code_py
[0.547s] Installing jetpack_api script to /home/leyla/Desktop/nexus_ws/install/code_py/lib/code_py
[0.547s] Installing motor_control script to /home/leyla/Desktop/nexus_ws/install/code_py/lib/code_py
[0.547s] writing list of installed files to '/home/leyla/Desktop/nexus_ws/build/code_py/install.log'
[0.561s] Invoked command in '/home/leyla/Desktop/nexus_ws/src/code_py' returned '0': AMENT_PREFIX_PATH=/home/leyla/Desktop/nexus_ws/install/ucb_interface:${AMENT_PREFIX_PATH} CMAKE_PREFIX_PATH=/home/leyla/Desktop/nexus_ws/install/ucb_interface:${CMAKE_PREFIX_PATH} LD_LIBRARY_PATH=/home/leyla/Desktop/nexus_ws/install/ucb_interface/lib:/home/leyla/Desktop/ver_ws/install/stage_ros2/lib:/home/leyla/Desktop/ver_ws/install/cartographer_rviz/lib:/home/leyla/Desktop/ver_ws/install/cartographer_ros/lib:/home/leyla/Desktop/ver_ws/install/cartographer_ros_msgs/lib:/home/leyla/Desktop/ver_ws/install/Stage/lib:/home/leyla/turtlebot3_ws/install/turtlebot3_msgs/lib:/home/leyla/turtlebot3_ws/install/dynamixel_sdk_custom_interfaces/lib:/home/leyla/turtlebot3_ws/install/dynamixel_sdk/lib:/usr/lib/x86_64-linux-gnu/gazebo-11/plugins:/opt/ros/humble/opt/rviz_ogre_vendor/lib:/opt/ros/humble/lib/x86_64-linux-gnu:/opt/ros/humble/lib:/usr/lib/x86_64-linux-gnu/gazebo-11/plugins:/usr/lib/x86_64-linux-gnu/gazebo-11/plugins:/usr/lib/x86_64-linux-gnu/gazebo-11/plugins PYTHONPATH=/home/leyla/Desktop/nexus_ws/build/code_py/prefix_override:/usr/lib/python3/dist-packages/colcon_core/task/python/colcon_distutils_commands:/home/leyla/Desktop/nexus_ws/install/code_py/lib/python3.10/site-packages:/home/leyla/Desktop/nexus_ws/install/ucb_interface/local/lib/python3.10/dist-packages:${PYTHONPATH} /usr/bin/python3 -W ignore:setup.py install is deprecated -W ignore:easy_install command is deprecated setup.py egg_info --egg-base ../../build/code_py build --build-base /home/leyla/Desktop/nexus_ws/build/code_py/build install --record /home/leyla/Desktop/nexus_ws/build/code_py/install.log --single-version-externally-managed install_data
