running egg_info
creating ../../build/code_py/code_py.egg-info
writing ../../build/code_py/code_py.egg-info/PKG-INFO
writing dependency_links to ../../build/code_py/code_py.egg-info/dependency_links.txt
writing entry points to ../../build/code_py/code_py.egg-info/entry_points.txt
writing requirements to ../../build/code_py/code_py.egg-info/requires.txt
writing top-level names to ../../build/code_py/code_py.egg-info/top_level.txt
writing manifest file '../../build/code_py/code_py.egg-info/SOURCES.txt'
reading manifest file '../../build/code_py/code_py.egg-info/SOURCES.txt'
reading manifest template 'MANIFEST.in'
adding license file 'LICENSE'
writing manifest file '../../build/code_py/code_py.egg-info/SOURCES.txt'
running build
running build_py
creating /home/leyla/Desktop/nexus_ws/build/code_py/build
creating /home/leyla/Desktop/nexus_ws/build/code_py/build/lib
creating /home/leyla/Desktop/nexus_ws/build/code_py/build/lib/code_py
copying code_py/__init__.py -> /home/leyla/Desktop/nexus_ws/build/code_py/build/lib/code_py
copying code_py/actuator_control.py -> /home/leyla/Desktop/nexus_ws/build/code_py/build/lib/code_py
copying code_py/motor_control.py -> /home/leyla/Desktop/nexus_ws/build/code_py/build/lib/code_py
copying code_py/move_w_e.py -> /home/leyla/Desktop/nexus_ws/build/code_py/build/lib/code_py
copying code_py/jetpack_api.py -> /home/leyla/Desktop/nexus_ws/build/code_py/build/lib/code_py
creating /home/leyla/Desktop/nexus_ws/build/code_py/build/lib/code_py/templates
copying code_py/templates/index.html -> /home/leyla/Desktop/nexus_ws/build/code_py/build/lib/code_py/templates
running install
running install_lib
creating /home/leyla/Desktop/nexus_ws/install/code_py/lib/python3.10/site-packages/code_py
copying /home/leyla/Desktop/nexus_ws/build/code_py/build/lib/code_py/__init__.py -> /home/leyla/Desktop/nexus_ws/install/code_py/lib/python3.10/site-packages/code_py
creating /home/leyla/Desktop/nexus_ws/install/code_py/lib/python3.10/site-packages/code_py/templates
copying /home/leyla/Desktop/nexus_ws/build/code_py/build/lib/code_py/templates/index.html -> /home/leyla/Desktop/nexus_ws/install/code_py/lib/python3.10/site-packages/code_py/templates
copying /home/leyla/Desktop/nexus_ws/build/code_py/build/lib/code_py/actuator_control.py -> /home/leyla/Desktop/nexus_ws/install/code_py/lib/python3.10/site-packages/code_py
copying /home/leyla/Desktop/nexus_ws/build/code_py/build/lib/code_py/motor_control.py -> /home/leyla/Desktop/nexus_ws/install/code_py/lib/python3.10/site-packages/code_py
copying /home/leyla/Desktop/nexus_ws/build/code_py/build/lib/code_py/move_w_e.py -> /home/leyla/Desktop/nexus_ws/install/code_py/lib/python3.10/site-packages/code_py
copying /home/leyla/Desktop/nexus_ws/build/code_py/build/lib/code_py/jetpack_api.py -> /home/leyla/Desktop/nexus_ws/install/code_py/lib/python3.10/site-packages/code_py
byte-compiling /home/leyla/Desktop/nexus_ws/install/code_py/lib/python3.10/site-packages/code_py/__init__.py to __init__.cpython-310.pyc
byte-compiling /home/leyla/Desktop/nexus_ws/install/code_py/lib/python3.10/site-packages/code_py/actuator_control.py to actuator_control.cpython-310.pyc
byte-compiling /home/leyla/Desktop/nexus_ws/install/code_py/lib/python3.10/site-packages/code_py/motor_control.py to motor_control.cpython-310.pyc
byte-compiling /home/leyla/Desktop/nexus_ws/install/code_py/lib/python3.10/site-packages/code_py/move_w_e.py to move_w_e.cpython-310.pyc
byte-compiling /home/leyla/Desktop/nexus_ws/install/code_py/lib/python3.10/site-packages/code_py/jetpack_api.py to jetpack_api.cpython-310.pyc
running install_data
creating /home/leyla/Desktop/nexus_ws/install/code_py/share/ament_index
creating /home/leyla/Desktop/nexus_ws/install/code_py/share/ament_index/resource_index
creating /home/leyla/Desktop/nexus_ws/install/code_py/share/ament_index/resource_index/packages
copying resource/code_py -> /home/leyla/Desktop/nexus_ws/install/code_py/share/ament_index/resource_index/packages
copying package.xml -> /home/leyla/Desktop/nexus_ws/install/code_py/share/code_py
creating /home/leyla/Desktop/nexus_ws/install/code_py/share/code_py/launch
copying launch/ejecutar.launch.py -> /home/leyla/Desktop/nexus_ws/install/code_py/share/code_py/launch
running install_egg_info
Copying ../../build/code_py/code_py.egg-info to /home/leyla/Desktop/nexus_ws/install/code_py/lib/python3.10/site-packages/code_py-0.0.0-py3.10.egg-info
running install_scripts
Installing actuator_control script to /home/leyla/Desktop/nexus_ws/install/code_py/lib/code_py
Installing jetpack_api script to /home/leyla/Desktop/nexus_ws/install/code_py/lib/code_py
Installing motor_control script to /home/leyla/Desktop/nexus_ws/install/code_py/lib/code_py
Installing move_w_e script to /home/leyla/Desktop/nexus_ws/install/code_py/lib/code_py
writing list of installed files to '/home/leyla/Desktop/nexus_ws/build/code_py/install.log'
