[0.546s] Invoking command in '/home/leyla/Desktop/nexus_ws/src/code_py': LD_LIBRARY_PATH=/home/leyla/Desktop/nexus_ws/install/ucb_interface/lib:/home/leyla/Desktop/nexus_ws/install/rosbridge_test_msgs/lib:/home/leyla/Desktop/nexus_ws/install/rosbridge_msgs/lib:/home/leyla/Desktop/nexus_ws/install/rosapi_msgs/lib:/home/leyla/Desktop/ver_ws/install/stage_ros2/lib:/home/leyla/Desktop/ver_ws/install/cartographer_rviz/lib:/home/leyla/Desktop/ver_ws/install/cartographer_ros/lib:/home/leyla/Desktop/ver_ws/install/cartographer_ros_msgs/lib:/home/leyla/Desktop/ver_ws/install/Stage/lib:/home/leyla/turtlebot3_ws/install/turtlebot3_msgs/lib:/home/leyla/turtlebot3_ws/install/dynamixel_sdk_custom_interfaces/lib:/home/leyla/turtlebot3_ws/install/dynamixel_sdk/lib:/usr/lib/x86_64-linux-gnu/gazebo-11/plugins:/opt/ros/humble/opt/rviz_ogre_vendor/lib:/opt/ros/humble/lib/x86_64-linux-gnu:/opt/ros/humble/lib:/usr/lib/x86_64-linux-gnu/gazebo-11/plugins:/usr/lib/x86_64-linux-gnu/gazebo-11/plugins:/usr/lib/x86_64-linux-gnu/gazebo-11/plugins PYTHONPATH=/home/leyla/Desktop/nexus_ws/build/code_py/prefix_override:/usr/lib/python3/dist-packages/colcon_core/task/python/colcon_distutils_commands:/home/leyla/Desktop/nexus_ws/install/code_py/lib/python3.10/site-packages:${PYTHONPATH} /usr/bin/python3 -W ignore:setup.py install is deprecated -W ignore:easy_install command is deprecated setup.py egg_info --egg-base ../../build/code_py build --build-base /home/leyla/Desktop/nexus_ws/build/code_py/build install --record /home/leyla/Desktop/nexus_ws/build/code_py/install.log --single-version-externally-managed install_data
[0.743s] running egg_info
[0.743s] creating ../../build/code_py/code_py.egg-info
[0.743s] writing ../../build/code_py/code_py.egg-info/PKG-INFO
[0.743s] writing dependency_links to ../../build/code_py/code_py.egg-info/dependency_links.txt
[0.743s] writing entry points to ../../build/code_py/code_py.egg-info/entry_points.txt
[0.743s] writing requirements to ../../build/code_py/code_py.egg-info/requires.txt
[0.743s] writing top-level names to ../../build/code_py/code_py.egg-info/top_level.txt
[0.743s] writing manifest file '../../build/code_py/code_py.egg-info/SOURCES.txt'
[0.744s] reading manifest file '../../build/code_py/code_py.egg-info/SOURCES.txt'
[0.745s] reading manifest template 'MANIFEST.in'
[0.745s] adding license file 'LICENSE'
[0.745s] writing manifest file '../../build/code_py/code_py.egg-info/SOURCES.txt'
[0.745s] running build
[0.745s] running build_py
[0.745s] creating /home/leyla/Desktop/nexus_ws/build/code_py/build
[0.745s] creating /home/leyla/Desktop/nexus_ws/build/code_py/build/lib
[0.745s] creating /home/leyla/Desktop/nexus_ws/build/code_py/build/lib/code_py
[0.745s] copying code_py/__init__.py -> /home/leyla/Desktop/nexus_ws/build/code_py/build/lib/code_py
[0.746s] copying code_py/actuator_control.py -> /home/leyla/Desktop/nexus_ws/build/code_py/build/lib/code_py
[0.746s] copying code_py/motor_control.py -> /home/leyla/Desktop/nexus_ws/build/code_py/build/lib/code_py
[0.746s] copying code_py/move_w_e.py -> /home/leyla/Desktop/nexus_ws/build/code_py/build/lib/code_py
[0.746s] copying code_py/jetpack_api.py -> /home/leyla/Desktop/nexus_ws/build/code_py/build/lib/code_py
[0.746s] creating /home/leyla/Desktop/nexus_ws/build/code_py/build/lib/code_py/templates
[0.746s] copying code_py/templates/index.html -> /home/leyla/Desktop/nexus_ws/build/code_py/build/lib/code_py/templates
[0.746s] running install
[0.746s] running install_lib
[0.746s] creating /home/leyla/Desktop/nexus_ws/install/code_py/lib/python3.10/site-packages/code_py
[0.747s] copying /home/leyla/Desktop/nexus_ws/build/code_py/build/lib/code_py/__init__.py -> /home/leyla/Desktop/nexus_ws/install/code_py/lib/python3.10/site-packages/code_py
[0.747s] creating /home/leyla/Desktop/nexus_ws/install/code_py/lib/python3.10/site-packages/code_py/templates
[0.747s] copying /home/leyla/Desktop/nexus_ws/build/code_py/build/lib/code_py/templates/index.html -> /home/leyla/Desktop/nexus_ws/install/code_py/lib/python3.10/site-packages/code_py/templates
[0.747s] copying /home/leyla/Desktop/nexus_ws/build/code_py/build/lib/code_py/actuator_control.py -> /home/leyla/Desktop/nexus_ws/install/code_py/lib/python3.10/site-packages/code_py
[0.747s] copying /home/leyla/Desktop/nexus_ws/build/code_py/build/lib/code_py/motor_control.py -> /home/leyla/Desktop/nexus_ws/install/code_py/lib/python3.10/site-packages/code_py
[0.747s] copying /home/leyla/Desktop/nexus_ws/build/code_py/build/lib/code_py/move_w_e.py -> /home/leyla/Desktop/nexus_ws/install/code_py/lib/python3.10/site-packages/code_py
[0.747s] copying /home/leyla/Desktop/nexus_ws/build/code_py/build/lib/code_py/jetpack_api.py -> /home/leyla/Desktop/nexus_ws/install/code_py/lib/python3.10/site-packages/code_py
[0.747s] byte-compiling /home/leyla/Desktop/nexus_ws/install/code_py/lib/python3.10/site-packages/code_py/__init__.py to __init__.cpython-310.pyc
[0.747s] byte-compiling /home/leyla/Desktop/nexus_ws/install/code_py/lib/python3.10/site-packages/code_py/actuator_control.py to actuator_control.cpython-310.pyc
[0.748s] byte-compiling /home/leyla/Desktop/nexus_ws/install/code_py/lib/python3.10/site-packages/code_py/motor_control.py to motor_control.cpython-310.pyc
[0.749s] byte-compiling /home/leyla/Desktop/nexus_ws/install/code_py/lib/python3.10/site-packages/code_py/move_w_e.py to move_w_e.cpython-310.pyc
[0.749s] byte-compiling /home/leyla/Desktop/nexus_ws/install/code_py/lib/python3.10/site-packages/code_py/jetpack_api.py to jetpack_api.cpython-310.pyc
[0.749s] running install_data
[0.749s] creating /home/leyla/Desktop/nexus_ws/install/code_py/share/ament_index
[0.750s] creating /home/leyla/Desktop/nexus_ws/install/code_py/share/ament_index/resource_index
[0.750s] creating /home/leyla/Desktop/nexus_ws/install/code_py/share/ament_index/resource_index/packages
[0.750s] copying resource/code_py -> /home/leyla/Desktop/nexus_ws/install/code_py/share/ament_index/resource_index/packages
[0.750s] copying package.xml -> /home/leyla/Desktop/nexus_ws/install/code_py/share/code_py
[0.750s] creating /home/leyla/Desktop/nexus_ws/install/code_py/share/code_py/launch
[0.750s] copying launch/ejecutar.launch.py -> /home/leyla/Desktop/nexus_ws/install/code_py/share/code_py/launch
[0.750s] running install_egg_info
[0.751s] Copying ../../build/code_py/code_py.egg-info to /home/leyla/Desktop/nexus_ws/install/code_py/lib/python3.10/site-packages/code_py-0.0.0-py3.10.egg-info
[0.751s] running install_scripts
[0.766s] Installing actuator_control script to /home/leyla/Desktop/nexus_ws/install/code_py/lib/code_py
[0.766s] Installing jetpack_api script to /home/leyla/Desktop/nexus_ws/install/code_py/lib/code_py
[0.766s] Installing motor_control script to /home/leyla/Desktop/nexus_ws/install/code_py/lib/code_py
[0.766s] Installing move_w_e script to /home/leyla/Desktop/nexus_ws/install/code_py/lib/code_py
[0.766s] writing list of installed files to '/home/leyla/Desktop/nexus_ws/build/code_py/install.log'
[0.783s] Invoked command in '/home/leyla/Desktop/nexus_ws/src/code_py' returned '0': LD_LIBRARY_PATH=/home/leyla/Desktop/nexus_ws/install/ucb_interface/lib:/home/leyla/Desktop/nexus_ws/install/rosbridge_test_msgs/lib:/home/leyla/Desktop/nexus_ws/install/rosbridge_msgs/lib:/home/leyla/Desktop/nexus_ws/install/rosapi_msgs/lib:/home/leyla/Desktop/ver_ws/install/stage_ros2/lib:/home/leyla/Desktop/ver_ws/install/cartographer_rviz/lib:/home/leyla/Desktop/ver_ws/install/cartographer_ros/lib:/home/leyla/Desktop/ver_ws/install/cartographer_ros_msgs/lib:/home/leyla/Desktop/ver_ws/install/Stage/lib:/home/leyla/turtlebot3_ws/install/turtlebot3_msgs/lib:/home/leyla/turtlebot3_ws/install/dynamixel_sdk_custom_interfaces/lib:/home/leyla/turtlebot3_ws/install/dynamixel_sdk/lib:/usr/lib/x86_64-linux-gnu/gazebo-11/plugins:/opt/ros/humble/opt/rviz_ogre_vendor/lib:/opt/ros/humble/lib/x86_64-linux-gnu:/opt/ros/humble/lib:/usr/lib/x86_64-linux-gnu/gazebo-11/plugins:/usr/lib/x86_64-linux-gnu/gazebo-11/plugins:/usr/lib/x86_64-linux-gnu/gazebo-11/plugins PYTHONPATH=/home/leyla/Desktop/nexus_ws/build/code_py/prefix_override:/usr/lib/python3/dist-packages/colcon_core/task/python/colcon_distutils_commands:/home/leyla/Desktop/nexus_ws/install/code_py/lib/python3.10/site-packages:${PYTHONPATH} /usr/bin/python3 -W ignore:setup.py install is deprecated -W ignore:easy_install command is deprecated setup.py egg_info --egg-base ../../build/code_py build --build-base /home/leyla/Desktop/nexus_ws/build/code_py/build install --record /home/leyla/Desktop/nexus_ws/build/code_py/install.log --single-version-externally-managed install_data
