-- The C compiler identification is GNU 11.4.0
-- The CXX compiler identification is GNU 11.4.0
-- Detecting C compiler ABI info
-- Detecting C compiler ABI info - done
-- Check for working C compiler: /usr/bin/cc - skipped
-- Detecting C compile features
-- Detecting C compile features - done
-- Detecting CXX compiler ABI info
-- Detecting CXX compiler ABI info - done
-- Check for working CXX compiler: /usr/bin/c++ - skipped
-- Detecting CXX compile features
-- Detecting CXX compile features - done
-- Found ament_cmake: 1.3.11 (/opt/ros/humble/share/ament_cmake/cmake)
-- Found Python3: /usr/bin/python3 (found version "3.10.12") found components: Interpreter 
-- Found rosidl_default_generators: 1.2.0 (/opt/ros/humble/share/rosidl_default_generators/cmake)
-- Using all available rosidl_typesupport_c: rosidl_typesupport_fastrtps_c;rosidl_typesupport_introspection_c
-- Found rosidl_adapter: 3.1.6 (/opt/ros/humble/share/rosidl_adapter/cmake)
-- Using all available rosidl_typesupport_cpp: rosidl_typesupport_fastrtps_cpp;rosidl_typesupport_introspection_cpp
-- Found std_msgs: 4.8.0 (/opt/ros/humble/share/std_msgs/cmake)
-- Found ament_cmake_ros: 0.10.0 (/opt/ros/humble/share/ament_cmake_ros/cmake)
-- Using all available rosidl_typesupport_c: rosidl_typesupport_fastrtps_c;rosidl_typesupport_introspection_c
-- Using all available rosidl_typesupport_cpp: rosidl_typesupport_fastrtps_cpp;rosidl_typesupport_introspection_cpp
-- Found PythonInterp: /usr/bin/python3 (found suitable version "3.10.12", minimum required is "3.6") 
-- Found python_cmake_module: 0.10.0 (/opt/ros/humble/share/python_cmake_module/cmake)
-- Found PythonLibs: /usr/lib/x86_64-linux-gnu/libpython3.10.so (found suitable version "3.10.12", minimum required is "3.5") 
-- Using PYTHON_EXECUTABLE: /usr/bin/python3
-- Using PYTHON_INCLUDE_DIRS: /usr/include/python3.10
-- Using PYTHON_LIBRARIES: /usr/lib/x86_64-linux-gnu/libpython3.10.so
-- Found PythonExtra: .so  
-- Configuring done
-- Generating done
-- Build files have been written to: /home/leyla/Desktop/nexus_ws/build/ucb_interface
[  2%] [34m[1mGenerating C code for ROS interfaces[0m
[  5%] [34m[1mGenerating C++ code for ROS interfaces[0m
[  5%] Built target ament_cmake_python_copy_ucb_interface
[  7%] [32mBuilding C object CMakeFiles/ucb_interface__rosidl_generator_c.dir/rosidl_generator_c/ucb_interface/msg/detail/motor__functions.c.o[0m
[ 10%] [32mBuilding C object CMakeFiles/ucb_interface__rosidl_generator_c.dir/rosidl_generator_c/ucb_interface/msg/detail/actuador__functions.c.o[0m
[ 12%] [32m[1mLinking C shared library libucb_interface__rosidl_generator_c.so[0m
running egg_info
creating ucb_interface.egg-info
writing ucb_interface.egg-info/PKG-INFO
writing dependency_links to ucb_interface.egg-info/dependency_links.txt
writing top-level names to ucb_interface.egg-info/top_level.txt
writing manifest file 'ucb_interface.egg-info/SOURCES.txt'
reading manifest file 'ucb_interface.egg-info/SOURCES.txt'
writing manifest file 'ucb_interface.egg-info/SOURCES.txt'
[ 12%] Built target ucb_interface__cpp
[ 12%] Built target ucb_interface__rosidl_generator_c
[ 17%] [34m[1mGenerating C++ introspection for ROS interfaces[0m
[ 17%] [34m[1mGenerating C++ type support for eProsima Fast-RTPS[0m
[ 20%] [34m[1mGenerating C introspection for ROS interfaces[0m
[ 23%] [34m[1mGenerating C type support for eProsima Fast-RTPS[0m
[ 25%] [34m[1mGenerating C type support dispatch for ROS interfaces[0m
[ 25%] Built target ament_cmake_python_build_ucb_interface_egg
[ 28%] [34m[1mGenerating C++ type support dispatch for ROS interfaces[0m
[ 30%] [32mBuilding CXX object CMakeFiles/ucb_interface__rosidl_typesupport_introspection_cpp.dir/rosidl_typesupport_introspection_cpp/ucb_interface/msg/detail/motor__type_support.cpp.o[0m
[ 33%] [32mBuilding CXX object CMakeFiles/ucb_interface__rosidl_typesupport_introspection_cpp.dir/rosidl_typesupport_introspection_cpp/ucb_interface/msg/detail/actuador__type_support.cpp.o[0m
[ 35%] [32mBuilding CXX object CMakeFiles/ucb_interface__rosidl_typesupport_fastrtps_c.dir/rosidl_typesupport_fastrtps_c/ucb_interface/msg/detail/motor__type_support_c.cpp.o[0m
[ 38%] [32mBuilding CXX object CMakeFiles/ucb_interface__rosidl_typesupport_c.dir/rosidl_typesupport_c/ucb_interface/msg/motor__type_support.cpp.o[0m
[ 41%] [32mBuilding CXX object CMakeFiles/ucb_interface__rosidl_typesupport_fastrtps_c.dir/rosidl_typesupport_fastrtps_c/ucb_interface/msg/detail/actuador__type_support_c.cpp.o[0m
[ 43%] [32mBuilding C object CMakeFiles/ucb_interface__rosidl_typesupport_introspection_c.dir/rosidl_typesupport_introspection_c/ucb_interface/msg/detail/motor__type_support.c.o[0m
[ 46%] [32mBuilding CXX object CMakeFiles/ucb_interface__rosidl_typesupport_fastrtps_cpp.dir/rosidl_typesupport_fastrtps_cpp/ucb_interface/msg/detail/dds_fastrtps/motor__type_support.cpp.o[0m
[ 48%] [32mBuilding CXX object CMakeFiles/ucb_interface__rosidl_typesupport_c.dir/rosidl_typesupport_c/ucb_interface/msg/actuador__type_support.cpp.o[0m
[ 51%] [32mBuilding CXX object CMakeFiles/ucb_interface__rosidl_typesupport_cpp.dir/rosidl_typesupport_cpp/ucb_interface/msg/actuador__type_support.cpp.o[0m
[ 56%] [32mBuilding CXX object CMakeFiles/ucb_interface__rosidl_typesupport_cpp.dir/rosidl_typesupport_cpp/ucb_interface/msg/motor__type_support.cpp.o[0m
[ 58%] [32mBuilding C object CMakeFiles/ucb_interface__rosidl_typesupport_introspection_c.dir/rosidl_typesupport_introspection_c/ucb_interface/msg/detail/actuador__type_support.c.o[0m
[ 56%] [32mBuilding CXX object CMakeFiles/ucb_interface__rosidl_typesupport_fastrtps_cpp.dir/rosidl_typesupport_fastrtps_cpp/ucb_interface/msg/detail/dds_fastrtps/actuador__type_support.cpp.o[0m
[ 61%] [32m[1mLinking CXX shared library libucb_interface__rosidl_typesupport_c.so[0m
[ 64%] [32m[1mLinking C shared library libucb_interface__rosidl_typesupport_introspection_c.so[0m
[ 64%] Built target ucb_interface__rosidl_typesupport_introspection_c
[ 64%] Built target ucb_interface__rosidl_typesupport_c
[ 66%] [32m[1mLinking CXX shared library libucb_interface__rosidl_typesupport_cpp.so[0m
[ 66%] Built target ucb_interface__rosidl_typesupport_cpp
[ 69%] [32m[1mLinking CXX shared library libucb_interface__rosidl_typesupport_fastrtps_c.so[0m
[ 71%] [32m[1mLinking CXX shared library libucb_interface__rosidl_typesupport_introspection_cpp.so[0m
[ 74%] [32m[1mLinking CXX shared library libucb_interface__rosidl_typesupport_fastrtps_cpp.so[0m
[ 74%] Built target ucb_interface__rosidl_typesupport_fastrtps_c
[ 74%] Built target ucb_interface__rosidl_typesupport_introspection_cpp
[ 74%] Built target ucb_interface__rosidl_typesupport_fastrtps_cpp
[ 74%] Built target ucb_interface
[ 76%] [34m[1mGenerating Python code for ROS interfaces[0m
[ 76%] Built target ucb_interface__py
[ 79%] [32mBuilding C object CMakeFiles/ucb_interface__rosidl_generator_py.dir/rosidl_generator_py/ucb_interface/msg/_actuador_s.c.o[0m
[ 82%] [32mBuilding C object CMakeFiles/ucb_interface__rosidl_generator_py.dir/rosidl_generator_py/ucb_interface/msg/_motor_s.c.o[0m
[ 84%] [32m[1mLinking C shared library rosidl_generator_py/ucb_interface/libucb_interface__rosidl_generator_py.so[0m
[ 84%] Built target ucb_interface__rosidl_generator_py
[ 87%] [32mBuilding C object CMakeFiles/ucb_interface__rosidl_typesupport_c__pyext.dir/rosidl_generator_py/ucb_interface/_ucb_interface_s.ep.rosidl_typesupport_c.c.o[0m
[ 89%] [32mBuilding C object CMakeFiles/ucb_interface__rosidl_typesupport_introspection_c__pyext.dir/rosidl_generator_py/ucb_interface/_ucb_interface_s.ep.rosidl_typesupport_introspection_c.c.o[0m
[ 92%] [32mBuilding C object CMakeFiles/ucb_interface__rosidl_typesupport_fastrtps_c__pyext.dir/rosidl_generator_py/ucb_interface/_ucb_interface_s.ep.rosidl_typesupport_fastrtps_c.c.o[0m
[ 94%] [32m[1mLinking C shared library rosidl_generator_py/ucb_interface/ucb_interface_s__rosidl_typesupport_c.cpython-310-x86_64-linux-gnu.so[0m
[ 97%] [32m[1mLinking C shared library rosidl_generator_py/ucb_interface/ucb_interface_s__rosidl_typesupport_introspection_c.cpython-310-x86_64-linux-gnu.so[0m
[100%] [32m[1mLinking C shared library rosidl_generator_py/ucb_interface/ucb_interface_s__rosidl_typesupport_fastrtps_c.cpython-310-x86_64-linux-gnu.so[0m
[100%] Built target ucb_interface__rosidl_typesupport_c__pyext
[100%] Built target ucb_interface__rosidl_typesupport_introspection_c__pyext
[100%] Built target ucb_interface__rosidl_typesupport_fastrtps_c__pyext
-- Install configuration: ""
-- Installing: /home/leyla/Desktop/nexus_ws/install/ucb_interface/share/ament_index/resource_index/rosidl_interfaces/ucb_interface
-- Installing: /home/leyla/Desktop/nexus_ws/install/ucb_interface/include/ucb_interface/ucb_interface
-- Installing: /home/leyla/Desktop/nexus_ws/install/ucb_interface/include/ucb_interface/ucb_interface/msg
-- Installing: /home/leyla/Desktop/nexus_ws/install/ucb_interface/include/ucb_interface/ucb_interface/msg/rosidl_generator_c__visibility_control.h
-- Installing: /home/leyla/Desktop/nexus_ws/install/ucb_interface/include/ucb_interface/ucb_interface/msg/detail
-- Installing: /home/leyla/Desktop/nexus_ws/install/ucb_interface/include/ucb_interface/ucb_interface/msg/detail/actuador__functions.c
-- Installing: /home/leyla/Desktop/nexus_ws/install/ucb_interface/include/ucb_interface/ucb_interface/msg/detail/motor__functions.c
-- Installing: /home/leyla/Desktop/nexus_ws/install/ucb_interface/include/ucb_interface/ucb_interface/msg/detail/actuador__type_support.h
-- Installing: /home/leyla/Desktop/nexus_ws/install/ucb_interface/include/ucb_interface/ucb_interface/msg/detail/actuador__struct.h
-- Installing: /home/leyla/Desktop/nexus_ws/install/ucb_interface/include/ucb_interface/ucb_interface/msg/detail/actuador__functions.h
-- Installing: /home/leyla/Desktop/nexus_ws/install/ucb_interface/include/ucb_interface/ucb_interface/msg/detail/motor__type_support.h
-- Installing: /home/leyla/Desktop/nexus_ws/install/ucb_interface/include/ucb_interface/ucb_interface/msg/detail/motor__struct.h
-- Installing: /home/leyla/Desktop/nexus_ws/install/ucb_interface/include/ucb_interface/ucb_interface/msg/detail/motor__functions.h
-- Installing: /home/leyla/Desktop/nexus_ws/install/ucb_interface/include/ucb_interface/ucb_interface/msg/motor.h
-- Installing: /home/leyla/Desktop/nexus_ws/install/ucb_interface/include/ucb_interface/ucb_interface/msg/actuador.h
-- Installing: /home/leyla/Desktop/nexus_ws/install/ucb_interface/share/ucb_interface/environment/library_path.sh
-- Installing: /home/leyla/Desktop/nexus_ws/install/ucb_interface/share/ucb_interface/environment/library_path.dsv
-- Installing: /home/leyla/Desktop/nexus_ws/install/ucb_interface/lib/libucb_interface__rosidl_generator_c.so
-- Set runtime path of "/home/leyla/Desktop/nexus_ws/install/ucb_interface/lib/libucb_interface__rosidl_generator_c.so" to ""
-- Up-to-date: /home/leyla/Desktop/nexus_ws/install/ucb_interface/include/ucb_interface/ucb_interface
-- Up-to-date: /home/leyla/Desktop/nexus_ws/install/ucb_interface/include/ucb_interface/ucb_interface/msg
-- Up-to-date: /home/leyla/Desktop/nexus_ws/install/ucb_interface/include/ucb_interface/ucb_interface/msg/detail
-- Installing: /home/leyla/Desktop/nexus_ws/install/ucb_interface/include/ucb_interface/ucb_interface/msg/detail/motor__rosidl_typesupport_fastrtps_c.h
-- Installing: /home/leyla/Desktop/nexus_ws/install/ucb_interface/include/ucb_interface/ucb_interface/msg/detail/actuador__rosidl_typesupport_fastrtps_c.h
-- Installing: /home/leyla/Desktop/nexus_ws/install/ucb_interface/include/ucb_interface/ucb_interface/msg/rosidl_typesupport_fastrtps_c__visibility_control.h
-- Installing: /home/leyla/Desktop/nexus_ws/install/ucb_interface/lib/libucb_interface__rosidl_typesupport_fastrtps_c.so
-- Set runtime path of "/home/leyla/Desktop/nexus_ws/install/ucb_interface/lib/libucb_interface__rosidl_typesupport_fastrtps_c.so" to ""
-- Up-to-date: /home/leyla/Desktop/nexus_ws/install/ucb_interface/include/ucb_interface/ucb_interface
-- Up-to-date: /home/leyla/Desktop/nexus_ws/install/ucb_interface/include/ucb_interface/ucb_interface/msg
-- Up-to-date: /home/leyla/Desktop/nexus_ws/install/ucb_interface/include/ucb_interface/ucb_interface/msg/detail
-- Installing: /home/leyla/Desktop/nexus_ws/install/ucb_interface/include/ucb_interface/ucb_interface/msg/detail/actuador__rosidl_typesupport_introspection_c.h
-- Installing: /home/leyla/Desktop/nexus_ws/install/ucb_interface/include/ucb_interface/ucb_interface/msg/detail/actuador__type_support.c
-- Installing: /home/leyla/Desktop/nexus_ws/install/ucb_interface/include/ucb_interface/ucb_interface/msg/detail/motor__type_support.c
-- Installing: /home/leyla/Desktop/nexus_ws/install/ucb_interface/include/ucb_interface/ucb_interface/msg/detail/motor__rosidl_typesupport_introspection_c.h
-- Installing: /home/leyla/Desktop/nexus_ws/install/ucb_interface/include/ucb_interface/ucb_interface/msg/rosidl_typesupport_introspection_c__visibility_control.h
-- Installing: /home/leyla/Desktop/nexus_ws/install/ucb_interface/lib/libucb_interface__rosidl_typesupport_introspection_c.so
-- Set runtime path of "/home/leyla/Desktop/nexus_ws/install/ucb_interface/lib/libucb_interface__rosidl_typesupport_introspection_c.so" to ""
-- Installing: /home/leyla/Desktop/nexus_ws/install/ucb_interface/lib/libucb_interface__rosidl_typesupport_c.so
-- Set runtime path of "/home/leyla/Desktop/nexus_ws/install/ucb_interface/lib/libucb_interface__rosidl_typesupport_c.so" to ""
-- Up-to-date: /home/leyla/Desktop/nexus_ws/install/ucb_interface/include/ucb_interface/ucb_interface
-- Up-to-date: /home/leyla/Desktop/nexus_ws/install/ucb_interface/include/ucb_interface/ucb_interface/msg
-- Installing: /home/leyla/Desktop/nexus_ws/install/ucb_interface/include/ucb_interface/ucb_interface/msg/rosidl_generator_cpp__visibility_control.hpp
-- Installing: /home/leyla/Desktop/nexus_ws/install/ucb_interface/include/ucb_interface/ucb_interface/msg/actuador.hpp
-- Installing: /home/leyla/Desktop/nexus_ws/install/ucb_interface/include/ucb_interface/ucb_interface/msg/motor.hpp
-- Up-to-date: /home/leyla/Desktop/nexus_ws/install/ucb_interface/include/ucb_interface/ucb_interface/msg/detail
-- Installing: /home/leyla/Desktop/nexus_ws/install/ucb_interface/include/ucb_interface/ucb_interface/msg/detail/motor__struct.hpp
-- Installing: /home/leyla/Desktop/nexus_ws/install/ucb_interface/include/ucb_interface/ucb_interface/msg/detail/motor__type_support.hpp
-- Installing: /home/leyla/Desktop/nexus_ws/install/ucb_interface/include/ucb_interface/ucb_interface/msg/detail/motor__traits.hpp
-- Installing: /home/leyla/Desktop/nexus_ws/install/ucb_interface/include/ucb_interface/ucb_interface/msg/detail/actuador__struct.hpp
-- Installing: /home/leyla/Desktop/nexus_ws/install/ucb_interface/include/ucb_interface/ucb_interface/msg/detail/actuador__type_support.hpp
-- Installing: /home/leyla/Desktop/nexus_ws/install/ucb_interface/include/ucb_interface/ucb_interface/msg/detail/actuador__traits.hpp
-- Installing: /home/leyla/Desktop/nexus_ws/install/ucb_interface/include/ucb_interface/ucb_interface/msg/detail/motor__builder.hpp
-- Installing: /home/leyla/Desktop/nexus_ws/install/ucb_interface/include/ucb_interface/ucb_interface/msg/detail/actuador__builder.hpp
-- Up-to-date: /home/leyla/Desktop/nexus_ws/install/ucb_interface/include/ucb_interface/ucb_interface
-- Up-to-date: /home/leyla/Desktop/nexus_ws/install/ucb_interface/include/ucb_interface/ucb_interface/msg
-- Installing: /home/leyla/Desktop/nexus_ws/install/ucb_interface/include/ucb_interface/ucb_interface/msg/rosidl_typesupport_fastrtps_cpp__visibility_control.h
-- Up-to-date: /home/leyla/Desktop/nexus_ws/install/ucb_interface/include/ucb_interface/ucb_interface/msg/detail
-- Installing: /home/leyla/Desktop/nexus_ws/install/ucb_interface/include/ucb_interface/ucb_interface/msg/detail/motor__rosidl_typesupport_fastrtps_cpp.hpp
-- Installing: /home/leyla/Desktop/nexus_ws/install/ucb_interface/include/ucb_interface/ucb_interface/msg/detail/actuador__rosidl_typesupport_fastrtps_cpp.hpp
-- Installing: /home/leyla/Desktop/nexus_ws/install/ucb_interface/include/ucb_interface/ucb_interface/msg/detail/dds_fastrtps
-- Installing: /home/leyla/Desktop/nexus_ws/install/ucb_interface/lib/libucb_interface__rosidl_typesupport_fastrtps_cpp.so
-- Set runtime path of "/home/leyla/Desktop/nexus_ws/install/ucb_interface/lib/libucb_interface__rosidl_typesupport_fastrtps_cpp.so" to ""
-- Up-to-date: /home/leyla/Desktop/nexus_ws/install/ucb_interface/include/ucb_interface/ucb_interface
-- Up-to-date: /home/leyla/Desktop/nexus_ws/install/ucb_interface/include/ucb_interface/ucb_interface/msg
-- Up-to-date: /home/leyla/Desktop/nexus_ws/install/ucb_interface/include/ucb_interface/ucb_interface/msg/detail
-- Installing: /home/leyla/Desktop/nexus_ws/install/ucb_interface/include/ucb_interface/ucb_interface/msg/detail/actuador__rosidl_typesupport_introspection_cpp.hpp
-- Installing: /home/leyla/Desktop/nexus_ws/install/ucb_interface/include/ucb_interface/ucb_interface/msg/detail/motor__type_support.cpp
-- Installing: /home/leyla/Desktop/nexus_ws/install/ucb_interface/include/ucb_interface/ucb_interface/msg/detail/motor__rosidl_typesupport_introspection_cpp.hpp
-- Installing: /home/leyla/Desktop/nexus_ws/install/ucb_interface/include/ucb_interface/ucb_interface/msg/detail/actuador__type_support.cpp
-- Installing: /home/leyla/Desktop/nexus_ws/install/ucb_interface/lib/libucb_interface__rosidl_typesupport_introspection_cpp.so
-- Set runtime path of "/home/leyla/Desktop/nexus_ws/install/ucb_interface/lib/libucb_interface__rosidl_typesupport_introspection_cpp.so" to ""
-- Installing: /home/leyla/Desktop/nexus_ws/install/ucb_interface/lib/libucb_interface__rosidl_typesupport_cpp.so
-- Set runtime path of "/home/leyla/Desktop/nexus_ws/install/ucb_interface/lib/libucb_interface__rosidl_typesupport_cpp.so" to ""
-- Installing: /home/leyla/Desktop/nexus_ws/install/ucb_interface/share/ucb_interface/environment/pythonpath.sh
-- Installing: /home/leyla/Desktop/nexus_ws/install/ucb_interface/share/ucb_interface/environment/pythonpath.dsv
-- Installing: /home/leyla/Desktop/nexus_ws/install/ucb_interface/local/lib/python3.10/dist-packages/ucb_interface-0.0.0-py3.10.egg-info
-- Installing: /home/leyla/Desktop/nexus_ws/install/ucb_interface/local/lib/python3.10/dist-packages/ucb_interface-0.0.0-py3.10.egg-info/SOURCES.txt
-- Installing: /home/leyla/Desktop/nexus_ws/install/ucb_interface/local/lib/python3.10/dist-packages/ucb_interface-0.0.0-py3.10.egg-info/dependency_links.txt
-- Installing: /home/leyla/Desktop/nexus_ws/install/ucb_interface/local/lib/python3.10/dist-packages/ucb_interface-0.0.0-py3.10.egg-info/PKG-INFO
-- Installing: /home/leyla/Desktop/nexus_ws/install/ucb_interface/local/lib/python3.10/dist-packages/ucb_interface-0.0.0-py3.10.egg-info/top_level.txt
-- Installing: /home/leyla/Desktop/nexus_ws/install/ucb_interface/local/lib/python3.10/dist-packages/ucb_interface
-- Installing: /home/leyla/Desktop/nexus_ws/install/ucb_interface/local/lib/python3.10/dist-packages/ucb_interface/ucb_interface_s__rosidl_typesupport_fastrtps_c.cpython-310-x86_64-linux-gnu.so
-- Installing: /home/leyla/Desktop/nexus_ws/install/ucb_interface/local/lib/python3.10/dist-packages/ucb_interface/__init__.py
-- Installing: /home/leyla/Desktop/nexus_ws/install/ucb_interface/local/lib/python3.10/dist-packages/ucb_interface/_ucb_interface_s.ep.rosidl_typesupport_fastrtps_c.c
-- Installing: /home/leyla/Desktop/nexus_ws/install/ucb_interface/local/lib/python3.10/dist-packages/ucb_interface/ucb_interface_s__rosidl_typesupport_introspection_c.cpython-310-x86_64-linux-gnu.so
-- Installing: /home/leyla/Desktop/nexus_ws/install/ucb_interface/local/lib/python3.10/dist-packages/ucb_interface/libucb_interface__rosidl_generator_py.so
-- Installing: /home/leyla/Desktop/nexus_ws/install/ucb_interface/local/lib/python3.10/dist-packages/ucb_interface/_ucb_interface_s.ep.rosidl_typesupport_introspection_c.c
-- Installing: /home/leyla/Desktop/nexus_ws/install/ucb_interface/local/lib/python3.10/dist-packages/ucb_interface/ucb_interface_s__rosidl_typesupport_c.cpython-310-x86_64-linux-gnu.so
-- Installing: /home/leyla/Desktop/nexus_ws/install/ucb_interface/local/lib/python3.10/dist-packages/ucb_interface/msg
-- Installing: /home/leyla/Desktop/nexus_ws/install/ucb_interface/local/lib/python3.10/dist-packages/ucb_interface/msg/__init__.py
-- Installing: /home/leyla/Desktop/nexus_ws/install/ucb_interface/local/lib/python3.10/dist-packages/ucb_interface/msg/_motor_s.c
-- Installing: /home/leyla/Desktop/nexus_ws/install/ucb_interface/local/lib/python3.10/dist-packages/ucb_interface/msg/_motor.py
-- Installing: /home/leyla/Desktop/nexus_ws/install/ucb_interface/local/lib/python3.10/dist-packages/ucb_interface/msg/_actuador_s.c
-- Installing: /home/leyla/Desktop/nexus_ws/install/ucb_interface/local/lib/python3.10/dist-packages/ucb_interface/msg/_actuador.py
-- Installing: /home/leyla/Desktop/nexus_ws/install/ucb_interface/local/lib/python3.10/dist-packages/ucb_interface/_ucb_interface_s.ep.rosidl_typesupport_c.c
Listing '/home/leyla/Desktop/nexus_ws/install/ucb_interface/local/lib/python3.10/dist-packages/ucb_interface'...
Compiling '/home/leyla/Desktop/nexus_ws/install/ucb_interface/local/lib/python3.10/dist-packages/ucb_interface/__init__.py'...
Listing '/home/leyla/Desktop/nexus_ws/install/ucb_interface/local/lib/python3.10/dist-packages/ucb_interface/msg'...
Compiling '/home/leyla/Desktop/nexus_ws/install/ucb_interface/local/lib/python3.10/dist-packages/ucb_interface/msg/__init__.py'...
Compiling '/home/leyla/Desktop/nexus_ws/install/ucb_interface/local/lib/python3.10/dist-packages/ucb_interface/msg/_actuador.py'...
Compiling '/home/leyla/Desktop/nexus_ws/install/ucb_interface/local/lib/python3.10/dist-packages/ucb_interface/msg/_motor.py'...
-- Installing: /home/leyla/Desktop/nexus_ws/install/ucb_interface/local/lib/python3.10/dist-packages/ucb_interface/ucb_interface_s__rosidl_typesupport_fastrtps_c.cpython-310-x86_64-linux-gnu.so
-- Set runtime path of "/home/leyla/Desktop/nexus_ws/install/ucb_interface/local/lib/python3.10/dist-packages/ucb_interface/ucb_interface_s__rosidl_typesupport_fastrtps_c.cpython-310-x86_64-linux-gnu.so" to ""
-- Installing: /home/leyla/Desktop/nexus_ws/install/ucb_interface/local/lib/python3.10/dist-packages/ucb_interface/ucb_interface_s__rosidl_typesupport_introspection_c.cpython-310-x86_64-linux-gnu.so
-- Set runtime path of "/home/leyla/Desktop/nexus_ws/install/ucb_interface/local/lib/python3.10/dist-packages/ucb_interface/ucb_interface_s__rosidl_typesupport_introspection_c.cpython-310-x86_64-linux-gnu.so" to ""
-- Installing: /home/leyla/Desktop/nexus_ws/install/ucb_interface/local/lib/python3.10/dist-packages/ucb_interface/ucb_interface_s__rosidl_typesupport_c.cpython-310-x86_64-linux-gnu.so
-- Set runtime path of "/home/leyla/Desktop/nexus_ws/install/ucb_interface/local/lib/python3.10/dist-packages/ucb_interface/ucb_interface_s__rosidl_typesupport_c.cpython-310-x86_64-linux-gnu.so" to ""
-- Installing: /home/leyla/Desktop/nexus_ws/install/ucb_interface/lib/libucb_interface__rosidl_generator_py.so
-- Set runtime path of "/home/leyla/Desktop/nexus_ws/install/ucb_interface/lib/libucb_interface__rosidl_generator_py.so" to ""
-- Installing: /home/leyla/Desktop/nexus_ws/install/ucb_interface/share/ucb_interface/msg/Motor.idl
-- Installing: /home/leyla/Desktop/nexus_ws/install/ucb_interface/share/ucb_interface/msg/Actuador.idl
-- Installing: /home/leyla/Desktop/nexus_ws/install/ucb_interface/share/ucb_interface/msg/Motor.msg
-- Installing: /home/leyla/Desktop/nexus_ws/install/ucb_interface/share/ucb_interface/msg/Actuador.msg
-- Installing: /home/leyla/Desktop/nexus_ws/install/ucb_interface/share/ament_index/resource_index/package_run_dependencies/ucb_interface
-- Installing: /home/leyla/Desktop/nexus_ws/install/ucb_interface/share/ament_index/resource_index/parent_prefix_path/ucb_interface
-- Installing: /home/leyla/Desktop/nexus_ws/install/ucb_interface/share/ucb_interface/environment/ament_prefix_path.sh
-- Installing: /home/leyla/Desktop/nexus_ws/install/ucb_interface/share/ucb_interface/environment/ament_prefix_path.dsv
-- Installing: /home/leyla/Desktop/nexus_ws/install/ucb_interface/share/ucb_interface/environment/path.sh
-- Installing: /home/leyla/Desktop/nexus_ws/install/ucb_interface/share/ucb_interface/environment/path.dsv
-- Installing: /home/leyla/Desktop/nexus_ws/install/ucb_interface/share/ucb_interface/local_setup.bash
-- Installing: /home/leyla/Desktop/nexus_ws/install/ucb_interface/share/ucb_interface/local_setup.sh
-- Installing: /home/leyla/Desktop/nexus_ws/install/ucb_interface/share/ucb_interface/local_setup.zsh
-- Installing: /home/leyla/Desktop/nexus_ws/install/ucb_interface/share/ucb_interface/local_setup.dsv
-- Installing: /home/leyla/Desktop/nexus_ws/install/ucb_interface/share/ucb_interface/package.dsv
-- Installing: /home/leyla/Desktop/nexus_ws/install/ucb_interface/share/ament_index/resource_index/packages/ucb_interface
-- Installing: /home/leyla/Desktop/nexus_ws/install/ucb_interface/share/ucb_interface/cmake/export_ucb_interface__rosidl_generator_cExport.cmake
-- Installing: /home/leyla/Desktop/nexus_ws/install/ucb_interface/share/ucb_interface/cmake/export_ucb_interface__rosidl_generator_cExport-noconfig.cmake
-- Installing: /home/leyla/Desktop/nexus_ws/install/ucb_interface/share/ucb_interface/cmake/export_ucb_interface__rosidl_typesupport_fastrtps_cExport.cmake
-- Installing: /home/leyla/Desktop/nexus_ws/install/ucb_interface/share/ucb_interface/cmake/export_ucb_interface__rosidl_typesupport_fastrtps_cExport-noconfig.cmake
-- Installing: /home/leyla/Desktop/nexus_ws/install/ucb_interface/share/ucb_interface/cmake/ucb_interface__rosidl_typesupport_introspection_cExport.cmake
-- Installing: /home/leyla/Desktop/nexus_ws/install/ucb_interface/share/ucb_interface/cmake/ucb_interface__rosidl_typesupport_introspection_cExport-noconfig.cmake
-- Installing: /home/leyla/Desktop/nexus_ws/install/ucb_interface/share/ucb_interface/cmake/ucb_interface__rosidl_typesupport_cExport.cmake
-- Installing: /home/leyla/Desktop/nexus_ws/install/ucb_interface/share/ucb_interface/cmake/ucb_interface__rosidl_typesupport_cExport-noconfig.cmake
-- Installing: /home/leyla/Desktop/nexus_ws/install/ucb_interface/share/ucb_interface/cmake/export_ucb_interface__rosidl_generator_cppExport.cmake
-- Installing: /home/leyla/Desktop/nexus_ws/install/ucb_interface/share/ucb_interface/cmake/export_ucb_interface__rosidl_typesupport_fastrtps_cppExport.cmake
-- Installing: /home/leyla/Desktop/nexus_ws/install/ucb_interface/share/ucb_interface/cmake/export_ucb_interface__rosidl_typesupport_fastrtps_cppExport-noconfig.cmake
-- Installing: /home/leyla/Desktop/nexus_ws/install/ucb_interface/share/ucb_interface/cmake/ucb_interface__rosidl_typesupport_introspection_cppExport.cmake
-- Installing: /home/leyla/Desktop/nexus_ws/install/ucb_interface/share/ucb_interface/cmake/ucb_interface__rosidl_typesupport_introspection_cppExport-noconfig.cmake
-- Installing: /home/leyla/Desktop/nexus_ws/install/ucb_interface/share/ucb_interface/cmake/ucb_interface__rosidl_typesupport_cppExport.cmake
-- Installing: /home/leyla/Desktop/nexus_ws/install/ucb_interface/share/ucb_interface/cmake/ucb_interface__rosidl_typesupport_cppExport-noconfig.cmake
-- Installing: /home/leyla/Desktop/nexus_ws/install/ucb_interface/share/ucb_interface/cmake/export_ucb_interface__rosidl_generator_pyExport.cmake
-- Installing: /home/leyla/Desktop/nexus_ws/install/ucb_interface/share/ucb_interface/cmake/export_ucb_interface__rosidl_generator_pyExport-noconfig.cmake
-- Installing: /home/leyla/Desktop/nexus_ws/install/ucb_interface/share/ucb_interface/cmake/rosidl_cmake-extras.cmake
-- Installing: /home/leyla/Desktop/nexus_ws/install/ucb_interface/share/ucb_interface/cmake/ament_cmake_export_dependencies-extras.cmake
-- Installing: /home/leyla/Desktop/nexus_ws/install/ucb_interface/share/ucb_interface/cmake/ament_cmake_export_include_directories-extras.cmake
-- Installing: /home/leyla/Desktop/nexus_ws/install/ucb_interface/share/ucb_interface/cmake/ament_cmake_export_libraries-extras.cmake
-- Installing: /home/leyla/Desktop/nexus_ws/install/ucb_interface/share/ucb_interface/cmake/ament_cmake_export_targets-extras.cmake
-- Installing: /home/leyla/Desktop/nexus_ws/install/ucb_interface/share/ucb_interface/cmake/rosidl_cmake_export_typesupport_targets-extras.cmake
-- Installing: /home/leyla/Desktop/nexus_ws/install/ucb_interface/share/ucb_interface/cmake/rosidl_cmake_export_typesupport_libraries-extras.cmake
-- Installing: /home/leyla/Desktop/nexus_ws/install/ucb_interface/share/ucb_interface/cmake/ucb_interfaceConfig.cmake
-- Installing: /home/leyla/Desktop/nexus_ws/install/ucb_interface/share/ucb_interface/cmake/ucb_interfaceConfig-version.cmake
-- Installing: /home/leyla/Desktop/nexus_ws/install/ucb_interface/share/ucb_interface/package.xml
