[0.013s] Invoking command in '/home/leyla/Desktop/nexus_ws/build/rosbridge_msgs': CMAKE_PREFIX_PATH=${CMAKE_PREFIX_PATH}:/home/leyla/Desktop/ver_ws/install/stage_ros2:/home/leyla/Desktop/ver_ws/install/robot_nav:/home/leyla/Desktop/ver_ws/install/navigation_tb3:/home/leyla/Desktop/ver_ws/install/cartographer_rviz:/home/leyla/Desktop/ver_ws/install/cartographer_ros:/home/leyla/Desktop/ver_ws/install/cartographer_ros_msgs:/home/leyla/Desktop/newvis_ws/install/panda_movet:/home/leyla/turtlebot3_ws/install/turtlebot3_teleop:/home/leyla/turtlebot3_ws/install/turtlebot3_example:/opt/ros/humble /usr/bin/cmake --build /home/leyla/Desktop/nexus_ws/build/rosbridge_msgs -- -j20 -l20
[0.065s] [  2%] Built target rosbridge_msgs__cpp
[0.068s] [ 12%] Built target rosbridge_msgs__rosidl_generator_c
[0.085s] [ 12%] Built target ament_cmake_python_copy_rosbridge_msgs
[0.095s] [ 23%] Built target rosbridge_msgs__rosidl_typesupport_fastrtps_c
[0.100s] [ 35%] Built target rosbridge_msgs__rosidl_typesupport_c
[0.100s] [ 43%] Built target rosbridge_msgs__rosidl_typesupport_fastrtps_cpp
[0.100s] [ 53%] Built target rosbridge_msgs__rosidl_typesupport_cpp
[0.102s] [ 64%] Built target rosbridge_msgs__rosidl_typesupport_introspection_cpp
[0.102s] [ 74%] Built target rosbridge_msgs__rosidl_typesupport_introspection_c
[0.118s] [ 74%] Built target rosbridge_msgs
[0.132s] [ 76%] Built target rosbridge_msgs__py
[0.147s] [ 84%] Built target rosbridge_msgs__rosidl_generator_py
[0.162s] [ 89%] Built target rosbridge_msgs__rosidl_typesupport_fastrtps_c__pyext
[0.163s] [ 94%] Built target rosbridge_msgs__rosidl_typesupport_introspection_c__pyext
[0.164s] [100%] Built target rosbridge_msgs__rosidl_typesupport_c__pyext
[0.250s] running egg_info
[0.250s] writing rosbridge_msgs.egg-info/PKG-INFO
[0.250s] writing dependency_links to rosbridge_msgs.egg-info/dependency_links.txt
[0.250s] writing top-level names to rosbridge_msgs.egg-info/top_level.txt
[0.251s] reading manifest file 'rosbridge_msgs.egg-info/SOURCES.txt'
[0.252s] writing manifest file 'rosbridge_msgs.egg-info/SOURCES.txt'
[0.269s] [100%] Built target ament_cmake_python_build_rosbridge_msgs_egg
[0.279s] Invoked command in '/home/leyla/Desktop/nexus_ws/build/rosbridge_msgs' returned '0': CMAKE_PREFIX_PATH=${CMAKE_PREFIX_PATH}:/home/leyla/Desktop/ver_ws/install/stage_ros2:/home/leyla/Desktop/ver_ws/install/robot_nav:/home/leyla/Desktop/ver_ws/install/navigation_tb3:/home/leyla/Desktop/ver_ws/install/cartographer_rviz:/home/leyla/Desktop/ver_ws/install/cartographer_ros:/home/leyla/Desktop/ver_ws/install/cartographer_ros_msgs:/home/leyla/Desktop/newvis_ws/install/panda_movet:/home/leyla/turtlebot3_ws/install/turtlebot3_teleop:/home/leyla/turtlebot3_ws/install/turtlebot3_example:/opt/ros/humble /usr/bin/cmake --build /home/leyla/Desktop/nexus_ws/build/rosbridge_msgs -- -j20 -l20
[0.285s] Invoking command in '/home/leyla/Desktop/nexus_ws/build/rosbridge_msgs': CMAKE_PREFIX_PATH=${CMAKE_PREFIX_PATH}:/home/leyla/Desktop/ver_ws/install/stage_ros2:/home/leyla/Desktop/ver_ws/install/robot_nav:/home/leyla/Desktop/ver_ws/install/navigation_tb3:/home/leyla/Desktop/ver_ws/install/cartographer_rviz:/home/leyla/Desktop/ver_ws/install/cartographer_ros:/home/leyla/Desktop/ver_ws/install/cartographer_ros_msgs:/home/leyla/Desktop/newvis_ws/install/panda_movet:/home/leyla/turtlebot3_ws/install/turtlebot3_teleop:/home/leyla/turtlebot3_ws/install/turtlebot3_example:/opt/ros/humble /usr/bin/cmake --install /home/leyla/Desktop/nexus_ws/build/rosbridge_msgs
[0.290s] -- Install configuration: ""
[0.290s] -- Up-to-date: /home/leyla/Desktop/nexus_ws/install/rosbridge_msgs/share/ament_index/resource_index/rosidl_interfaces/rosbridge_msgs
[0.290s] -- Up-to-date: /home/leyla/Desktop/nexus_ws/install/rosbridge_msgs/include/rosbridge_msgs/rosbridge_msgs
[0.290s] -- Up-to-date: /home/leyla/Desktop/nexus_ws/install/rosbridge_msgs/include/rosbridge_msgs/rosbridge_msgs/msg
[0.290s] -- Up-to-date: /home/leyla/Desktop/nexus_ws/install/rosbridge_msgs/include/rosbridge_msgs/rosbridge_msgs/msg/rosidl_generator_c__visibility_control.h
[0.290s] -- Up-to-date: /home/leyla/Desktop/nexus_ws/install/rosbridge_msgs/include/rosbridge_msgs/rosbridge_msgs/msg/detail
[0.290s] -- Up-to-date: /home/leyla/Desktop/nexus_ws/install/rosbridge_msgs/include/rosbridge_msgs/rosbridge_msgs/msg/detail/connected_client__functions.c
[0.290s] -- Up-to-date: /home/leyla/Desktop/nexus_ws/install/rosbridge_msgs/include/rosbridge_msgs/rosbridge_msgs/msg/detail/connected_clients__struct.h
[0.290s] -- Up-to-date: /home/leyla/Desktop/nexus_ws/install/rosbridge_msgs/include/rosbridge_msgs/rosbridge_msgs/msg/detail/connected_client__functions.h
[0.290s] -- Up-to-date: /home/leyla/Desktop/nexus_ws/install/rosbridge_msgs/include/rosbridge_msgs/rosbridge_msgs/msg/detail/connected_client__type_support.h
[0.290s] -- Up-to-date: /home/leyla/Desktop/nexus_ws/install/rosbridge_msgs/include/rosbridge_msgs/rosbridge_msgs/msg/detail/connected_clients__functions.c
[0.290s] -- Up-to-date: /home/leyla/Desktop/nexus_ws/install/rosbridge_msgs/include/rosbridge_msgs/rosbridge_msgs/msg/detail/connected_clients__functions.h
[0.290s] -- Up-to-date: /home/leyla/Desktop/nexus_ws/install/rosbridge_msgs/include/rosbridge_msgs/rosbridge_msgs/msg/detail/connected_clients__type_support.h
[0.290s] -- Up-to-date: /home/leyla/Desktop/nexus_ws/install/rosbridge_msgs/include/rosbridge_msgs/rosbridge_msgs/msg/detail/connected_client__struct.h
[0.290s] -- Up-to-date: /home/leyla/Desktop/nexus_ws/install/rosbridge_msgs/include/rosbridge_msgs/rosbridge_msgs/msg/connected_client.h
[0.290s] -- Up-to-date: /home/leyla/Desktop/nexus_ws/install/rosbridge_msgs/include/rosbridge_msgs/rosbridge_msgs/msg/connected_clients.h
[0.290s] -- Up-to-date: /home/leyla/Desktop/nexus_ws/install/rosbridge_msgs/share/rosbridge_msgs/environment/library_path.sh
[0.291s] -- Up-to-date: /home/leyla/Desktop/nexus_ws/install/rosbridge_msgs/share/rosbridge_msgs/environment/library_path.dsv
[0.291s] -- Up-to-date: /home/leyla/Desktop/nexus_ws/install/rosbridge_msgs/lib/librosbridge_msgs__rosidl_generator_c.so
[0.291s] -- Up-to-date: /home/leyla/Desktop/nexus_ws/install/rosbridge_msgs/include/rosbridge_msgs/rosbridge_msgs
[0.291s] -- Up-to-date: /home/leyla/Desktop/nexus_ws/install/rosbridge_msgs/include/rosbridge_msgs/rosbridge_msgs/msg
[0.291s] -- Up-to-date: /home/leyla/Desktop/nexus_ws/install/rosbridge_msgs/include/rosbridge_msgs/rosbridge_msgs/msg/detail
[0.291s] -- Up-to-date: /home/leyla/Desktop/nexus_ws/install/rosbridge_msgs/include/rosbridge_msgs/rosbridge_msgs/msg/detail/connected_clients__rosidl_typesupport_fastrtps_c.h
[0.291s] -- Up-to-date: /home/leyla/Desktop/nexus_ws/install/rosbridge_msgs/include/rosbridge_msgs/rosbridge_msgs/msg/detail/connected_client__rosidl_typesupport_fastrtps_c.h
[0.291s] -- Up-to-date: /home/leyla/Desktop/nexus_ws/install/rosbridge_msgs/include/rosbridge_msgs/rosbridge_msgs/msg/rosidl_typesupport_fastrtps_c__visibility_control.h
[0.291s] -- Up-to-date: /home/leyla/Desktop/nexus_ws/install/rosbridge_msgs/lib/librosbridge_msgs__rosidl_typesupport_fastrtps_c.so
[0.291s] -- Up-to-date: /home/leyla/Desktop/nexus_ws/install/rosbridge_msgs/include/rosbridge_msgs/rosbridge_msgs
[0.291s] -- Up-to-date: /home/leyla/Desktop/nexus_ws/install/rosbridge_msgs/include/rosbridge_msgs/rosbridge_msgs/msg
[0.291s] -- Up-to-date: /home/leyla/Desktop/nexus_ws/install/rosbridge_msgs/include/rosbridge_msgs/rosbridge_msgs/msg/rosidl_generator_cpp__visibility_control.hpp
[0.291s] -- Up-to-date: /home/leyla/Desktop/nexus_ws/install/rosbridge_msgs/include/rosbridge_msgs/rosbridge_msgs/msg/detail
[0.291s] -- Up-to-date: /home/leyla/Desktop/nexus_ws/install/rosbridge_msgs/include/rosbridge_msgs/rosbridge_msgs/msg/detail/connected_clients__builder.hpp
[0.291s] -- Up-to-date: /home/leyla/Desktop/nexus_ws/install/rosbridge_msgs/include/rosbridge_msgs/rosbridge_msgs/msg/detail/connected_clients__type_support.hpp
[0.291s] -- Up-to-date: /home/leyla/Desktop/nexus_ws/install/rosbridge_msgs/include/rosbridge_msgs/rosbridge_msgs/msg/detail/connected_client__type_support.hpp
[0.291s] -- Up-to-date: /home/leyla/Desktop/nexus_ws/install/rosbridge_msgs/include/rosbridge_msgs/rosbridge_msgs/msg/detail/connected_client__builder.hpp
[0.291s] -- Up-to-date: /home/leyla/Desktop/nexus_ws/install/rosbridge_msgs/include/rosbridge_msgs/rosbridge_msgs/msg/detail/connected_clients__struct.hpp
[0.291s] -- Up-to-date: /home/leyla/Desktop/nexus_ws/install/rosbridge_msgs/include/rosbridge_msgs/rosbridge_msgs/msg/detail/connected_client__struct.hpp
[0.291s] -- Up-to-date: /home/leyla/Desktop/nexus_ws/install/rosbridge_msgs/include/rosbridge_msgs/rosbridge_msgs/msg/detail/connected_clients__traits.hpp
[0.291s] -- Up-to-date: /home/leyla/Desktop/nexus_ws/install/rosbridge_msgs/include/rosbridge_msgs/rosbridge_msgs/msg/detail/connected_client__traits.hpp
[0.291s] -- Up-to-date: /home/leyla/Desktop/nexus_ws/install/rosbridge_msgs/include/rosbridge_msgs/rosbridge_msgs/msg/connected_client.hpp
[0.291s] -- Up-to-date: /home/leyla/Desktop/nexus_ws/install/rosbridge_msgs/include/rosbridge_msgs/rosbridge_msgs/msg/connected_clients.hpp
[0.291s] -- Up-to-date: /home/leyla/Desktop/nexus_ws/install/rosbridge_msgs/include/rosbridge_msgs/rosbridge_msgs
[0.291s] -- Up-to-date: /home/leyla/Desktop/nexus_ws/install/rosbridge_msgs/include/rosbridge_msgs/rosbridge_msgs/msg
[0.291s] -- Up-to-date: /home/leyla/Desktop/nexus_ws/install/rosbridge_msgs/include/rosbridge_msgs/rosbridge_msgs/msg/rosidl_typesupport_fastrtps_cpp__visibility_control.h
[0.291s] -- Up-to-date: /home/leyla/Desktop/nexus_ws/install/rosbridge_msgs/include/rosbridge_msgs/rosbridge_msgs/msg/detail
[0.291s] -- Up-to-date: /home/leyla/Desktop/nexus_ws/install/rosbridge_msgs/include/rosbridge_msgs/rosbridge_msgs/msg/detail/dds_fastrtps
[0.291s] -- Up-to-date: /home/leyla/Desktop/nexus_ws/install/rosbridge_msgs/include/rosbridge_msgs/rosbridge_msgs/msg/detail/connected_clients__rosidl_typesupport_fastrtps_cpp.hpp
[0.291s] -- Up-to-date: /home/leyla/Desktop/nexus_ws/install/rosbridge_msgs/include/rosbridge_msgs/rosbridge_msgs/msg/detail/connected_client__rosidl_typesupport_fastrtps_cpp.hpp
[0.291s] -- Up-to-date: /home/leyla/Desktop/nexus_ws/install/rosbridge_msgs/lib/librosbridge_msgs__rosidl_typesupport_fastrtps_cpp.so
[0.291s] -- Up-to-date: /home/leyla/Desktop/nexus_ws/install/rosbridge_msgs/include/rosbridge_msgs/rosbridge_msgs
[0.291s] -- Up-to-date: /home/leyla/Desktop/nexus_ws/install/rosbridge_msgs/include/rosbridge_msgs/rosbridge_msgs/msg
[0.291s] -- Up-to-date: /home/leyla/Desktop/nexus_ws/install/rosbridge_msgs/include/rosbridge_msgs/rosbridge_msgs/msg/detail
[0.292s] -- Up-to-date: /home/leyla/Desktop/nexus_ws/install/rosbridge_msgs/include/rosbridge_msgs/rosbridge_msgs/msg/detail/connected_clients__type_support.c
[0.292s] -- Up-to-date: /home/leyla/Desktop/nexus_ws/install/rosbridge_msgs/include/rosbridge_msgs/rosbridge_msgs/msg/detail/connected_clients__rosidl_typesupport_introspection_c.h
[0.292s] -- Up-to-date: /home/leyla/Desktop/nexus_ws/install/rosbridge_msgs/include/rosbridge_msgs/rosbridge_msgs/msg/detail/connected_client__type_support.c
[0.292s] -- Up-to-date: /home/leyla/Desktop/nexus_ws/install/rosbridge_msgs/include/rosbridge_msgs/rosbridge_msgs/msg/detail/connected_client__rosidl_typesupport_introspection_c.h
[0.292s] -- Up-to-date: /home/leyla/Desktop/nexus_ws/install/rosbridge_msgs/include/rosbridge_msgs/rosbridge_msgs/msg/rosidl_typesupport_introspection_c__visibility_control.h
[0.292s] -- Up-to-date: /home/leyla/Desktop/nexus_ws/install/rosbridge_msgs/lib/librosbridge_msgs__rosidl_typesupport_introspection_c.so
[0.292s] -- Up-to-date: /home/leyla/Desktop/nexus_ws/install/rosbridge_msgs/lib/librosbridge_msgs__rosidl_typesupport_c.so
[0.292s] -- Up-to-date: /home/leyla/Desktop/nexus_ws/install/rosbridge_msgs/include/rosbridge_msgs/rosbridge_msgs
[0.292s] -- Up-to-date: /home/leyla/Desktop/nexus_ws/install/rosbridge_msgs/include/rosbridge_msgs/rosbridge_msgs/msg
[0.292s] -- Up-to-date: /home/leyla/Desktop/nexus_ws/install/rosbridge_msgs/include/rosbridge_msgs/rosbridge_msgs/msg/detail
[0.292s] -- Up-to-date: /home/leyla/Desktop/nexus_ws/install/rosbridge_msgs/include/rosbridge_msgs/rosbridge_msgs/msg/detail/connected_clients__type_support.cpp
[0.292s] -- Up-to-date: /home/leyla/Desktop/nexus_ws/install/rosbridge_msgs/include/rosbridge_msgs/rosbridge_msgs/msg/detail/connected_client__rosidl_typesupport_introspection_cpp.hpp
[0.292s] -- Up-to-date: /home/leyla/Desktop/nexus_ws/install/rosbridge_msgs/include/rosbridge_msgs/rosbridge_msgs/msg/detail/connected_clients__rosidl_typesupport_introspection_cpp.hpp
[0.292s] -- Up-to-date: /home/leyla/Desktop/nexus_ws/install/rosbridge_msgs/include/rosbridge_msgs/rosbridge_msgs/msg/detail/connected_client__type_support.cpp
[0.292s] -- Up-to-date: /home/leyla/Desktop/nexus_ws/install/rosbridge_msgs/lib/librosbridge_msgs__rosidl_typesupport_introspection_cpp.so
[0.292s] -- Up-to-date: /home/leyla/Desktop/nexus_ws/install/rosbridge_msgs/lib/librosbridge_msgs__rosidl_typesupport_cpp.so
[0.292s] -- Up-to-date: /home/leyla/Desktop/nexus_ws/install/rosbridge_msgs/share/rosbridge_msgs/environment/pythonpath.sh
[0.292s] -- Up-to-date: /home/leyla/Desktop/nexus_ws/install/rosbridge_msgs/share/rosbridge_msgs/environment/pythonpath.dsv
[0.292s] -- Up-to-date: /home/leyla/Desktop/nexus_ws/install/rosbridge_msgs/local/lib/python3.10/dist-packages/rosbridge_msgs-2.0.1-py3.10.egg-info
[0.292s] -- Installing: /home/leyla/Desktop/nexus_ws/install/rosbridge_msgs/local/lib/python3.10/dist-packages/rosbridge_msgs-2.0.1-py3.10.egg-info/SOURCES.txt
[0.292s] -- Installing: /home/leyla/Desktop/nexus_ws/install/rosbridge_msgs/local/lib/python3.10/dist-packages/rosbridge_msgs-2.0.1-py3.10.egg-info/dependency_links.txt
[0.293s] -- Installing: /home/leyla/Desktop/nexus_ws/install/rosbridge_msgs/local/lib/python3.10/dist-packages/rosbridge_msgs-2.0.1-py3.10.egg-info/PKG-INFO
[0.293s] -- Installing: /home/leyla/Desktop/nexus_ws/install/rosbridge_msgs/local/lib/python3.10/dist-packages/rosbridge_msgs-2.0.1-py3.10.egg-info/top_level.txt
[0.293s] -- Up-to-date: /home/leyla/Desktop/nexus_ws/install/rosbridge_msgs/local/lib/python3.10/dist-packages/rosbridge_msgs
[0.293s] -- Up-to-date: /home/leyla/Desktop/nexus_ws/install/rosbridge_msgs/local/lib/python3.10/dist-packages/rosbridge_msgs/__init__.py
[0.293s] -- Up-to-date: /home/leyla/Desktop/nexus_ws/install/rosbridge_msgs/local/lib/python3.10/dist-packages/rosbridge_msgs/rosbridge_msgs_s__rosidl_typesupport_fastrtps_c.cpython-310-x86_64-linux-gnu.so
[0.293s] -- Up-to-date: /home/leyla/Desktop/nexus_ws/install/rosbridge_msgs/local/lib/python3.10/dist-packages/rosbridge_msgs/rosbridge_msgs_s__rosidl_typesupport_c.cpython-310-x86_64-linux-gnu.so
[0.293s] -- Up-to-date: /home/leyla/Desktop/nexus_ws/install/rosbridge_msgs/local/lib/python3.10/dist-packages/rosbridge_msgs/_rosbridge_msgs_s.ep.rosidl_typesupport_c.c
[0.293s] -- Up-to-date: /home/leyla/Desktop/nexus_ws/install/rosbridge_msgs/local/lib/python3.10/dist-packages/rosbridge_msgs/rosbridge_msgs_s__rosidl_typesupport_introspection_c.cpython-310-x86_64-linux-gnu.so
[0.293s] -- Up-to-date: /home/leyla/Desktop/nexus_ws/install/rosbridge_msgs/local/lib/python3.10/dist-packages/rosbridge_msgs/_rosbridge_msgs_s.ep.rosidl_typesupport_introspection_c.c
[0.293s] -- Up-to-date: /home/leyla/Desktop/nexus_ws/install/rosbridge_msgs/local/lib/python3.10/dist-packages/rosbridge_msgs/msg
[0.294s] -- Up-to-date: /home/leyla/Desktop/nexus_ws/install/rosbridge_msgs/local/lib/python3.10/dist-packages/rosbridge_msgs/msg/__init__.py
[0.294s] -- Up-to-date: /home/leyla/Desktop/nexus_ws/install/rosbridge_msgs/local/lib/python3.10/dist-packages/rosbridge_msgs/msg/_connected_client_s.c
[0.294s] -- Up-to-date: /home/leyla/Desktop/nexus_ws/install/rosbridge_msgs/local/lib/python3.10/dist-packages/rosbridge_msgs/msg/_connected_client.py
[0.294s] -- Up-to-date: /home/leyla/Desktop/nexus_ws/install/rosbridge_msgs/local/lib/python3.10/dist-packages/rosbridge_msgs/msg/_connected_clients_s.c
[0.294s] -- Up-to-date: /home/leyla/Desktop/nexus_ws/install/rosbridge_msgs/local/lib/python3.10/dist-packages/rosbridge_msgs/msg/_connected_clients.py
[0.294s] -- Up-to-date: /home/leyla/Desktop/nexus_ws/install/rosbridge_msgs/local/lib/python3.10/dist-packages/rosbridge_msgs/librosbridge_msgs__rosidl_generator_py.so
[0.294s] -- Up-to-date: /home/leyla/Desktop/nexus_ws/install/rosbridge_msgs/local/lib/python3.10/dist-packages/rosbridge_msgs/_rosbridge_msgs_s.ep.rosidl_typesupport_fastrtps_c.c
[0.351s] Listing '/home/leyla/Desktop/nexus_ws/install/rosbridge_msgs/local/lib/python3.10/dist-packages/rosbridge_msgs'...
[0.351s] Listing '/home/leyla/Desktop/nexus_ws/install/rosbridge_msgs/local/lib/python3.10/dist-packages/rosbridge_msgs/msg'...
[0.351s] -- Up-to-date: /home/leyla/Desktop/nexus_ws/install/rosbridge_msgs/local/lib/python3.10/dist-packages/rosbridge_msgs/rosbridge_msgs_s__rosidl_typesupport_fastrtps_c.cpython-310-x86_64-linux-gnu.so
[0.351s] -- Up-to-date: /home/leyla/Desktop/nexus_ws/install/rosbridge_msgs/local/lib/python3.10/dist-packages/rosbridge_msgs/rosbridge_msgs_s__rosidl_typesupport_introspection_c.cpython-310-x86_64-linux-gnu.so
[0.351s] -- Up-to-date: /home/leyla/Desktop/nexus_ws/install/rosbridge_msgs/local/lib/python3.10/dist-packages/rosbridge_msgs/rosbridge_msgs_s__rosidl_typesupport_c.cpython-310-x86_64-linux-gnu.so
[0.351s] -- Up-to-date: /home/leyla/Desktop/nexus_ws/install/rosbridge_msgs/lib/librosbridge_msgs__rosidl_generator_py.so
[0.351s] -- Up-to-date: /home/leyla/Desktop/nexus_ws/install/rosbridge_msgs/share/rosbridge_msgs/msg/ConnectedClient.idl
[0.351s] -- Up-to-date: /home/leyla/Desktop/nexus_ws/install/rosbridge_msgs/share/rosbridge_msgs/msg/ConnectedClients.idl
[0.351s] -- Up-to-date: /home/leyla/Desktop/nexus_ws/install/rosbridge_msgs/share/rosbridge_msgs/msg/ConnectedClient.msg
[0.352s] -- Up-to-date: /home/leyla/Desktop/nexus_ws/install/rosbridge_msgs/share/rosbridge_msgs/msg/ConnectedClients.msg
[0.352s] -- Up-to-date: /home/leyla/Desktop/nexus_ws/install/rosbridge_msgs/share/ament_index/resource_index/package_run_dependencies/rosbridge_msgs
[0.352s] -- Up-to-date: /home/leyla/Desktop/nexus_ws/install/rosbridge_msgs/share/ament_index/resource_index/parent_prefix_path/rosbridge_msgs
[0.352s] -- Up-to-date: /home/leyla/Desktop/nexus_ws/install/rosbridge_msgs/share/rosbridge_msgs/environment/ament_prefix_path.sh
[0.352s] -- Up-to-date: /home/leyla/Desktop/nexus_ws/install/rosbridge_msgs/share/rosbridge_msgs/environment/ament_prefix_path.dsv
[0.352s] -- Up-to-date: /home/leyla/Desktop/nexus_ws/install/rosbridge_msgs/share/rosbridge_msgs/environment/path.sh
[0.352s] -- Up-to-date: /home/leyla/Desktop/nexus_ws/install/rosbridge_msgs/share/rosbridge_msgs/environment/path.dsv
[0.352s] -- Up-to-date: /home/leyla/Desktop/nexus_ws/install/rosbridge_msgs/share/rosbridge_msgs/local_setup.bash
[0.352s] -- Up-to-date: /home/leyla/Desktop/nexus_ws/install/rosbridge_msgs/share/rosbridge_msgs/local_setup.sh
[0.352s] -- Up-to-date: /home/leyla/Desktop/nexus_ws/install/rosbridge_msgs/share/rosbridge_msgs/local_setup.zsh
[0.352s] -- Up-to-date: /home/leyla/Desktop/nexus_ws/install/rosbridge_msgs/share/rosbridge_msgs/local_setup.dsv
[0.352s] -- Installing: /home/leyla/Desktop/nexus_ws/install/rosbridge_msgs/share/rosbridge_msgs/package.dsv
[0.352s] -- Up-to-date: /home/leyla/Desktop/nexus_ws/install/rosbridge_msgs/share/ament_index/resource_index/packages/rosbridge_msgs
[0.352s] -- Up-to-date: /home/leyla/Desktop/nexus_ws/install/rosbridge_msgs/share/rosbridge_msgs/cmake/export_rosbridge_msgs__rosidl_generator_cExport.cmake
[0.352s] -- Up-to-date: /home/leyla/Desktop/nexus_ws/install/rosbridge_msgs/share/rosbridge_msgs/cmake/export_rosbridge_msgs__rosidl_generator_cExport-noconfig.cmake
[0.352s] -- Up-to-date: /home/leyla/Desktop/nexus_ws/install/rosbridge_msgs/share/rosbridge_msgs/cmake/export_rosbridge_msgs__rosidl_typesupport_fastrtps_cExport.cmake
[0.352s] -- Up-to-date: /home/leyla/Desktop/nexus_ws/install/rosbridge_msgs/share/rosbridge_msgs/cmake/export_rosbridge_msgs__rosidl_typesupport_fastrtps_cExport-noconfig.cmake
[0.352s] -- Up-to-date: /home/leyla/Desktop/nexus_ws/install/rosbridge_msgs/share/rosbridge_msgs/cmake/export_rosbridge_msgs__rosidl_generator_cppExport.cmake
[0.352s] -- Up-to-date: /home/leyla/Desktop/nexus_ws/install/rosbridge_msgs/share/rosbridge_msgs/cmake/export_rosbridge_msgs__rosidl_typesupport_fastrtps_cppExport.cmake
[0.352s] -- Up-to-date: /home/leyla/Desktop/nexus_ws/install/rosbridge_msgs/share/rosbridge_msgs/cmake/export_rosbridge_msgs__rosidl_typesupport_fastrtps_cppExport-noconfig.cmake
[0.352s] -- Up-to-date: /home/leyla/Desktop/nexus_ws/install/rosbridge_msgs/share/rosbridge_msgs/cmake/rosbridge_msgs__rosidl_typesupport_introspection_cExport.cmake
[0.352s] -- Up-to-date: /home/leyla/Desktop/nexus_ws/install/rosbridge_msgs/share/rosbridge_msgs/cmake/rosbridge_msgs__rosidl_typesupport_introspection_cExport-noconfig.cmake
[0.352s] -- Up-to-date: /home/leyla/Desktop/nexus_ws/install/rosbridge_msgs/share/rosbridge_msgs/cmake/rosbridge_msgs__rosidl_typesupport_cExport.cmake
[0.352s] -- Up-to-date: /home/leyla/Desktop/nexus_ws/install/rosbridge_msgs/share/rosbridge_msgs/cmake/rosbridge_msgs__rosidl_typesupport_cExport-noconfig.cmake
[0.352s] -- Up-to-date: /home/leyla/Desktop/nexus_ws/install/rosbridge_msgs/share/rosbridge_msgs/cmake/rosbridge_msgs__rosidl_typesupport_introspection_cppExport.cmake
[0.352s] -- Up-to-date: /home/leyla/Desktop/nexus_ws/install/rosbridge_msgs/share/rosbridge_msgs/cmake/rosbridge_msgs__rosidl_typesupport_introspection_cppExport-noconfig.cmake
[0.352s] -- Up-to-date: /home/leyla/Desktop/nexus_ws/install/rosbridge_msgs/share/rosbridge_msgs/cmake/rosbridge_msgs__rosidl_typesupport_cppExport.cmake
[0.352s] -- Up-to-date: /home/leyla/Desktop/nexus_ws/install/rosbridge_msgs/share/rosbridge_msgs/cmake/rosbridge_msgs__rosidl_typesupport_cppExport-noconfig.cmake
[0.352s] -- Up-to-date: /home/leyla/Desktop/nexus_ws/install/rosbridge_msgs/share/rosbridge_msgs/cmake/export_rosbridge_msgs__rosidl_generator_pyExport.cmake
[0.352s] -- Up-to-date: /home/leyla/Desktop/nexus_ws/install/rosbridge_msgs/share/rosbridge_msgs/cmake/export_rosbridge_msgs__rosidl_generator_pyExport-noconfig.cmake
[0.352s] -- Up-to-date: /home/leyla/Desktop/nexus_ws/install/rosbridge_msgs/share/rosbridge_msgs/cmake/rosidl_cmake-extras.cmake
[0.352s] -- Up-to-date: /home/leyla/Desktop/nexus_ws/install/rosbridge_msgs/share/rosbridge_msgs/cmake/ament_cmake_export_dependencies-extras.cmake
[0.352s] -- Up-to-date: /home/leyla/Desktop/nexus_ws/install/rosbridge_msgs/share/rosbridge_msgs/cmake/ament_cmake_export_include_directories-extras.cmake
[0.352s] -- Up-to-date: /home/leyla/Desktop/nexus_ws/install/rosbridge_msgs/share/rosbridge_msgs/cmake/ament_cmake_export_libraries-extras.cmake
[0.353s] -- Up-to-date: /home/leyla/Desktop/nexus_ws/install/rosbridge_msgs/share/rosbridge_msgs/cmake/ament_cmake_export_targets-extras.cmake
[0.353s] -- Up-to-date: /home/leyla/Desktop/nexus_ws/install/rosbridge_msgs/share/rosbridge_msgs/cmake/rosidl_cmake_export_typesupport_targets-extras.cmake
[0.353s] -- Up-to-date: /home/leyla/Desktop/nexus_ws/install/rosbridge_msgs/share/rosbridge_msgs/cmake/rosidl_cmake_export_typesupport_libraries-extras.cmake
[0.353s] -- Up-to-date: /home/leyla/Desktop/nexus_ws/install/rosbridge_msgs/share/rosbridge_msgs/cmake/rosbridge_msgsConfig.cmake
[0.353s] -- Up-to-date: /home/leyla/Desktop/nexus_ws/install/rosbridge_msgs/share/rosbridge_msgs/cmake/rosbridge_msgsConfig-version.cmake
[0.353s] -- Up-to-date: /home/leyla/Desktop/nexus_ws/install/rosbridge_msgs/share/rosbridge_msgs/package.xml
[0.353s] Invoked command in '/home/leyla/Desktop/nexus_ws/build/rosbridge_msgs' returned '0': CMAKE_PREFIX_PATH=${CMAKE_PREFIX_PATH}:/home/leyla/Desktop/ver_ws/install/stage_ros2:/home/leyla/Desktop/ver_ws/install/robot_nav:/home/leyla/Desktop/ver_ws/install/navigation_tb3:/home/leyla/Desktop/ver_ws/install/cartographer_rviz:/home/leyla/Desktop/ver_ws/install/cartographer_ros:/home/leyla/Desktop/ver_ws/install/cartographer_ros_msgs:/home/leyla/Desktop/newvis_ws/install/panda_movet:/home/leyla/turtlebot3_ws/install/turtlebot3_teleop:/home/leyla/turtlebot3_ws/install/turtlebot3_example:/opt/ros/humble /usr/bin/cmake --install /home/leyla/Desktop/nexus_ws/build/rosbridge_msgs
